{
  "stats": {
    "suites": 1,
    "tests": 19,
    "passes": 19,
    "pending": 0,
    "failures": 0,
    "start": "2026-01-13T18:31:23.628Z",
    "end": "2026-01-13T18:31:54.573Z",
    "duration": 30945,
    "testsRegistered": 19,
    "passPercent": 100,
    "pendingPercent": 0,
    "other": 0,
    "hasOther": false,
    "skipped": 0,
    "hasSkipped": false
  },
  "results": [
    {
      "uuid": "54b5c3ff-0f37-4428-9216-b6ef5f02c0b7",
      "title": "",
      "fullFile": "cypress\\e2e\\cart.cy.js",
      "file": "cypress\\e2e\\cart.cy.js",
      "beforeHooks": [],
      "afterHooks": [],
      "tests": [],
      "suites": [
        {
          "uuid": "cdb68669-0987-4721-b194-fb2f799177d3",
          "title": "Cart Page Tests",
          "fullFile": "",
          "file": "",
          "beforeHooks": [],
          "afterHooks": [],
          "tests": [
            {
              "title": "Verify Page Title on Cart Page",
              "fullTitle": "Cart Page Tests Verify Page Title on Cart Page",
              "timedOut": null,
              "duration": 3781,
              "state": "passed",
              "speed": "fast",
              "pass": true,
              "fail": false,
              "pending": false,
              "context": null,
              "code": "cy.getByTest('shopping-cart-link').click();\ncy.url().should('include', 'cart.html');\ncartP.getCartPageTitle().should('have.text', 'Your Cart');",
              "err": {},
              "uuid": "81158132-f7c9-4013-8113-38796669e6d1",
              "parentUUID": "cdb68669-0987-4721-b194-fb2f799177d3",
              "isHook": false,
              "skipped": false
            },
            {
              "title": "Verify Cart is Empty when no items added",
              "fullTitle": "Cart Page Tests Verify Cart is Empty when no items added",
              "timedOut": null,
              "duration": 1446,
              "state": "passed",
              "speed": "fast",
              "pass": true,
              "fail": false,
              "pending": false,
              "context": null,
              "code": "cy.getByTest('shopping-cart-link').click();\ncy.get('.cart_item').should('have.length', 0);",
              "err": {},
              "uuid": "5e1475c2-6ae1-4c87-8574-cb66fe740e83",
              "parentUUID": "cdb68669-0987-4721-b194-fb2f799177d3",
              "isHook": false,
              "skipped": false
            },
            {
              "title": "Verify Items in Cart after adding from Inventory",
              "fullTitle": "Cart Page Tests Verify Items in Cart after adding from Inventory",
              "timedOut": null,
              "duration": 1328,
              "state": "passed",
              "speed": "fast",
              "pass": true,
              "fail": false,
              "pending": false,
              "context": null,
              "code": "inventoryP.getFirstItemBtn().click();\ninventoryP.cartLink().click();\ncy.get('.cart_item').each($el => {\n  cy.wrap($el).find('.cart_quantity').should('have.text', '1');\n});",
              "err": {},
              "uuid": "891475aa-6d31-4a07-a2ac-6c120875dde5",
              "parentUUID": "cdb68669-0987-4721-b194-fb2f799177d3",
              "isHook": false,
              "skipped": false
            },
            {
              "title": "Verify Cart Badge Count after adding items",
              "fullTitle": "Cart Page Tests Verify Cart Badge Count after adding items",
              "timedOut": null,
              "duration": 1139,
              "state": "passed",
              "speed": "fast",
              "pass": true,
              "fail": false,
              "pending": false,
              "context": null,
              "code": "inventoryP.getFirstItemBtn().click();\ninventoryP.cartBadge().should('have.text', '1');",
              "err": {},
              "uuid": "a9e5007c-05af-40c2-b0f6-196480156a2a",
              "parentUUID": "cdb68669-0987-4721-b194-fb2f799177d3",
              "isHook": false,
              "skipped": false
            },
            {
              "title": "Verify Removing Item from Cart",
              "fullTitle": "Cart Page Tests Verify Removing Item from Cart",
              "timedOut": null,
              "duration": 1636,
              "state": "passed",
              "speed": "fast",
              "pass": true,
              "fail": false,
              "pending": false,
              "context": null,
              "code": "inventoryP.getFirstItemBtn().click();\ninventoryP.cartLink().click();\ncy.url().should('include', 'cart.html');\ncartP.cartRemoveButton().click();\ninventoryP.cartBadge().should('not.exist');",
              "err": {},
              "uuid": "8584a940-5a99-408e-9d56-4e278df38262",
              "parentUUID": "cdb68669-0987-4721-b194-fb2f799177d3",
              "isHook": false,
              "skipped": false
            },
            {
              "title": "Verify Continue Shopping Button on Cart Page",
              "fullTitle": "Cart Page Tests Verify Continue Shopping Button on Cart Page",
              "timedOut": null,
              "duration": 1368,
              "state": "passed",
              "speed": "fast",
              "pass": true,
              "fail": false,
              "pending": false,
              "context": null,
              "code": "inventoryP.getFirstItemBtn().click();\ninventoryP.cartLink().click();\ncy.getByTest('continue-shopping').click();\ncy.url().should('include', 'inventory.html');",
              "err": {},
              "uuid": "3f5177d9-25cb-4b4d-967b-05c0d420fba8",
              "parentUUID": "cdb68669-0987-4721-b194-fb2f799177d3",
              "isHook": false,
              "skipped": false
            },
            {
              "title": "Verify Checkout Button on Cart Page",
              "fullTitle": "Cart Page Tests Verify Checkout Button on Cart Page",
              "timedOut": null,
              "duration": 1229,
              "state": "passed",
              "speed": "fast",
              "pass": true,
              "fail": false,
              "pending": false,
              "context": null,
              "code": "inventoryP.getFirstItemBtn().click();\ninventoryP.cartLink().click();\ncy.getByTest('checkout').should('exist').and('have.text', 'Checkout');",
              "err": {},
              "uuid": "a1d80f76-90ce-4739-99b7-97473d1a9c66",
              "parentUUID": "cdb68669-0987-4721-b194-fb2f799177d3",
              "isHook": false,
              "skipped": false
            },
            {
              "title": "Verify Adding Multiple Items to Cart and their Count",
              "fullTitle": "Cart Page Tests Verify Adding Multiple Items to Cart and their Count",
              "timedOut": null,
              "duration": 1256,
              "state": "passed",
              "speed": "fast",
              "pass": true,
              "fail": false,
              "pending": false,
              "context": null,
              "code": "cartP.getInventoryBtn().each(($el, index) => {\n  if (index < 3) {\n    cy.wrap($el).click();\n  }\n});\ninventoryP.cartBadge().should('have.text', '3');",
              "err": {},
              "uuid": "17577963-9e99-4321-8042-7ffe501fc6db",
              "parentUUID": "cdb68669-0987-4721-b194-fb2f799177d3",
              "isHook": false,
              "skipped": false
            },
            {
              "title": "Verify Removing Multiple Items from Cart and their Count",
              "fullTitle": "Cart Page Tests Verify Removing Multiple Items from Cart and their Count",
              "timedOut": null,
              "duration": 1617,
              "state": "passed",
              "speed": "fast",
              "pass": true,
              "fail": false,
              "pending": false,
              "context": null,
              "code": "cartP.getInventoryBtn().each(($el, index) => {\n  if (index < 3) {\n    cy.wrap($el).click();\n  }\n});\ninventoryP.cartBadge().should('have.text', '3');\ncartP.getInventoryBtn().each(($el, index) => {\n  if (index < 3) {\n    cy.wrap($el).click();\n  }\n});\ninventoryP.cartBadge().should('not.exist');",
              "err": {},
              "uuid": "1adc8785-07cd-48df-9304-8bd247a22800",
              "parentUUID": "cdb68669-0987-4721-b194-fb2f799177d3",
              "isHook": false,
              "skipped": false
            },
            {
              "title": "Verify Cart Page after Logout and Login again",
              "fullTitle": "Cart Page Tests Verify Cart Page after Logout and Login again",
              "timedOut": null,
              "duration": 2740,
              "state": "passed",
              "speed": "fast",
              "pass": true,
              "fail": false,
              "pending": false,
              "context": null,
              "code": "inventoryP.getFirstItemBtn().click();\ninventoryP.cartLink().click();\ncy.url().should('include', 'cart.html');\nloginP.logout();\nloginP.SouceLogin('standard_user', 'secret_sauce');\ninventoryP.cartLink().click();\ncy.get('.cart_item').should('have.length', 1);",
              "err": {},
              "uuid": "63becb15-da0a-4586-8d6e-79a17b011e1c",
              "parentUUID": "cdb68669-0987-4721-b194-fb2f799177d3",
              "isHook": false,
              "skipped": false
            },
            {
              "title": "Verify Cart Page UI Elements",
              "fullTitle": "Cart Page Tests Verify Cart Page UI Elements",
              "timedOut": null,
              "duration": 1279,
              "state": "passed",
              "speed": "fast",
              "pass": true,
              "fail": false,
              "pending": false,
              "context": null,
              "code": "inventoryP.getFirstItemBtn().click();\ninventoryP.cartLink().click();\ncy.get('.cart_item').should('exist');\ncartP.getCartPageTitle().should('exist');\ncy.getByTest('continue-shopping').should('exist');\ncy.getByTest('checkout').should('exist');",
              "err": {},
              "uuid": "05d73d62-1673-4c39-9427-8a4865f529d4",
              "parentUUID": "cdb68669-0987-4721-b194-fb2f799177d3",
              "isHook": false,
              "skipped": false
            },
            {
              "title": "Verify Adding and Removing Item updates Cart Badge correctly",
              "fullTitle": "Cart Page Tests Verify Adding and Removing Item updates Cart Badge correctly",
              "timedOut": null,
              "duration": 1215,
              "state": "passed",
              "speed": "fast",
              "pass": true,
              "fail": false,
              "pending": false,
              "context": null,
              "code": "inventoryP.getFirstItemBtn().click();\ninventoryP.cartBadge().should('have.text', '1');\ninventoryP.getFirstItemBtn().click();\ninventoryP.cartBadge().should('not.exist');",
              "err": {},
              "uuid": "069d6fca-9152-4455-96c4-edc7681826c5",
              "parentUUID": "cdb68669-0987-4721-b194-fb2f799177d3",
              "isHook": false,
              "skipped": false
            },
            {
              "title": "Verify Cart Page is Accessible from Inventory after Adding Item",
              "fullTitle": "Cart Page Tests Verify Cart Page is Accessible from Inventory after Adding Item",
              "timedOut": null,
              "duration": 1335,
              "state": "passed",
              "speed": "fast",
              "pass": true,
              "fail": false,
              "pending": false,
              "context": null,
              "code": "inventoryP.getFirstItemBtn().click();\ninventoryP.cartLink().click();\ncy.url().should('include', 'cart.html');\ncartP.getCartPageTitle().should('have.text', 'Your Cart');",
              "err": {},
              "uuid": "c5b4ad39-dfd3-4b6a-9ad1-21d72d88cc39",
              "parentUUID": "cdb68669-0987-4721-b194-fb2f799177d3",
              "isHook": false,
              "skipped": false
            },
            {
              "title": "Verify Cart Page is Accessible from Inventory without Adding Item",
              "fullTitle": "Cart Page Tests Verify Cart Page is Accessible from Inventory without Adding Item",
              "timedOut": null,
              "duration": 1150,
              "state": "passed",
              "speed": "fast",
              "pass": true,
              "fail": false,
              "pending": false,
              "context": null,
              "code": "inventoryP.cartLink().click();\ncy.url().should('include', 'cart.html');\ncartP.getCartPageTitle().should('have.text', 'Your Cart');",
              "err": {},
              "uuid": "780815ee-87e5-415a-96f7-e1fe971353b3",
              "parentUUID": "cdb68669-0987-4721-b194-fb2f799177d3",
              "isHook": false,
              "skipped": false
            },
            {
              "title": "Verify Removing Item from Cart updates Inventory Button Text",
              "fullTitle": "Cart Page Tests Verify Removing Item from Cart updates Inventory Button Text",
              "timedOut": null,
              "duration": 1366,
              "state": "passed",
              "speed": "fast",
              "pass": true,
              "fail": false,
              "pending": false,
              "context": null,
              "code": "inventoryP.getFirstItemBtn().click();\ninventoryP.cartLink().click();\ncy.url().should('include', 'cart.html');\ncartP.cartRemoveButton().click();\ncy.go('back');\ninventoryP.getFirstItemBtn().should('have.text', 'Add to cart');",
              "err": {},
              "uuid": "1d0f64cd-88df-4b50-804f-ac3264d53bac",
              "parentUUID": "cdb68669-0987-4721-b194-fb2f799177d3",
              "isHook": false,
              "skipped": false
            },
            {
              "title": "Verify Cart Page Retains Items after Page Refresh",
              "fullTitle": "Cart Page Tests Verify Cart Page Retains Items after Page Refresh",
              "timedOut": null,
              "duration": 1430,
              "state": "passed",
              "speed": "fast",
              "pass": true,
              "fail": false,
              "pending": false,
              "context": null,
              "code": "inventoryP.getFirstItemBtn().click();\ninventoryP.cartLink().click();\ncy.url().should('include', 'cart.html');\ncy.reload();\ncy.get('.cart_item').should('have.length', 1);",
              "err": {},
              "uuid": "8cd0132a-fe0c-4ad6-8484-b3e4bbe6e036",
              "parentUUID": "cdb68669-0987-4721-b194-fb2f799177d3",
              "isHook": false,
              "skipped": false
            },
            {
              "title": "Verify Checkout Process Initiation from Cart Page",
              "fullTitle": "Cart Page Tests Verify Checkout Process Initiation from Cart Page",
              "timedOut": null,
              "duration": 1412,
              "state": "passed",
              "speed": "fast",
              "pass": true,
              "fail": false,
              "pending": false,
              "context": null,
              "code": "inventoryP.getFirstItemBtn().click();\ninventoryP.cartLink().click();\ncy.url().should('include', 'cart.html');\ncy.getByTest('checkout').click();\ncy.url().should('include', 'checkout-step-one.html');",
              "err": {},
              "uuid": "e6bcfd9f-d839-4821-a28c-f4860c069de6",
              "parentUUID": "cdb68669-0987-4721-b194-fb2f799177d3",
              "isHook": false,
              "skipped": false
            },
            {
              "title": "Verify Cart Page Responsiveness on Different Viewports",
              "fullTitle": "Cart Page Tests Verify Cart Page Responsiveness on Different Viewports",
              "timedOut": null,
              "duration": 2168,
              "state": "passed",
              "speed": "fast",
              "pass": true,
              "fail": false,
              "pending": false,
              "context": null,
              "code": "const viewports = ['iphone-6', 'ipad-2', 'macbook-15'];\nviewports.forEach(viewport => {\n  cy.viewport(viewport);\n  inventoryP.getFirstItemBtn().click();\n  inventoryP.cartLink().click();\n  cy.url().should('include', 'cart.html');\n  cartP.getCartPageTitle().should('have.text', 'Your Cart');\n  cy.go('back');\n  inventoryP.getFirstItemBtn().click(); // Remove item for next iteration\n});",
              "err": {},
              "uuid": "4e8df72c-eba1-43f4-a81c-6bca70afc965",
              "parentUUID": "cdb68669-0987-4721-b194-fb2f799177d3",
              "isHook": false,
              "skipped": false
            },
            {
              "title": "Verify Cart Page Does Not Allow Negative Item Count",
              "fullTitle": "Cart Page Tests Verify Cart Page Does Not Allow Negative Item Count",
              "timedOut": null,
              "duration": 1341,
              "state": "passed",
              "speed": "fast",
              "pass": true,
              "fail": false,
              "pending": false,
              "context": null,
              "code": "inventoryP.getFirstItemBtn().click();\ninventoryP.cartLink().click();\ncy.url().should('include', 'cart.html');\ncartP.cartRemoveButton().click();\ninventoryP.cartBadge().should('not.exist');",
              "err": {},
              "uuid": "cbc22b8a-cb00-47a9-b212-08565119f5a3",
              "parentUUID": "cdb68669-0987-4721-b194-fb2f799177d3",
              "isHook": false,
              "skipped": false
            }
          ],
          "suites": [],
          "passes": [
            "81158132-f7c9-4013-8113-38796669e6d1",
            "5e1475c2-6ae1-4c87-8574-cb66fe740e83",
            "891475aa-6d31-4a07-a2ac-6c120875dde5",
            "a9e5007c-05af-40c2-b0f6-196480156a2a",
            "8584a940-5a99-408e-9d56-4e278df38262",
            "3f5177d9-25cb-4b4d-967b-05c0d420fba8",
            "a1d80f76-90ce-4739-99b7-97473d1a9c66",
            "17577963-9e99-4321-8042-7ffe501fc6db",
            "1adc8785-07cd-48df-9304-8bd247a22800",
            "63becb15-da0a-4586-8d6e-79a17b011e1c",
            "05d73d62-1673-4c39-9427-8a4865f529d4",
            "069d6fca-9152-4455-96c4-edc7681826c5",
            "c5b4ad39-dfd3-4b6a-9ad1-21d72d88cc39",
            "780815ee-87e5-415a-96f7-e1fe971353b3",
            "1d0f64cd-88df-4b50-804f-ac3264d53bac",
            "8cd0132a-fe0c-4ad6-8484-b3e4bbe6e036",
            "e6bcfd9f-d839-4821-a28c-f4860c069de6",
            "4e8df72c-eba1-43f4-a81c-6bca70afc965",
            "cbc22b8a-cb00-47a9-b212-08565119f5a3"
          ],
          "failures": [],
          "pending": [],
          "skipped": [],
          "duration": 30236,
          "root": false,
          "rootEmpty": false,
          "_timeout": 2000
        }
      ],
      "passes": [],
      "failures": [],
      "pending": [],
      "skipped": [],
      "duration": 0,
      "root": true,
      "rootEmpty": true,
      "_timeout": 2000
    }
  ],
  "meta": {
    "mocha": {
      "version": "7.2.0"
    },
    "mochawesome": {
      "options": {
        "quiet": false,
        "reportFilename": "mochawesome",
        "saveHtml": true,
        "saveJson": true,
        "consoleReporter": "spec",
        "useInlineDiffs": false,
        "code": true
      },
      "version": "7.1.4"
    },
    "marge": {
      "options": {
        "reportDir": "cypress/reports/mochawesome",
        "overwrite": false,
        "html": true,
        "json": true
      },
      "version": "6.3.2"
    }
  }
}