{
  "stats": {
    "suites": 1,
    "tests": 8,
    "passes": 8,
    "pending": 0,
    "failures": 0,
    "start": "2025-12-28T15:43:00.093Z",
    "end": "2025-12-28T15:43:32.853Z",
    "duration": 32760,
    "testsRegistered": 8,
    "passPercent": 100,
    "pendingPercent": 0,
    "other": 0,
    "hasOther": false,
    "skipped": 0,
    "hasSkipped": false
  },
  "results": [
    {
      "uuid": "d377891f-b639-487e-a26f-8328116251ac",
      "title": "",
      "fullFile": "cypress\\e2e\\checkout.cy.js",
      "file": "cypress\\e2e\\checkout.cy.js",
      "beforeHooks": [],
      "afterHooks": [],
      "tests": [],
      "suites": [
        {
          "uuid": "faf1af99-c4d1-4748-b09f-0ba70d99b2b1",
          "title": "Checkout Page Tests",
          "fullFile": "",
          "file": "",
          "beforeHooks": [],
          "afterHooks": [],
          "tests": [
            {
              "title": "Verify Checkout Button Visibility",
              "fullTitle": "Checkout Page Tests Verify Checkout Button Visibility",
              "timedOut": null,
              "duration": 4309,
              "state": "passed",
              "speed": "fast",
              "pass": true,
              "fail": false,
              "pending": false,
              "context": null,
              "code": "inventoryP.getFirstItemBtn().click();\ninventoryP.cartLink().click();\ncheckoutP.checkOutBtn().should('be.visible');",
              "err": {},
              "uuid": "06f99fba-358b-4fa5-8a26-789fbd7a0624",
              "parentUUID": "faf1af99-c4d1-4748-b09f-0ba70d99b2b1",
              "isHook": false,
              "skipped": false
            },
            {
              "title": "Verify Checkout Button Enabled",
              "fullTitle": "Checkout Page Tests Verify Checkout Button Enabled",
              "timedOut": null,
              "duration": 1538,
              "state": "passed",
              "speed": "fast",
              "pass": true,
              "fail": false,
              "pending": false,
              "context": null,
              "code": "inventoryP.getFirstItemBtn().click();\ninventoryP.cartLink().click();\ncheckoutP.checkOutBtn().should('be.enabled');",
              "err": {},
              "uuid": "d4b21641-53a9-43d5-930a-6f7e0286b740",
              "parentUUID": "faf1af99-c4d1-4748-b09f-0ba70d99b2b1",
              "isHook": false,
              "skipped": false
            },
            {
              "title": "Verify Checkout Button Disabled Negative Test",
              "fullTitle": "Checkout Page Tests Verify Checkout Button Disabled Negative Test",
              "timedOut": null,
              "duration": 1477,
              "state": "passed",
              "speed": "fast",
              "pass": true,
              "fail": false,
              "pending": false,
              "context": null,
              "code": "inventoryP.getFirstItemBtn().click();\ninventoryP.cartLink().click();\ncheckoutP.checkOutBtn().should('not.be.disabled');",
              "err": {},
              "uuid": "cd6e3003-b7b4-453f-ae13-65d75c3c97ef",
              "parentUUID": "faf1af99-c4d1-4748-b09f-0ba70d99b2b1",
              "isHook": false,
              "skipped": false
            },
            {
              "title": "Verify Checkout Button Text Negative Test",
              "fullTitle": "Checkout Page Tests Verify Checkout Button Text Negative Test",
              "timedOut": null,
              "duration": 16876,
              "state": "passed",
              "speed": "slow",
              "pass": true,
              "fail": false,
              "pending": false,
              "context": null,
              "code": "inventoryP.getFirstItemBtn().click();\ninventoryP.cartLink().click();\ncheckoutP.checkOutBtn().should('not.have.text', 'CHECKOUT123');",
              "err": {},
              "uuid": "aa7a7c1d-6c8d-4769-accc-127df041e836",
              "parentUUID": "faf1af99-c4d1-4748-b09f-0ba70d99b2b1",
              "isHook": false,
              "skipped": false
            },
            {
              "title": "Verify Checkout Button Count",
              "fullTitle": "Checkout Page Tests Verify Checkout Button Count",
              "timedOut": null,
              "duration": 1822,
              "state": "passed",
              "speed": "fast",
              "pass": true,
              "fail": false,
              "pending": false,
              "context": null,
              "code": "inventoryP.getFirstItemBtn().click();\ninventoryP.cartLink().click();\ncheckoutP.checkOutBtn().its('length').should('eq', 1);",
              "err": {},
              "uuid": "5dfaa282-3102-4168-ac44-89e1235af68f",
              "parentUUID": "faf1af99-c4d1-4748-b09f-0ba70d99b2b1",
              "isHook": false,
              "skipped": false
            },
            {
              "title": "Verify Checkout Button Functionality",
              "fullTitle": "Checkout Page Tests Verify Checkout Button Functionality",
              "timedOut": null,
              "duration": 1967,
              "state": "passed",
              "speed": "fast",
              "pass": true,
              "fail": false,
              "pending": false,
              "context": null,
              "code": "inventoryP.getFirstItemBtn().click();\ninventoryP.cartLink().click();\ncheckoutP.checkOutBtn().click();\ncy.url().should('include', 'checkout-step-one.html');",
              "err": {},
              "uuid": "5bcd4738-39a4-43f8-809d-f14f55f22cc6",
              "parentUUID": "faf1af99-c4d1-4748-b09f-0ba70d99b2b1",
              "isHook": false,
              "skipped": false
            },
            {
              "title": "Verify Checkout Page Title",
              "fullTitle": "Checkout Page Tests Verify Checkout Page Title",
              "timedOut": null,
              "duration": 1655,
              "state": "passed",
              "speed": "fast",
              "pass": true,
              "fail": false,
              "pending": false,
              "context": null,
              "code": "inventoryP.getFirstItemBtn().click();\ninventoryP.cartLink().click();\ncheckoutP.checkOutBtn().click();\ncy.url().should('include', 'checkout-step-one.html');\ncheckoutP.checkOutTitle().should('have.text', 'Checkout: Your Information');",
              "err": {},
              "uuid": "bc8b9b6c-94fb-4548-8384-accb8d082684",
              "parentUUID": "faf1af99-c4d1-4748-b09f-0ba70d99b2b1",
              "isHook": false,
              "skipped": false
            },
            {
              "title": "Verify Checkout Page Title Negative Test",
              "fullTitle": "Checkout Page Tests Verify Checkout Page Title Negative Test",
              "timedOut": null,
              "duration": 2660,
              "state": "passed",
              "speed": "fast",
              "pass": true,
              "fail": false,
              "pending": false,
              "context": null,
              "code": "inventoryP.getFirstItemBtn().click();\ninventoryP.cartLink().click();\ncheckoutP.checkOutBtn().click();\ncy.url().should('include', 'checkout-step-one.html');\ncheckoutP.checkOutTitle().should('not.have.text', 'Checkout: Your Information123');",
              "err": {},
              "uuid": "23ed9511-138e-4dd1-80e7-3863f679c6e6",
              "parentUUID": "faf1af99-c4d1-4748-b09f-0ba70d99b2b1",
              "isHook": false,
              "skipped": false
            }
          ],
          "suites": [],
          "passes": [
            "06f99fba-358b-4fa5-8a26-789fbd7a0624",
            "d4b21641-53a9-43d5-930a-6f7e0286b740",
            "cd6e3003-b7b4-453f-ae13-65d75c3c97ef",
            "aa7a7c1d-6c8d-4769-accc-127df041e836",
            "5dfaa282-3102-4168-ac44-89e1235af68f",
            "5bcd4738-39a4-43f8-809d-f14f55f22cc6",
            "bc8b9b6c-94fb-4548-8384-accb8d082684",
            "23ed9511-138e-4dd1-80e7-3863f679c6e6"
          ],
          "failures": [],
          "pending": [],
          "skipped": [],
          "duration": 32304,
          "root": false,
          "rootEmpty": false,
          "_timeout": 2000
        }
      ],
      "passes": [],
      "failures": [],
      "pending": [],
      "skipped": [],
      "duration": 0,
      "root": true,
      "rootEmpty": true,
      "_timeout": 2000
    }
  ],
  "meta": {
    "mocha": {
      "version": "7.2.0"
    },
    "mochawesome": {
      "options": {
        "quiet": false,
        "reportFilename": "mochawesome",
        "saveHtml": true,
        "saveJson": true,
        "consoleReporter": "spec",
        "useInlineDiffs": false,
        "code": true
      },
      "version": "7.1.4"
    },
    "marge": {
      "options": {
        "reportDir": "cypress/reports/mochawesome",
        "overwrite": false,
        "html": true,
        "json": true
      },
      "version": "6.3.2"
    }
  }
}