{
  "stats": {
    "suites": 1,
    "tests": 8,
    "passes": 8,
    "pending": 0,
    "failures": 0,
    "start": "2026-01-13T18:31:57.402Z",
    "end": "2026-01-13T18:32:18.426Z",
    "duration": 21024,
    "testsRegistered": 8,
    "passPercent": 100,
    "pendingPercent": 0,
    "other": 0,
    "hasOther": false,
    "skipped": 0,
    "hasSkipped": false
  },
  "results": [
    {
      "uuid": "09203159-3831-4930-895a-46c60171310d",
      "title": "",
      "fullFile": "cypress\\e2e\\checkout.cy.js",
      "file": "cypress\\e2e\\checkout.cy.js",
      "beforeHooks": [],
      "afterHooks": [],
      "tests": [],
      "suites": [
        {
          "uuid": "a63e60e8-def6-42da-8ee6-8448ca0855f8",
          "title": "Checkout Page Tests",
          "fullFile": "",
          "file": "",
          "beforeHooks": [],
          "afterHooks": [],
          "tests": [
            {
              "title": "Verify Checkout Button Visibility",
              "fullTitle": "Checkout Page Tests Verify Checkout Button Visibility",
              "timedOut": null,
              "duration": 2856,
              "state": "passed",
              "speed": "fast",
              "pass": true,
              "fail": false,
              "pending": false,
              "context": null,
              "code": "inventoryP.getFirstItemBtn().click();\ninventoryP.cartLink().click();\ncheckoutP.checkOutBtn().should('be.visible');",
              "err": {},
              "uuid": "63ecd7d6-d522-48f9-b892-1f282236bf49",
              "parentUUID": "a63e60e8-def6-42da-8ee6-8448ca0855f8",
              "isHook": false,
              "skipped": false
            },
            {
              "title": "Verify Checkout Button Enabled",
              "fullTitle": "Checkout Page Tests Verify Checkout Button Enabled",
              "timedOut": null,
              "duration": 1283,
              "state": "passed",
              "speed": "fast",
              "pass": true,
              "fail": false,
              "pending": false,
              "context": null,
              "code": "inventoryP.getFirstItemBtn().click();\ninventoryP.cartLink().click();\ncheckoutP.checkOutBtn().should('be.enabled');",
              "err": {},
              "uuid": "3f61aa4d-3a55-45a7-b6d3-7916e8ae8689",
              "parentUUID": "a63e60e8-def6-42da-8ee6-8448ca0855f8",
              "isHook": false,
              "skipped": false
            },
            {
              "title": "Verify Checkout Button Disabled Negative Test",
              "fullTitle": "Checkout Page Tests Verify Checkout Button Disabled Negative Test",
              "timedOut": null,
              "duration": 1539,
              "state": "passed",
              "speed": "fast",
              "pass": true,
              "fail": false,
              "pending": false,
              "context": null,
              "code": "inventoryP.getFirstItemBtn().click();\ninventoryP.cartLink().click();\ncheckoutP.checkOutBtn().should('not.be.disabled');",
              "err": {},
              "uuid": "a2a961ee-77bf-434d-9e00-d9676645adb9",
              "parentUUID": "a63e60e8-def6-42da-8ee6-8448ca0855f8",
              "isHook": false,
              "skipped": false
            },
            {
              "title": "Verify Checkout Button Text Negative Test",
              "fullTitle": "Checkout Page Tests Verify Checkout Button Text Negative Test",
              "timedOut": null,
              "duration": 1233,
              "state": "passed",
              "speed": "fast",
              "pass": true,
              "fail": false,
              "pending": false,
              "context": null,
              "code": "inventoryP.getFirstItemBtn().click();\ninventoryP.cartLink().click();\ncheckoutP.checkOutBtn().should('not.have.text', 'CHECKOUT123');",
              "err": {},
              "uuid": "dd95ac41-d2e1-46e9-8aec-2cfeb6dbc11e",
              "parentUUID": "a63e60e8-def6-42da-8ee6-8448ca0855f8",
              "isHook": false,
              "skipped": false
            },
            {
              "title": "Verify Checkout Button Count",
              "fullTitle": "Checkout Page Tests Verify Checkout Button Count",
              "timedOut": null,
              "duration": 1262,
              "state": "passed",
              "speed": "fast",
              "pass": true,
              "fail": false,
              "pending": false,
              "context": null,
              "code": "inventoryP.getFirstItemBtn().click();\ninventoryP.cartLink().click();\ncheckoutP.checkOutBtn().its('length').should('eq', 1);",
              "err": {},
              "uuid": "5b8bacaf-7bde-4442-821b-d2b75c431afc",
              "parentUUID": "a63e60e8-def6-42da-8ee6-8448ca0855f8",
              "isHook": false,
              "skipped": false
            },
            {
              "title": "Verify Checkout Button Functionality",
              "fullTitle": "Checkout Page Tests Verify Checkout Button Functionality",
              "timedOut": null,
              "duration": 1356,
              "state": "passed",
              "speed": "fast",
              "pass": true,
              "fail": false,
              "pending": false,
              "context": null,
              "code": "inventoryP.getFirstItemBtn().click();\ninventoryP.cartLink().click();\ncheckoutP.checkOutBtn().click();\ncy.url().should('include', 'checkout-step-one.html');",
              "err": {},
              "uuid": "7b855c92-c655-400f-b9ac-dfd9d1360cfa",
              "parentUUID": "a63e60e8-def6-42da-8ee6-8448ca0855f8",
              "isHook": false,
              "skipped": false
            },
            {
              "title": "Verify Checkout Page Title",
              "fullTitle": "Checkout Page Tests Verify Checkout Page Title",
              "timedOut": null,
              "duration": 1311,
              "state": "passed",
              "speed": "fast",
              "pass": true,
              "fail": false,
              "pending": false,
              "context": null,
              "code": "inventoryP.getFirstItemBtn().click();\ninventoryP.cartLink().click();\ncheckoutP.checkOutBtn().click();\ncy.url().should('include', 'checkout-step-one.html');\ncheckoutP.checkOutTitle().should('have.text', 'Checkout: Your Information');",
              "err": {},
              "uuid": "a64d5201-e846-43e4-b0cb-58ab0123e4af",
              "parentUUID": "a63e60e8-def6-42da-8ee6-8448ca0855f8",
              "isHook": false,
              "skipped": false
            },
            {
              "title": "Verify Checkout Page Title Negative Test",
              "fullTitle": "Checkout Page Tests Verify Checkout Page Title Negative Test",
              "timedOut": null,
              "duration": 9872,
              "state": "passed",
              "speed": "medium",
              "pass": true,
              "fail": false,
              "pending": false,
              "context": null,
              "code": "inventoryP.getFirstItemBtn().click();\ninventoryP.cartLink().click();\ncheckoutP.checkOutBtn().click();\ncy.url().should('include', 'checkout-step-one.html');\ncheckoutP.checkOutTitle().should('not.have.text', 'Checkout: Your Information123');",
              "err": {},
              "uuid": "e4caef63-831e-481f-a91d-59a979b5edba",
              "parentUUID": "a63e60e8-def6-42da-8ee6-8448ca0855f8",
              "isHook": false,
              "skipped": false
            }
          ],
          "suites": [],
          "passes": [
            "63ecd7d6-d522-48f9-b892-1f282236bf49",
            "3f61aa4d-3a55-45a7-b6d3-7916e8ae8689",
            "a2a961ee-77bf-434d-9e00-d9676645adb9",
            "dd95ac41-d2e1-46e9-8aec-2cfeb6dbc11e",
            "5b8bacaf-7bde-4442-821b-d2b75c431afc",
            "7b855c92-c655-400f-b9ac-dfd9d1360cfa",
            "a64d5201-e846-43e4-b0cb-58ab0123e4af",
            "e4caef63-831e-481f-a91d-59a979b5edba"
          ],
          "failures": [],
          "pending": [],
          "skipped": [],
          "duration": 20712,
          "root": false,
          "rootEmpty": false,
          "_timeout": 2000
        }
      ],
      "passes": [],
      "failures": [],
      "pending": [],
      "skipped": [],
      "duration": 0,
      "root": true,
      "rootEmpty": true,
      "_timeout": 2000
    }
  ],
  "meta": {
    "mocha": {
      "version": "7.2.0"
    },
    "mochawesome": {
      "options": {
        "quiet": false,
        "reportFilename": "mochawesome",
        "saveHtml": true,
        "saveJson": true,
        "consoleReporter": "spec",
        "useInlineDiffs": false,
        "code": true
      },
      "version": "7.1.4"
    },
    "marge": {
      "options": {
        "reportDir": "cypress/reports/mochawesome",
        "overwrite": false,
        "html": true,
        "json": true
      },
      "version": "6.3.2"
    }
  }
}