{
  "stats": {
    "suites": 1,
    "tests": 19,
    "passes": 19,
    "pending": 0,
    "failures": 0,
    "start": "2025-12-28T13:32:28.567Z",
    "end": "2025-12-28T13:33:08.639Z",
    "duration": 40072,
    "testsRegistered": 19,
    "passPercent": 100,
    "pendingPercent": 0,
    "other": 0,
    "hasOther": false,
    "skipped": 0,
    "hasSkipped": false
  },
  "results": [
    {
      "uuid": "392c7497-d7fe-48ce-8d56-2bb3f9e1d4dc",
      "title": "",
      "fullFile": "cypress\\e2e\\cart.cy.js",
      "file": "cypress\\e2e\\cart.cy.js",
      "beforeHooks": [],
      "afterHooks": [],
      "tests": [],
      "suites": [
        {
          "uuid": "15a096a1-4f2d-4ec0-ba7c-5b5a0cef566d",
          "title": "Cart Page Tests",
          "fullFile": "",
          "file": "",
          "beforeHooks": [],
          "afterHooks": [],
          "tests": [
            {
              "title": "Verify Page Title on Cart Page",
              "fullTitle": "Cart Page Tests Verify Page Title on Cart Page",
              "timedOut": null,
              "duration": 5823,
              "state": "passed",
              "speed": "medium",
              "pass": true,
              "fail": false,
              "pending": false,
              "context": null,
              "code": "cy.getByTest('shopping-cart-link').click();\ncy.url().should('include', 'cart.html');\ncartP.getCartPageTitle().should('have.text', 'Your Cart');",
              "err": {},
              "uuid": "1f62806e-d574-4bb6-86a1-10c04217746d",
              "parentUUID": "15a096a1-4f2d-4ec0-ba7c-5b5a0cef566d",
              "isHook": false,
              "skipped": false
            },
            {
              "title": "Verify Cart is Empty when no items added",
              "fullTitle": "Cart Page Tests Verify Cart is Empty when no items added",
              "timedOut": null,
              "duration": 1641,
              "state": "passed",
              "speed": "fast",
              "pass": true,
              "fail": false,
              "pending": false,
              "context": null,
              "code": "cy.getByTest('shopping-cart-link').click();\ncy.get('.cart_item').should('have.length', 0);",
              "err": {},
              "uuid": "463fa83d-dea9-4eeb-911a-e772ae8650f8",
              "parentUUID": "15a096a1-4f2d-4ec0-ba7c-5b5a0cef566d",
              "isHook": false,
              "skipped": false
            },
            {
              "title": "Verify Items in Cart after adding from Inventory",
              "fullTitle": "Cart Page Tests Verify Items in Cart after adding from Inventory",
              "timedOut": null,
              "duration": 1728,
              "state": "passed",
              "speed": "fast",
              "pass": true,
              "fail": false,
              "pending": false,
              "context": null,
              "code": "inventoryP.getFirstItemBtn().click();\ninventoryP.cartLink().click();\ncy.get('.cart_item').each($el => {\n  cy.wrap($el).find('.cart_quantity').should('have.text', '1');\n});",
              "err": {},
              "uuid": "68b2808b-445d-4ba7-bb27-e54164da538f",
              "parentUUID": "15a096a1-4f2d-4ec0-ba7c-5b5a0cef566d",
              "isHook": false,
              "skipped": false
            },
            {
              "title": "Verify Cart Badge Count after adding items",
              "fullTitle": "Cart Page Tests Verify Cart Badge Count after adding items",
              "timedOut": null,
              "duration": 2164,
              "state": "passed",
              "speed": "fast",
              "pass": true,
              "fail": false,
              "pending": false,
              "context": null,
              "code": "inventoryP.getFirstItemBtn().click();\ninventoryP.cartBadge().should('have.text', '1');",
              "err": {},
              "uuid": "2aee2c69-d51c-442e-ac3a-361c63b34b03",
              "parentUUID": "15a096a1-4f2d-4ec0-ba7c-5b5a0cef566d",
              "isHook": false,
              "skipped": false
            },
            {
              "title": "Verify Removing Item from Cart",
              "fullTitle": "Cart Page Tests Verify Removing Item from Cart",
              "timedOut": null,
              "duration": 1667,
              "state": "passed",
              "speed": "fast",
              "pass": true,
              "fail": false,
              "pending": false,
              "context": null,
              "code": "inventoryP.getFirstItemBtn().click();\ninventoryP.cartLink().click();\ncy.url().should('include', 'cart.html');\ncartP.cartRemoveButton().click();\ninventoryP.cartBadge().should('not.exist');",
              "err": {},
              "uuid": "964c27ba-ff73-4eeb-8e41-b46026a0aaaa",
              "parentUUID": "15a096a1-4f2d-4ec0-ba7c-5b5a0cef566d",
              "isHook": false,
              "skipped": false
            },
            {
              "title": "Verify Continue Shopping Button on Cart Page",
              "fullTitle": "Cart Page Tests Verify Continue Shopping Button on Cart Page",
              "timedOut": null,
              "duration": 1583,
              "state": "passed",
              "speed": "fast",
              "pass": true,
              "fail": false,
              "pending": false,
              "context": null,
              "code": "inventoryP.getFirstItemBtn().click();\ninventoryP.cartLink().click();\ncy.getByTest('continue-shopping').click();\ncy.url().should('include', 'inventory.html');",
              "err": {},
              "uuid": "65e0f849-891a-4c92-877a-bb04085242af",
              "parentUUID": "15a096a1-4f2d-4ec0-ba7c-5b5a0cef566d",
              "isHook": false,
              "skipped": false
            },
            {
              "title": "Verify Checkout Button on Cart Page",
              "fullTitle": "Cart Page Tests Verify Checkout Button on Cart Page",
              "timedOut": null,
              "duration": 1477,
              "state": "passed",
              "speed": "fast",
              "pass": true,
              "fail": false,
              "pending": false,
              "context": null,
              "code": "inventoryP.getFirstItemBtn().click();\ninventoryP.cartLink().click();\ncy.getByTest('checkout').should('exist').and('have.text', 'Checkout');",
              "err": {},
              "uuid": "ff8fedd9-9813-4e5e-b155-6b5b0d890af7",
              "parentUUID": "15a096a1-4f2d-4ec0-ba7c-5b5a0cef566d",
              "isHook": false,
              "skipped": false
            },
            {
              "title": "Verify Adding Multiple Items to Cart and their Count",
              "fullTitle": "Cart Page Tests Verify Adding Multiple Items to Cart and their Count",
              "timedOut": null,
              "duration": 1537,
              "state": "passed",
              "speed": "fast",
              "pass": true,
              "fail": false,
              "pending": false,
              "context": null,
              "code": "cartP.getInventoryBtn().each(($el, index) => {\n  if (index < 3) {\n    cy.wrap($el).click();\n  }\n});\ninventoryP.cartBadge().should('have.text', '3');",
              "err": {},
              "uuid": "b3f79e67-2590-4a1d-af9f-2d2e1dd78f3e",
              "parentUUID": "15a096a1-4f2d-4ec0-ba7c-5b5a0cef566d",
              "isHook": false,
              "skipped": false
            },
            {
              "title": "Verify Removing Multiple Items from Cart and their Count",
              "fullTitle": "Cart Page Tests Verify Removing Multiple Items from Cart and their Count",
              "timedOut": null,
              "duration": 1895,
              "state": "passed",
              "speed": "fast",
              "pass": true,
              "fail": false,
              "pending": false,
              "context": null,
              "code": "cartP.getInventoryBtn().each(($el, index) => {\n  if (index < 3) {\n    cy.wrap($el).click();\n  }\n});\ninventoryP.cartBadge().should('have.text', '3');\ncartP.getInventoryBtn().each(($el, index) => {\n  if (index < 3) {\n    cy.wrap($el).click();\n  }\n});\ninventoryP.cartBadge().should('not.exist');",
              "err": {},
              "uuid": "5fc4e246-998c-400f-9081-c5ecb98eefb7",
              "parentUUID": "15a096a1-4f2d-4ec0-ba7c-5b5a0cef566d",
              "isHook": false,
              "skipped": false
            },
            {
              "title": "Verify Cart Page after Logout and Login again",
              "fullTitle": "Cart Page Tests Verify Cart Page after Logout and Login again",
              "timedOut": null,
              "duration": 3719,
              "state": "passed",
              "speed": "fast",
              "pass": true,
              "fail": false,
              "pending": false,
              "context": null,
              "code": "inventoryP.getFirstItemBtn().click();\ninventoryP.cartLink().click();\ncy.url().should('include', 'cart.html');\nloginP.logout();\nloginP.SouceLogin('standard_user', 'secret_sauce');\ninventoryP.cartLink().click();\ncy.get('.cart_item').should('have.length', 1);",
              "err": {},
              "uuid": "adfb7e3e-6309-4ff6-ad95-947dafbc7eb7",
              "parentUUID": "15a096a1-4f2d-4ec0-ba7c-5b5a0cef566d",
              "isHook": false,
              "skipped": false
            },
            {
              "title": "Verify Cart Page UI Elements",
              "fullTitle": "Cart Page Tests Verify Cart Page UI Elements",
              "timedOut": null,
              "duration": 1581,
              "state": "passed",
              "speed": "fast",
              "pass": true,
              "fail": false,
              "pending": false,
              "context": null,
              "code": "inventoryP.getFirstItemBtn().click();\ninventoryP.cartLink().click();\ncy.get('.cart_item').should('exist');\ncartP.getCartPageTitle().should('exist');\ncy.getByTest('continue-shopping').should('exist');\ncy.getByTest('checkout').should('exist');",
              "err": {},
              "uuid": "8bfe0692-83f1-4c85-b67a-d7ffa5b995b8",
              "parentUUID": "15a096a1-4f2d-4ec0-ba7c-5b5a0cef566d",
              "isHook": false,
              "skipped": false
            },
            {
              "title": "Verify Adding and Removing Item updates Cart Badge correctly",
              "fullTitle": "Cart Page Tests Verify Adding and Removing Item updates Cart Badge correctly",
              "timedOut": null,
              "duration": 1614,
              "state": "passed",
              "speed": "fast",
              "pass": true,
              "fail": false,
              "pending": false,
              "context": null,
              "code": "inventoryP.getFirstItemBtn().click();\ninventoryP.cartBadge().should('have.text', '1');\ninventoryP.getFirstItemBtn().click();\ninventoryP.cartBadge().should('not.exist');",
              "err": {},
              "uuid": "4b876e44-f2c3-4733-9286-0893bfff35f6",
              "parentUUID": "15a096a1-4f2d-4ec0-ba7c-5b5a0cef566d",
              "isHook": false,
              "skipped": false
            },
            {
              "title": "Verify Cart Page is Accessible from Inventory after Adding Item",
              "fullTitle": "Cart Page Tests Verify Cart Page is Accessible from Inventory after Adding Item",
              "timedOut": null,
              "duration": 1608,
              "state": "passed",
              "speed": "fast",
              "pass": true,
              "fail": false,
              "pending": false,
              "context": null,
              "code": "inventoryP.getFirstItemBtn().click();\ninventoryP.cartLink().click();\ncy.url().should('include', 'cart.html');\ncartP.getCartPageTitle().should('have.text', 'Your Cart');",
              "err": {},
              "uuid": "d94ce02c-6e03-4971-8f05-5b5f1c9547f0",
              "parentUUID": "15a096a1-4f2d-4ec0-ba7c-5b5a0cef566d",
              "isHook": false,
              "skipped": false
            },
            {
              "title": "Verify Cart Page is Accessible from Inventory without Adding Item",
              "fullTitle": "Cart Page Tests Verify Cart Page is Accessible from Inventory without Adding Item",
              "timedOut": null,
              "duration": 1349,
              "state": "passed",
              "speed": "fast",
              "pass": true,
              "fail": false,
              "pending": false,
              "context": null,
              "code": "inventoryP.cartLink().click();\ncy.url().should('include', 'cart.html');\ncartP.getCartPageTitle().should('have.text', 'Your Cart');",
              "err": {},
              "uuid": "ca8f07fd-9190-4c9e-b2e0-e6dad53fe80b",
              "parentUUID": "15a096a1-4f2d-4ec0-ba7c-5b5a0cef566d",
              "isHook": false,
              "skipped": false
            },
            {
              "title": "Verify Removing Item from Cart updates Inventory Button Text",
              "fullTitle": "Cart Page Tests Verify Removing Item from Cart updates Inventory Button Text",
              "timedOut": null,
              "duration": 1652,
              "state": "passed",
              "speed": "fast",
              "pass": true,
              "fail": false,
              "pending": false,
              "context": null,
              "code": "inventoryP.getFirstItemBtn().click();\ninventoryP.cartLink().click();\ncy.url().should('include', 'cart.html');\ncartP.cartRemoveButton().click();\ncy.go('back');\ninventoryP.getFirstItemBtn().should('have.text', 'Add to cart');",
              "err": {},
              "uuid": "99e4713e-9b60-4d1e-88c6-37e83325c1b5",
              "parentUUID": "15a096a1-4f2d-4ec0-ba7c-5b5a0cef566d",
              "isHook": false,
              "skipped": false
            },
            {
              "title": "Verify Cart Page Retains Items after Page Refresh",
              "fullTitle": "Cart Page Tests Verify Cart Page Retains Items after Page Refresh",
              "timedOut": null,
              "duration": 1876,
              "state": "passed",
              "speed": "fast",
              "pass": true,
              "fail": false,
              "pending": false,
              "context": null,
              "code": "inventoryP.getFirstItemBtn().click();\ninventoryP.cartLink().click();\ncy.url().should('include', 'cart.html');\ncy.reload();\ncy.get('.cart_item').should('have.length', 1);",
              "err": {},
              "uuid": "bb4aa23d-45cd-4d60-b08a-34ca79c7acbb",
              "parentUUID": "15a096a1-4f2d-4ec0-ba7c-5b5a0cef566d",
              "isHook": false,
              "skipped": false
            },
            {
              "title": "Verify Checkout Process Initiation from Cart Page",
              "fullTitle": "Cart Page Tests Verify Checkout Process Initiation from Cart Page",
              "timedOut": null,
              "duration": 1698,
              "state": "passed",
              "speed": "fast",
              "pass": true,
              "fail": false,
              "pending": false,
              "context": null,
              "code": "inventoryP.getFirstItemBtn().click();\ninventoryP.cartLink().click();\ncy.url().should('include', 'cart.html');\ncy.getByTest('checkout').click();\ncy.url().should('include', 'checkout-step-one.html');",
              "err": {},
              "uuid": "820d7b0c-620a-408b-9f4f-8129db27af78",
              "parentUUID": "15a096a1-4f2d-4ec0-ba7c-5b5a0cef566d",
              "isHook": false,
              "skipped": false
            },
            {
              "title": "Verify Cart Page Responsiveness on Different Viewports",
              "fullTitle": "Cart Page Tests Verify Cart Page Responsiveness on Different Viewports",
              "timedOut": null,
              "duration": 2675,
              "state": "passed",
              "speed": "fast",
              "pass": true,
              "fail": false,
              "pending": false,
              "context": null,
              "code": "const viewports = ['iphone-6', 'ipad-2', 'macbook-15'];\nviewports.forEach(viewport => {\n  cy.viewport(viewport);\n  inventoryP.getFirstItemBtn().click();\n  inventoryP.cartLink().click();\n  cy.url().should('include', 'cart.html');\n  cartP.getCartPageTitle().should('have.text', 'Your Cart');\n  cy.go('back');\n  inventoryP.getFirstItemBtn().click(); // Remove item for next iteration\n});",
              "err": {},
              "uuid": "376d9273-ab12-4447-8a8e-1d164e09ba29",
              "parentUUID": "15a096a1-4f2d-4ec0-ba7c-5b5a0cef566d",
              "isHook": false,
              "skipped": false
            },
            {
              "title": "Verify Cart Page Does Not Allow Negative Item Count",
              "fullTitle": "Cart Page Tests Verify Cart Page Does Not Allow Negative Item Count",
              "timedOut": null,
              "duration": 1625,
              "state": "passed",
              "speed": "fast",
              "pass": true,
              "fail": false,
              "pending": false,
              "context": null,
              "code": "inventoryP.getFirstItemBtn().click();\ninventoryP.cartLink().click();\ncy.url().should('include', 'cart.html');\ncartP.cartRemoveButton().click();\ninventoryP.cartBadge().should('not.exist');",
              "err": {},
              "uuid": "93d2d558-6600-4235-a37b-2cdc5238e570",
              "parentUUID": "15a096a1-4f2d-4ec0-ba7c-5b5a0cef566d",
              "isHook": false,
              "skipped": false
            }
          ],
          "suites": [],
          "passes": [
            "1f62806e-d574-4bb6-86a1-10c04217746d",
            "463fa83d-dea9-4eeb-911a-e772ae8650f8",
            "68b2808b-445d-4ba7-bb27-e54164da538f",
            "2aee2c69-d51c-442e-ac3a-361c63b34b03",
            "964c27ba-ff73-4eeb-8e41-b46026a0aaaa",
            "65e0f849-891a-4c92-877a-bb04085242af",
            "ff8fedd9-9813-4e5e-b155-6b5b0d890af7",
            "b3f79e67-2590-4a1d-af9f-2d2e1dd78f3e",
            "5fc4e246-998c-400f-9081-c5ecb98eefb7",
            "adfb7e3e-6309-4ff6-ad95-947dafbc7eb7",
            "8bfe0692-83f1-4c85-b67a-d7ffa5b995b8",
            "4b876e44-f2c3-4733-9286-0893bfff35f6",
            "d94ce02c-6e03-4971-8f05-5b5f1c9547f0",
            "ca8f07fd-9190-4c9e-b2e0-e6dad53fe80b",
            "99e4713e-9b60-4d1e-88c6-37e83325c1b5",
            "bb4aa23d-45cd-4d60-b08a-34ca79c7acbb",
            "820d7b0c-620a-408b-9f4f-8129db27af78",
            "376d9273-ab12-4447-8a8e-1d164e09ba29",
            "93d2d558-6600-4235-a37b-2cdc5238e570"
          ],
          "failures": [],
          "pending": [],
          "skipped": [],
          "duration": 38912,
          "root": false,
          "rootEmpty": false,
          "_timeout": 2000
        }
      ],
      "passes": [],
      "failures": [],
      "pending": [],
      "skipped": [],
      "duration": 0,
      "root": true,
      "rootEmpty": true,
      "_timeout": 2000
    }
  ],
  "meta": {
    "mocha": {
      "version": "7.2.0"
    },
    "mochawesome": {
      "options": {
        "quiet": false,
        "reportFilename": "mochawesome",
        "saveHtml": false,
        "saveJson": true,
        "consoleReporter": "spec",
        "useInlineDiffs": false,
        "code": true
      },
      "version": "7.1.4"
    },
    "marge": {
      "options": {
        "reportDir": "cypress/reports/mochawesome",
        "overwrite": false,
        "html": false,
        "json": true
      },
      "version": "6.3.2"
    }
  }
}