{
  "stats": {
    "suites": 1,
    "tests": 20,
    "passes": 20,
    "pending": 1,
    "failures": -1,
    "start": "2025-12-28T15:34:03.098Z",
    "end": "2025-12-28T15:34:47.297Z",
    "duration": 44199,
    "testsRegistered": 21,
    "passPercent": 100,
    "pendingPercent": 4.761904761904762,
    "other": 1,
    "hasOther": true,
    "skipped": 0,
    "hasSkipped": false
  },
  "results": [
    {
      "uuid": "8dd786ed-4905-4f91-ba87-5d877eabc305",
      "title": "",
      "fullFile": "cypress\\e2e\\inventory.cy.js",
      "file": "cypress\\e2e\\inventory.cy.js",
      "beforeHooks": [],
      "afterHooks": [],
      "tests": [],
      "suites": [
        {
          "uuid": "4cacadc6-812c-4225-bd90-06801669a32f",
          "title": "Invertory Page Tests",
          "fullFile": "",
          "file": "",
          "beforeHooks": [],
          "afterHooks": [],
          "tests": [
            {
              "title": "Verify Page Title on Inventory Page",
              "fullTitle": "Invertory Page Tests Verify Page Title on Inventory Page",
              "timedOut": null,
              "duration": 7055,
              "state": "passed",
              "speed": "medium",
              "pass": true,
              "fail": false,
              "pending": false,
              "context": null,
              "code": "cy.url().should('include', 'inventory.html');\ninventoryP.getPageTitle().should('have.text', 'Products');",
              "err": {},
              "uuid": "710cfa7b-ee63-4812-a9b6-6267c3dcff65",
              "parentUUID": "4cacadc6-812c-4225-bd90-06801669a32f",
              "isHook": false,
              "skipped": false
            },
            {
              "title": "Verify Items Count on Inventory Page",
              "fullTitle": "Invertory Page Tests Verify Items Count on Inventory Page",
              "timedOut": null,
              "duration": 1262,
              "state": "passed",
              "speed": "fast",
              "pass": true,
              "fail": false,
              "pending": false,
              "context": null,
              "code": "cy.getByTest('inventory-item').should('have.length', 6);",
              "err": {},
              "uuid": "c1c3bf50-b53e-447f-ab78-7f4de651fdad",
              "parentUUID": "4cacadc6-812c-4225-bd90-06801669a32f",
              "isHook": false,
              "skipped": false
            },
            {
              "title": "Verify First Item Name on Inventory Page",
              "fullTitle": "Invertory Page Tests Verify First Item Name on Inventory Page",
              "timedOut": null,
              "duration": 1494,
              "state": "passed",
              "speed": "fast",
              "pass": true,
              "fail": false,
              "pending": false,
              "context": null,
              "code": "inventoryP.getItemNames().first().should('have.text', 'Sauce Labs Backpack');",
              "err": {},
              "uuid": "f5b46255-8cf5-4788-a359-1fdd5b21b0b8",
              "parentUUID": "4cacadc6-812c-4225-bd90-06801669a32f",
              "isHook": false,
              "skipped": false
            },
            {
              "title": "Verify Last Item Name on Inventory Page",
              "fullTitle": "Invertory Page Tests Verify Last Item Name on Inventory Page",
              "timedOut": null,
              "duration": 2161,
              "state": "passed",
              "speed": "fast",
              "pass": true,
              "fail": false,
              "pending": false,
              "context": null,
              "code": "inventoryP.getItemNames().last().should('have.text', 'Test.allTheThings() T-Shirt (Red)');",
              "err": {},
              "uuid": "de35cb7d-848e-46af-985a-ee0e833d3600",
              "parentUUID": "4cacadc6-812c-4225-bd90-06801669a32f",
              "isHook": false,
              "skipped": false
            },
            {
              "title": "Verify Inventory Items have Add to Cart Button",
              "fullTitle": "Invertory Page Tests Verify Inventory Items have Add to Cart Button",
              "timedOut": null,
              "duration": 1200,
              "state": "passed",
              "speed": "fast",
              "pass": true,
              "fail": false,
              "pending": false,
              "context": null,
              "code": "cy.getByTest('inventory-item').each($el => {\n  cy.wrap($el).find('button.btn_inventory').should('have.text', 'Add to cart');\n});",
              "err": {},
              "uuid": "454720ca-7cf9-454f-b0ea-f3cc7fbf3ae6",
              "parentUUID": "4cacadc6-812c-4225-bd90-06801669a32f",
              "isHook": false,
              "skipped": false
            },
            {
              "title": "Verify Inventory Items have Price",
              "fullTitle": "Invertory Page Tests Verify Inventory Items have Price",
              "timedOut": null,
              "duration": 1093,
              "state": "passed",
              "speed": "fast",
              "pass": true,
              "fail": false,
              "pending": false,
              "context": null,
              "code": "cy.getByTest('inventory-item').each($el => {\n  cy.wrap($el).find('div.inventory_item_price').should('exist');\n});",
              "err": {},
              "uuid": "d6fa5567-c9f2-4781-81c3-4edade386278",
              "parentUUID": "4cacadc6-812c-4225-bd90-06801669a32f",
              "isHook": false,
              "skipped": false
            },
            {
              "title": "Verify Inventory Items have Image",
              "fullTitle": "Invertory Page Tests Verify Inventory Items have Image",
              "timedOut": null,
              "duration": 1223,
              "state": "passed",
              "speed": "fast",
              "pass": true,
              "fail": false,
              "pending": false,
              "context": null,
              "code": "cy.getByTest('inventory-item').each($el => {\n  cy.wrap($el).find('img.inventory_item_img').should('exist');\n});",
              "err": {},
              "uuid": "60e358c2-df57-4a71-aecc-b7197cd11faf",
              "parentUUID": "4cacadc6-812c-4225-bd90-06801669a32f",
              "isHook": false,
              "skipped": false
            },
            {
              "title": "Verify Inventory Items have Description",
              "fullTitle": "Invertory Page Tests Verify Inventory Items have Description",
              "timedOut": null,
              "duration": 1255,
              "state": "passed",
              "speed": "fast",
              "pass": true,
              "fail": false,
              "pending": false,
              "context": null,
              "code": "cy.getByTest('inventory-item').each($el => {\n  cy.wrap($el).find('div.inventory_item_desc').should('exist');\n});",
              "err": {},
              "uuid": "57864e7b-0e1f-47d5-8cd8-9f4aae8ad037",
              "parentUUID": "4cacadc6-812c-4225-bd90-06801669a32f",
              "isHook": false,
              "skipped": false
            },
            {
              "title": "Verify Inventory Items have Remove Button after Adding to Cart",
              "fullTitle": "Invertory Page Tests Verify Inventory Items have Remove Button after Adding to Cart",
              "timedOut": null,
              "duration": 1214,
              "state": "passed",
              "speed": "fast",
              "pass": true,
              "fail": false,
              "pending": false,
              "context": null,
              "code": "inventoryP.getFirstItemBtn().click();\ninventoryP.getFirstItemBtn().should('have.text', 'Remove');",
              "err": {},
              "uuid": "b042aca5-47ec-46c9-82f2-ff8331385214",
              "parentUUID": "4cacadc6-812c-4225-bd90-06801669a32f",
              "isHook": false,
              "skipped": false
            },
            {
              "title": "Add First Item to Cart",
              "fullTitle": "Invertory Page Tests Add First Item to Cart",
              "timedOut": null,
              "duration": 1125,
              "state": "passed",
              "speed": "fast",
              "pass": true,
              "fail": false,
              "pending": false,
              "context": null,
              "code": "inventoryP.getFirstItemBtn().click();\ncy.get('.shopping_cart_badge').should('have.text', '1');",
              "err": {},
              "uuid": "17e0b31b-e744-4cff-8043-ce2596cd918c",
              "parentUUID": "4cacadc6-812c-4225-bd90-06801669a32f",
              "isHook": false,
              "skipped": false
            },
            {
              "title": "Add All Items to Cart",
              "fullTitle": "Invertory Page Tests Add All Items to Cart",
              "timedOut": null,
              "duration": 1571,
              "state": "passed",
              "speed": "fast",
              "pass": true,
              "fail": false,
              "pending": false,
              "context": null,
              "code": "cy.get('button.btn_inventory').each($el => {\n  cy.wrap($el).click();\n});\ncy.get('.shopping_cart_badge').should('have.text', '6');",
              "err": {},
              "uuid": "12d453eb-4abc-48d8-8937-9aefab7fb0e0",
              "parentUUID": "4cacadc6-812c-4225-bd90-06801669a32f",
              "isHook": false,
              "skipped": false
            },
            {
              "title": "Remove First Item from Cart",
              "fullTitle": "Invertory Page Tests Remove First Item from Cart",
              "timedOut": null,
              "duration": 1683,
              "state": "passed",
              "speed": "fast",
              "pass": true,
              "fail": false,
              "pending": false,
              "context": null,
              "code": "inventoryP.getFirstItemBtn().click();\ncy.get('.shopping_cart_badge').should('have.text', '1');\ninventoryP.getFirstItemBtn().click();\ncy.get('.shopping_cart_badge').should('not.exist');",
              "err": {},
              "uuid": "ac3bbf36-aeff-4cd5-b9b3-d78974db58cd",
              "parentUUID": "4cacadc6-812c-4225-bd90-06801669a32f",
              "isHook": false,
              "skipped": false
            },
            {
              "title": "Remove All Items from Cart",
              "fullTitle": "Invertory Page Tests Remove All Items from Cart",
              "timedOut": null,
              "duration": 11840,
              "state": "passed",
              "speed": "slow",
              "pass": true,
              "fail": false,
              "pending": false,
              "context": null,
              "code": "cy.get('button.btn_inventory').each($el => {\n  cy.wrap($el).click();\n});\ncy.get('.shopping_cart_badge').should('have.text', '6');\ncy.get('button.btn_inventory').each($el => {\n  cy.wrap($el).click();\n});\ncy.get('.shopping_cart_badge').should('not.exist');",
              "err": {},
              "uuid": "83dbd55e-442c-4ffa-b101-f468f17611be",
              "parentUUID": "4cacadc6-812c-4225-bd90-06801669a32f",
              "isHook": false,
              "skipped": false
            },
            {
              "title": "Navigate to Cart Page",
              "fullTitle": "Invertory Page Tests Navigate to Cart Page",
              "timedOut": null,
              "duration": 1230,
              "state": "passed",
              "speed": "fast",
              "pass": true,
              "fail": false,
              "pending": false,
              "context": null,
              "code": "inventoryP.getFirstItemBtn().click();\ninventoryP.cartLink().click();\ncy.url().should('include', 'cart.html');\ninventoryP.cartBadge().should('have.text', '1');",
              "err": {},
              "uuid": "086ff4aa-437a-4c96-9fb9-2163aeb6b647",
              "parentUUID": "4cacadc6-812c-4225-bd90-06801669a32f",
              "isHook": false,
              "skipped": false
            },
            {
              "title": "Verify Sorting Items by Name A to Z",
              "fullTitle": "Invertory Page Tests Verify Sorting Items by Name A to Z",
              "timedOut": null,
              "duration": 1204,
              "state": "passed",
              "speed": "fast",
              "pass": true,
              "fail": false,
              "pending": false,
              "context": null,
              "code": "cy.getByTest('product-sort-container').select('Name (A to Z)');\ninventoryP.getItemNames().first().should('have.text', 'Sauce Labs Backpack');\ninventoryP.getItemNames().last().should('have.text', 'Test.allTheThings() T-Shirt (Red)');",
              "err": {},
              "uuid": "9e1e2393-91d8-4807-bcef-a2b3a865c951",
              "parentUUID": "4cacadc6-812c-4225-bd90-06801669a32f",
              "isHook": false,
              "skipped": false
            },
            {
              "title": "Verify Sorting Items by Name Z to A",
              "fullTitle": "Invertory Page Tests Verify Sorting Items by Name Z to A",
              "timedOut": null,
              "duration": 1225,
              "state": "passed",
              "speed": "fast",
              "pass": true,
              "fail": false,
              "pending": false,
              "context": null,
              "code": "cy.getByTest('product-sort-container').select('Name (Z to A)');\ninventoryP.getItemNames().first().should('have.text', 'Test.allTheThings() T-Shirt (Red)');\ninventoryP.getItemNames().last().should('have.text', 'Sauce Labs Backpack');",
              "err": {},
              "uuid": "deeda8dc-b819-4e5c-bc52-dafefa1dd354",
              "parentUUID": "4cacadc6-812c-4225-bd90-06801669a32f",
              "isHook": false,
              "skipped": false
            },
            {
              "title": "Verify Sorting Items by Price Low to High",
              "fullTitle": "Invertory Page Tests Verify Sorting Items by Price Low to High",
              "timedOut": null,
              "duration": 1241,
              "state": "passed",
              "speed": "fast",
              "pass": true,
              "fail": false,
              "pending": false,
              "context": null,
              "code": "cy.getByTest('product-sort-container').select('Price (low to high)');\ncy.getByTest('inventory-item-price').first().should('have.text', '$7.99');\ncy.getByTest('inventory-item-price').last().should('have.text', '$49.99');",
              "err": {},
              "uuid": "22399ceb-e671-47a9-a4d0-f829643e460a",
              "parentUUID": "4cacadc6-812c-4225-bd90-06801669a32f",
              "isHook": false,
              "skipped": false
            },
            {
              "title": "Verify Sorting Items by Price High to Low",
              "fullTitle": "Invertory Page Tests Verify Sorting Items by Price High to Low",
              "timedOut": null,
              "duration": 1590,
              "state": "passed",
              "speed": "fast",
              "pass": true,
              "fail": false,
              "pending": false,
              "context": null,
              "code": "cy.getByTest('product-sort-container').select('Price (high to low)');\ncy.getByTest('inventory-item-price').first().should('have.text', '$49.99');\ncy.getByTest('inventory-item-price').last().should('have.text', '$7.99');",
              "err": {},
              "uuid": "4bbb3a9a-b9c4-41a4-b72b-6cea79ed265c",
              "parentUUID": "4cacadc6-812c-4225-bd90-06801669a32f",
              "isHook": false,
              "skipped": false
            },
            {
              "title": "Verify click on a product name navigates to the product detail page",
              "fullTitle": "Invertory Page Tests Verify click on a product name navigates to the product detail page",
              "timedOut": null,
              "duration": 1325,
              "state": "passed",
              "speed": "fast",
              "pass": true,
              "fail": false,
              "pending": false,
              "context": null,
              "code": "inventoryP.getFirstItemName().invoke('text').then(name => {\n  // cy.log(name);\n  inventoryP.getFirstItemName().click();\n  cy.url().should('include', 'inventory-item.html?id=');\n  cy.getByTest('inventory-item-name').should('have.text', name.trim());\n});",
              "err": {},
              "uuid": "4e23d0ea-d6c9-4c21-a2f5-d4bb8764c2d0",
              "parentUUID": "4cacadc6-812c-4225-bd90-06801669a32f",
              "isHook": false,
              "skipped": false
            },
            {
              "title": "Verify click on a product name navigate to the product detail page and back to inventory page",
              "fullTitle": "Invertory Page Tests Verify click on a product name navigate to the product detail page and back to inventory page",
              "timedOut": null,
              "duration": 0,
              "state": "pending",
              "speed": null,
              "pass": false,
              "fail": false,
              "pending": true,
              "context": null,
              "code": "inventoryP.getFirstItemName().invoke('text').then(name => {\n  cy.getByTest('inventory-item-desc').first().invoke('text').then(itemDesc => {\n    inventoryP.getFirstItemName().click();\n    cy.url().should('include', 'inventory-item.html?id=');\n    cy.getByTest('inventory-item-name').should('have.text', name.trim());\n    cy.getByTest('inventory-item-desc').should('have.text', itemDesc.trim());\n    cy.go('back');\n  });\n});",
              "err": {},
              "uuid": "17299531-d44b-40f2-8377-b1c95103f5fc",
              "parentUUID": "4cacadc6-812c-4225-bd90-06801669a32f",
              "isHook": false,
              "skipped": false
            },
            {
              "title": "Verify click on a product name navigate to the product detail page and back to inventory page",
              "fullTitle": "Invertory Page Tests Verify click on a product name navigate to the product detail page and back to inventory page",
              "timedOut": null,
              "duration": 1277,
              "state": "passed",
              "speed": "fast",
              "pass": true,
              "fail": false,
              "pending": false,
              "context": null,
              "code": "inventoryP.getFirstItemName().invoke('text').as('firstItemName');\ncy.getByTest('inventory-item-desc').first().invoke('text').as('firstItemDesc');\ninventoryP.getFirstItemName().click();\ncy.url().should('include', 'inventory-item.html?id=');\ncy.get('@firstItemName').then(name => {\n  cy.getByTest('inventory-item-name').should('have.text', name.trim());\n});\ncy.get('@firstItemDesc').then(itemDesc => {\n  cy.getByTest('inventory-item-desc').should('have.text', itemDesc.trim());\n});\n/*\nthis .go function to go back to previous page of browser history\n this function use \n  going back ('back') or (-1)\n    going forward ('forward') or (1)\n*/\ncy.go('back');",
              "err": {},
              "uuid": "dd93b2be-d651-4966-83d4-de50763c47e0",
              "parentUUID": "4cacadc6-812c-4225-bd90-06801669a32f",
              "isHook": false,
              "skipped": false
            }
          ],
          "suites": [],
          "passes": [
            "710cfa7b-ee63-4812-a9b6-6267c3dcff65",
            "c1c3bf50-b53e-447f-ab78-7f4de651fdad",
            "f5b46255-8cf5-4788-a359-1fdd5b21b0b8",
            "de35cb7d-848e-46af-985a-ee0e833d3600",
            "454720ca-7cf9-454f-b0ea-f3cc7fbf3ae6",
            "d6fa5567-c9f2-4781-81c3-4edade386278",
            "60e358c2-df57-4a71-aecc-b7197cd11faf",
            "57864e7b-0e1f-47d5-8cd8-9f4aae8ad037",
            "b042aca5-47ec-46c9-82f2-ff8331385214",
            "17e0b31b-e744-4cff-8043-ce2596cd918c",
            "12d453eb-4abc-48d8-8937-9aefab7fb0e0",
            "ac3bbf36-aeff-4cd5-b9b3-d78974db58cd",
            "83dbd55e-442c-4ffa-b101-f468f17611be",
            "086ff4aa-437a-4c96-9fb9-2163aeb6b647",
            "9e1e2393-91d8-4807-bcef-a2b3a865c951",
            "deeda8dc-b819-4e5c-bc52-dafefa1dd354",
            "22399ceb-e671-47a9-a4d0-f829643e460a",
            "4bbb3a9a-b9c4-41a4-b72b-6cea79ed265c",
            "4e23d0ea-d6c9-4c21-a2f5-d4bb8764c2d0",
            "dd93b2be-d651-4966-83d4-de50763c47e0"
          ],
          "failures": [],
          "pending": [
            "17299531-d44b-40f2-8377-b1c95103f5fc"
          ],
          "skipped": [],
          "duration": 43268,
          "root": false,
          "rootEmpty": false,
          "_timeout": 2000
        }
      ],
      "passes": [],
      "failures": [],
      "pending": [],
      "skipped": [],
      "duration": 0,
      "root": true,
      "rootEmpty": true,
      "_timeout": 2000
    }
  ],
  "meta": {
    "mocha": {
      "version": "7.2.0"
    },
    "mochawesome": {
      "options": {
        "quiet": false,
        "reportFilename": "mochawesome",
        "saveHtml": true,
        "saveJson": true,
        "consoleReporter": "spec",
        "useInlineDiffs": false,
        "code": true
      },
      "version": "7.1.4"
    },
    "marge": {
      "options": {
        "reportDir": "cypress/reports/mochawesome",
        "overwrite": false,
        "html": true,
        "json": true
      },
      "version": "6.3.2"
    }
  }
}