{
  "stats": {
    "suites": 1,
    "tests": 8,
    "passes": 8,
    "pending": 0,
    "failures": 0,
    "start": "2025-12-28T14:42:07.667Z",
    "end": "2025-12-28T14:42:26.360Z",
    "duration": 18693,
    "testsRegistered": 8,
    "passPercent": 100,
    "pendingPercent": 0,
    "other": 0,
    "hasOther": false,
    "skipped": 0,
    "hasSkipped": false
  },
  "results": [
    {
      "uuid": "3597577d-deb5-480f-a047-78faf1e33726",
      "title": "",
      "fullFile": "cypress\\e2e\\checkout.cy.js",
      "file": "cypress\\e2e\\checkout.cy.js",
      "beforeHooks": [],
      "afterHooks": [],
      "tests": [],
      "suites": [
        {
          "uuid": "598a7d83-b728-4109-83cd-f80b9054d061",
          "title": "Checkout Page Tests",
          "fullFile": "",
          "file": "",
          "beforeHooks": [],
          "afterHooks": [],
          "tests": [
            {
              "title": "Verify Checkout Button Visibility",
              "fullTitle": "Checkout Page Tests Verify Checkout Button Visibility",
              "timedOut": null,
              "duration": 7564,
              "state": "passed",
              "speed": "medium",
              "pass": true,
              "fail": false,
              "pending": false,
              "context": null,
              "code": "inventoryP.getFirstItemBtn().click();\ninventoryP.cartLink().click();\ncheckoutP.checkOutBtn().should('be.visible');",
              "err": {},
              "uuid": "61864f08-95ab-4699-8771-94d316ccd99c",
              "parentUUID": "598a7d83-b728-4109-83cd-f80b9054d061",
              "isHook": false,
              "skipped": false
            },
            {
              "title": "Verify Checkout Button Enabled",
              "fullTitle": "Checkout Page Tests Verify Checkout Button Enabled",
              "timedOut": null,
              "duration": 1737,
              "state": "passed",
              "speed": "fast",
              "pass": true,
              "fail": false,
              "pending": false,
              "context": null,
              "code": "inventoryP.getFirstItemBtn().click();\ninventoryP.cartLink().click();\ncheckoutP.checkOutBtn().should('be.enabled');",
              "err": {},
              "uuid": "bf026565-f067-48df-9888-6191e240d38f",
              "parentUUID": "598a7d83-b728-4109-83cd-f80b9054d061",
              "isHook": false,
              "skipped": false
            },
            {
              "title": "Verify Checkout Button Disabled Negative Test",
              "fullTitle": "Checkout Page Tests Verify Checkout Button Disabled Negative Test",
              "timedOut": null,
              "duration": 1226,
              "state": "passed",
              "speed": "fast",
              "pass": true,
              "fail": false,
              "pending": false,
              "context": null,
              "code": "inventoryP.getFirstItemBtn().click();\ninventoryP.cartLink().click();\ncheckoutP.checkOutBtn().should('not.be.disabled');",
              "err": {},
              "uuid": "2be08a5e-c771-42da-8d67-3a319674f809",
              "parentUUID": "598a7d83-b728-4109-83cd-f80b9054d061",
              "isHook": false,
              "skipped": false
            },
            {
              "title": "Verify Checkout Button Text Negative Test",
              "fullTitle": "Checkout Page Tests Verify Checkout Button Text Negative Test",
              "timedOut": null,
              "duration": 1209,
              "state": "passed",
              "speed": "fast",
              "pass": true,
              "fail": false,
              "pending": false,
              "context": null,
              "code": "inventoryP.getFirstItemBtn().click();\ninventoryP.cartLink().click();\ncheckoutP.checkOutBtn().should('not.have.text', 'CHECKOUT123');",
              "err": {},
              "uuid": "73ce5b77-3140-4909-bd11-49282c98d702",
              "parentUUID": "598a7d83-b728-4109-83cd-f80b9054d061",
              "isHook": false,
              "skipped": false
            },
            {
              "title": "Verify Checkout Button Count",
              "fullTitle": "Checkout Page Tests Verify Checkout Button Count",
              "timedOut": null,
              "duration": 2427,
              "state": "passed",
              "speed": "fast",
              "pass": true,
              "fail": false,
              "pending": false,
              "context": null,
              "code": "inventoryP.getFirstItemBtn().click();\ninventoryP.cartLink().click();\ncheckoutP.checkOutBtn().its('length').should('eq', 1);",
              "err": {},
              "uuid": "b1bb3f61-99b0-499a-a1f8-2d6c1a9e3dad",
              "parentUUID": "598a7d83-b728-4109-83cd-f80b9054d061",
              "isHook": false,
              "skipped": false
            },
            {
              "title": "Verify Checkout Button Functionality",
              "fullTitle": "Checkout Page Tests Verify Checkout Button Functionality",
              "timedOut": null,
              "duration": 1376,
              "state": "passed",
              "speed": "fast",
              "pass": true,
              "fail": false,
              "pending": false,
              "context": null,
              "code": "inventoryP.getFirstItemBtn().click();\ninventoryP.cartLink().click();\ncheckoutP.checkOutBtn().click();\ncy.url().should('include', 'checkout-step-one.html');",
              "err": {},
              "uuid": "377e9208-5f85-49d4-aae9-a040b89fbe66",
              "parentUUID": "598a7d83-b728-4109-83cd-f80b9054d061",
              "isHook": false,
              "skipped": false
            },
            {
              "title": "Verify Checkout Page Title",
              "fullTitle": "Checkout Page Tests Verify Checkout Page Title",
              "timedOut": null,
              "duration": 1371,
              "state": "passed",
              "speed": "fast",
              "pass": true,
              "fail": false,
              "pending": false,
              "context": null,
              "code": "inventoryP.getFirstItemBtn().click();\ninventoryP.cartLink().click();\ncheckoutP.checkOutBtn().click();\ncy.url().should('include', 'checkout-step-one.html');\ncheckoutP.checkOutTitle().should('have.text', 'Checkout: Your Information');",
              "err": {},
              "uuid": "b6649db5-cae9-41f8-9a1c-a4860ae6e4ee",
              "parentUUID": "598a7d83-b728-4109-83cd-f80b9054d061",
              "isHook": false,
              "skipped": false
            },
            {
              "title": "Verify Checkout Page Title Negative Test",
              "fullTitle": "Checkout Page Tests Verify Checkout Page Title Negative Test",
              "timedOut": null,
              "duration": 1413,
              "state": "passed",
              "speed": "fast",
              "pass": true,
              "fail": false,
              "pending": false,
              "context": null,
              "code": "inventoryP.getFirstItemBtn().click();\ninventoryP.cartLink().click();\ncheckoutP.checkOutBtn().click();\ncy.url().should('include', 'checkout-step-one.html');\ncheckoutP.checkOutTitle().should('not.have.text', 'Checkout: Your Information123');",
              "err": {},
              "uuid": "fc4d6329-e055-452a-a94b-748805bc7092",
              "parentUUID": "598a7d83-b728-4109-83cd-f80b9054d061",
              "isHook": false,
              "skipped": false
            }
          ],
          "suites": [],
          "passes": [
            "61864f08-95ab-4699-8771-94d316ccd99c",
            "bf026565-f067-48df-9888-6191e240d38f",
            "2be08a5e-c771-42da-8d67-3a319674f809",
            "73ce5b77-3140-4909-bd11-49282c98d702",
            "b1bb3f61-99b0-499a-a1f8-2d6c1a9e3dad",
            "377e9208-5f85-49d4-aae9-a040b89fbe66",
            "b6649db5-cae9-41f8-9a1c-a4860ae6e4ee",
            "fc4d6329-e055-452a-a94b-748805bc7092"
          ],
          "failures": [],
          "pending": [],
          "skipped": [],
          "duration": 18323,
          "root": false,
          "rootEmpty": false,
          "_timeout": 2000
        }
      ],
      "passes": [],
      "failures": [],
      "pending": [],
      "skipped": [],
      "duration": 0,
      "root": true,
      "rootEmpty": true,
      "_timeout": 2000
    }
  ],
  "meta": {
    "mocha": {
      "version": "7.2.0"
    },
    "mochawesome": {
      "options": {
        "quiet": false,
        "reportFilename": "mochawesome",
        "saveHtml": true,
        "saveJson": true,
        "consoleReporter": "spec",
        "useInlineDiffs": false,
        "code": true
      },
      "version": "7.1.4"
    },
    "marge": {
      "options": {
        "reportDir": "cypress/reports/mochawesome",
        "overwrite": false,
        "html": true,
        "json": true
      },
      "version": "6.3.2"
    }
  }
}