{
  "stats": {
    "suites": 1,
    "tests": 20,
    "passes": 20,
    "pending": 1,
    "failures": -1,
    "start": "2026-01-10T08:58:38.933Z",
    "end": "2026-01-10T08:59:14.105Z",
    "duration": 35172,
    "testsRegistered": 21,
    "passPercent": 100,
    "pendingPercent": 4.761904761904762,
    "other": 1,
    "hasOther": true,
    "skipped": 0,
    "hasSkipped": false
  },
  "results": [
    {
      "uuid": "ce96a9ba-42b3-4944-ac16-5c3e8088cf17",
      "title": "",
      "fullFile": "cypress\\e2e\\inventory.cy.js",
      "file": "cypress\\e2e\\inventory.cy.js",
      "beforeHooks": [],
      "afterHooks": [],
      "tests": [],
      "suites": [
        {
          "uuid": "8ca99331-a1bc-4a02-93eb-4db601ea8e7b",
          "title": "Invertory Page Tests",
          "fullFile": "",
          "file": "",
          "beforeHooks": [],
          "afterHooks": [],
          "tests": [
            {
              "title": "Verify Page Title on Inventory Page",
              "fullTitle": "Invertory Page Tests Verify Page Title on Inventory Page",
              "timedOut": null,
              "duration": 2790,
              "state": "passed",
              "speed": "fast",
              "pass": true,
              "fail": false,
              "pending": false,
              "context": null,
              "code": "cy.url().should('include', 'inventory.html');\ninventoryP.getPageTitle().should('have.text', 'Products');",
              "err": {},
              "uuid": "f31f5dd1-fc31-42ad-b3ab-a1889738105b",
              "parentUUID": "8ca99331-a1bc-4a02-93eb-4db601ea8e7b",
              "isHook": false,
              "skipped": false
            },
            {
              "title": "Verify Items Count on Inventory Page",
              "fullTitle": "Invertory Page Tests Verify Items Count on Inventory Page",
              "timedOut": null,
              "duration": 1512,
              "state": "passed",
              "speed": "fast",
              "pass": true,
              "fail": false,
              "pending": false,
              "context": null,
              "code": "cy.getByTest('inventory-item').should('have.length', 6);",
              "err": {},
              "uuid": "dd2c4316-eaaa-4498-896d-4b333cbb2650",
              "parentUUID": "8ca99331-a1bc-4a02-93eb-4db601ea8e7b",
              "isHook": false,
              "skipped": false
            },
            {
              "title": "Verify First Item Name on Inventory Page",
              "fullTitle": "Invertory Page Tests Verify First Item Name on Inventory Page",
              "timedOut": null,
              "duration": 1541,
              "state": "passed",
              "speed": "fast",
              "pass": true,
              "fail": false,
              "pending": false,
              "context": null,
              "code": "inventoryP.getItemNames().first().should('have.text', 'Sauce Labs Backpack');",
              "err": {},
              "uuid": "0f3bfd0a-3ea1-47fc-b2bd-b49b99f6ef6b",
              "parentUUID": "8ca99331-a1bc-4a02-93eb-4db601ea8e7b",
              "isHook": false,
              "skipped": false
            },
            {
              "title": "Verify Last Item Name on Inventory Page",
              "fullTitle": "Invertory Page Tests Verify Last Item Name on Inventory Page",
              "timedOut": null,
              "duration": 1810,
              "state": "passed",
              "speed": "fast",
              "pass": true,
              "fail": false,
              "pending": false,
              "context": null,
              "code": "inventoryP.getItemNames().last().should('have.text', 'Test.allTheThings() T-Shirt (Red)');",
              "err": {},
              "uuid": "5a033e94-bf1e-4f2e-b3d8-f4f450a5d3a2",
              "parentUUID": "8ca99331-a1bc-4a02-93eb-4db601ea8e7b",
              "isHook": false,
              "skipped": false
            },
            {
              "title": "Verify Inventory Items have Add to Cart Button",
              "fullTitle": "Invertory Page Tests Verify Inventory Items have Add to Cart Button",
              "timedOut": null,
              "duration": 1343,
              "state": "passed",
              "speed": "fast",
              "pass": true,
              "fail": false,
              "pending": false,
              "context": null,
              "code": "cy.getByTest('inventory-item').each($el => {\n  cy.wrap($el).find('button.btn_inventory').should('have.text', 'Add to cart');\n});",
              "err": {},
              "uuid": "f249fb82-c1b5-4321-8a37-93ccd00fc4f2",
              "parentUUID": "8ca99331-a1bc-4a02-93eb-4db601ea8e7b",
              "isHook": false,
              "skipped": false
            },
            {
              "title": "Verify Inventory Items have Price",
              "fullTitle": "Invertory Page Tests Verify Inventory Items have Price",
              "timedOut": null,
              "duration": 1440,
              "state": "passed",
              "speed": "fast",
              "pass": true,
              "fail": false,
              "pending": false,
              "context": null,
              "code": "cy.getByTest('inventory-item').each($el => {\n  cy.wrap($el).find('div.inventory_item_price').should('exist');\n});",
              "err": {},
              "uuid": "f78f0c94-3908-475c-866a-375d0a69128a",
              "parentUUID": "8ca99331-a1bc-4a02-93eb-4db601ea8e7b",
              "isHook": false,
              "skipped": false
            },
            {
              "title": "Verify Inventory Items have Image",
              "fullTitle": "Invertory Page Tests Verify Inventory Items have Image",
              "timedOut": null,
              "duration": 1445,
              "state": "passed",
              "speed": "fast",
              "pass": true,
              "fail": false,
              "pending": false,
              "context": null,
              "code": "cy.getByTest('inventory-item').each($el => {\n  cy.wrap($el).find('img.inventory_item_img').should('exist');\n});",
              "err": {},
              "uuid": "9d09b0d2-6785-4ab7-ae83-d978af6bc9a1",
              "parentUUID": "8ca99331-a1bc-4a02-93eb-4db601ea8e7b",
              "isHook": false,
              "skipped": false
            },
            {
              "title": "Verify Inventory Items have Description",
              "fullTitle": "Invertory Page Tests Verify Inventory Items have Description",
              "timedOut": null,
              "duration": 1461,
              "state": "passed",
              "speed": "fast",
              "pass": true,
              "fail": false,
              "pending": false,
              "context": null,
              "code": "cy.getByTest('inventory-item').each($el => {\n  cy.wrap($el).find('div.inventory_item_desc').should('exist');\n});",
              "err": {},
              "uuid": "3ad6ccf1-b908-4d06-a271-9e2610409f36",
              "parentUUID": "8ca99331-a1bc-4a02-93eb-4db601ea8e7b",
              "isHook": false,
              "skipped": false
            },
            {
              "title": "Verify Inventory Items have Remove Button after Adding to Cart",
              "fullTitle": "Invertory Page Tests Verify Inventory Items have Remove Button after Adding to Cart",
              "timedOut": null,
              "duration": 1525,
              "state": "passed",
              "speed": "fast",
              "pass": true,
              "fail": false,
              "pending": false,
              "context": null,
              "code": "inventoryP.getFirstItemBtn().click();\ninventoryP.getFirstItemBtn().should('have.text', 'Remove');",
              "err": {},
              "uuid": "3c551698-9f7c-4a27-8c12-d3e407f3d971",
              "parentUUID": "8ca99331-a1bc-4a02-93eb-4db601ea8e7b",
              "isHook": false,
              "skipped": false
            },
            {
              "title": "Add First Item to Cart",
              "fullTitle": "Invertory Page Tests Add First Item to Cart",
              "timedOut": null,
              "duration": 1480,
              "state": "passed",
              "speed": "fast",
              "pass": true,
              "fail": false,
              "pending": false,
              "context": null,
              "code": "inventoryP.getFirstItemBtn().click();\ncy.get('.shopping_cart_badge').should('have.text', '1');",
              "err": {},
              "uuid": "2ebfe31f-1e76-4cc4-b7bf-9e0b78af7052",
              "parentUUID": "8ca99331-a1bc-4a02-93eb-4db601ea8e7b",
              "isHook": false,
              "skipped": false
            },
            {
              "title": "Add All Items to Cart",
              "fullTitle": "Invertory Page Tests Add All Items to Cart",
              "timedOut": null,
              "duration": 2001,
              "state": "passed",
              "speed": "fast",
              "pass": true,
              "fail": false,
              "pending": false,
              "context": null,
              "code": "cy.get('button.btn_inventory').each($el => {\n  cy.wrap($el).click();\n});\ncy.get('.shopping_cart_badge').should('have.text', '6');",
              "err": {},
              "uuid": "8d777e4e-b597-4b56-a61e-0481ec25d002",
              "parentUUID": "8ca99331-a1bc-4a02-93eb-4db601ea8e7b",
              "isHook": false,
              "skipped": false
            },
            {
              "title": "Remove First Item from Cart",
              "fullTitle": "Invertory Page Tests Remove First Item from Cart",
              "timedOut": null,
              "duration": 1597,
              "state": "passed",
              "speed": "fast",
              "pass": true,
              "fail": false,
              "pending": false,
              "context": null,
              "code": "inventoryP.getFirstItemBtn().click();\ncy.get('.shopping_cart_badge').should('have.text', '1');\ninventoryP.getFirstItemBtn().click();\ncy.get('.shopping_cart_badge').should('not.exist');",
              "err": {},
              "uuid": "9dedbd66-4e6b-4dae-a702-ae67a5a5d51e",
              "parentUUID": "8ca99331-a1bc-4a02-93eb-4db601ea8e7b",
              "isHook": false,
              "skipped": false
            },
            {
              "title": "Remove All Items from Cart",
              "fullTitle": "Invertory Page Tests Remove All Items from Cart",
              "timedOut": null,
              "duration": 2825,
              "state": "passed",
              "speed": "fast",
              "pass": true,
              "fail": false,
              "pending": false,
              "context": null,
              "code": "cy.get('button.btn_inventory').each($el => {\n  cy.wrap($el).click();\n});\ncy.get('.shopping_cart_badge').should('have.text', '6');\ncy.get('button.btn_inventory').each($el => {\n  cy.wrap($el).click();\n});\ncy.get('.shopping_cart_badge').should('not.exist');",
              "err": {},
              "uuid": "96dcc33f-2b50-4424-b0c0-7ce2ba4e8049",
              "parentUUID": "8ca99331-a1bc-4a02-93eb-4db601ea8e7b",
              "isHook": false,
              "skipped": false
            },
            {
              "title": "Navigate to Cart Page",
              "fullTitle": "Invertory Page Tests Navigate to Cart Page",
              "timedOut": null,
              "duration": 1666,
              "state": "passed",
              "speed": "fast",
              "pass": true,
              "fail": false,
              "pending": false,
              "context": null,
              "code": "inventoryP.getFirstItemBtn().click();\ninventoryP.cartLink().click();\ncy.url().should('include', 'cart.html');\ninventoryP.cartBadge().should('have.text', '1');",
              "err": {},
              "uuid": "d8a49abf-8ac3-4f5c-81cc-75c02bb5004e",
              "parentUUID": "8ca99331-a1bc-4a02-93eb-4db601ea8e7b",
              "isHook": false,
              "skipped": false
            },
            {
              "title": "Verify Sorting Items by Name A to Z",
              "fullTitle": "Invertory Page Tests Verify Sorting Items by Name A to Z",
              "timedOut": null,
              "duration": 1658,
              "state": "passed",
              "speed": "fast",
              "pass": true,
              "fail": false,
              "pending": false,
              "context": null,
              "code": "cy.getByTest('product-sort-container').select('Name (A to Z)');\ninventoryP.getItemNames().first().should('have.text', 'Sauce Labs Backpack');\ninventoryP.getItemNames().last().should('have.text', 'Test.allTheThings() T-Shirt (Red)');",
              "err": {},
              "uuid": "58a8fadb-ec13-4b1d-87f9-90996a346d4b",
              "parentUUID": "8ca99331-a1bc-4a02-93eb-4db601ea8e7b",
              "isHook": false,
              "skipped": false
            },
            {
              "title": "Verify Sorting Items by Name Z to A",
              "fullTitle": "Invertory Page Tests Verify Sorting Items by Name Z to A",
              "timedOut": null,
              "duration": 1599,
              "state": "passed",
              "speed": "fast",
              "pass": true,
              "fail": false,
              "pending": false,
              "context": null,
              "code": "cy.getByTest('product-sort-container').select('Name (Z to A)');\ninventoryP.getItemNames().first().should('have.text', 'Test.allTheThings() T-Shirt (Red)');\ninventoryP.getItemNames().last().should('have.text', 'Sauce Labs Backpack');",
              "err": {},
              "uuid": "c30e8106-09ce-452b-a8d2-6e55ff7329df",
              "parentUUID": "8ca99331-a1bc-4a02-93eb-4db601ea8e7b",
              "isHook": false,
              "skipped": false
            },
            {
              "title": "Verify Sorting Items by Price Low to High",
              "fullTitle": "Invertory Page Tests Verify Sorting Items by Price Low to High",
              "timedOut": null,
              "duration": 1540,
              "state": "passed",
              "speed": "fast",
              "pass": true,
              "fail": false,
              "pending": false,
              "context": null,
              "code": "cy.getByTest('product-sort-container').select('Price (low to high)');\ncy.getByTest('inventory-item-price').first().should('have.text', '$7.99');\ncy.getByTest('inventory-item-price').last().should('have.text', '$49.99');",
              "err": {},
              "uuid": "5cfe0aa8-7438-4c1b-807a-282426442e93",
              "parentUUID": "8ca99331-a1bc-4a02-93eb-4db601ea8e7b",
              "isHook": false,
              "skipped": false
            },
            {
              "title": "Verify Sorting Items by Price High to Low",
              "fullTitle": "Invertory Page Tests Verify Sorting Items by Price High to Low",
              "timedOut": null,
              "duration": 1533,
              "state": "passed",
              "speed": "fast",
              "pass": true,
              "fail": false,
              "pending": false,
              "context": null,
              "code": "cy.getByTest('product-sort-container').select('Price (high to low)');\ncy.getByTest('inventory-item-price').first().should('have.text', '$49.99');\ncy.getByTest('inventory-item-price').last().should('have.text', '$7.99');",
              "err": {},
              "uuid": "46d70bbe-2ffe-43c6-8b44-1ecd72f8e9c6",
              "parentUUID": "8ca99331-a1bc-4a02-93eb-4db601ea8e7b",
              "isHook": false,
              "skipped": false
            },
            {
              "title": "Verify click on a product name navigates to the product detail page",
              "fullTitle": "Invertory Page Tests Verify click on a product name navigates to the product detail page",
              "timedOut": null,
              "duration": 1343,
              "state": "passed",
              "speed": "fast",
              "pass": true,
              "fail": false,
              "pending": false,
              "context": null,
              "code": "inventoryP.getFirstItemName().invoke('text').then(name => {\n  // cy.log(name);\n  inventoryP.getFirstItemName().click();\n  cy.url().should('include', 'inventory-item.html?id=');\n  cy.getByTest('inventory-item-name').should('have.text', name.trim());\n});",
              "err": {},
              "uuid": "eefe36f7-65fd-46a7-90f8-f1eff3650f2a",
              "parentUUID": "8ca99331-a1bc-4a02-93eb-4db601ea8e7b",
              "isHook": false,
              "skipped": false
            },
            {
              "title": "Verify click on a product name navigate to the product detail page and back to inventory page",
              "fullTitle": "Invertory Page Tests Verify click on a product name navigate to the product detail page and back to inventory page",
              "timedOut": null,
              "duration": 0,
              "state": "pending",
              "speed": null,
              "pass": false,
              "fail": false,
              "pending": true,
              "context": null,
              "code": "inventoryP.getFirstItemName().invoke('text').then(name => {\n  cy.getByTest('inventory-item-desc').first().invoke('text').then(itemDesc => {\n    inventoryP.getFirstItemName().click();\n    cy.url().should('include', 'inventory-item.html?id=');\n    cy.getByTest('inventory-item-name').should('have.text', name.trim());\n    cy.getByTest('inventory-item-desc').should('have.text', itemDesc.trim());\n    cy.go('back');\n  });\n});",
              "err": {},
              "uuid": "d309a329-45a1-4457-a8c2-8d03e3b005d3",
              "parentUUID": "8ca99331-a1bc-4a02-93eb-4db601ea8e7b",
              "isHook": false,
              "skipped": false
            },
            {
              "title": "Verify click on a product name navigate to the product detail page and back to inventory page",
              "fullTitle": "Invertory Page Tests Verify click on a product name navigate to the product detail page and back to inventory page",
              "timedOut": null,
              "duration": 1538,
              "state": "passed",
              "speed": "fast",
              "pass": true,
              "fail": false,
              "pending": false,
              "context": null,
              "code": "inventoryP.getFirstItemName().invoke('text').as('firstItemName');\ncy.getByTest('inventory-item-desc').first().invoke('text').as('firstItemDesc');\ninventoryP.getFirstItemName().click();\ncy.url().should('include', 'inventory-item.html?id=');\ncy.get('@firstItemName').then(name => {\n  cy.getByTest('inventory-item-name').should('have.text', name.trim());\n});\ncy.get('@firstItemDesc').then(itemDesc => {\n  cy.getByTest('inventory-item-desc').should('have.text', itemDesc.trim());\n});\n/*\nthis .go function to go back to previous page of browser history\n this function use \n  going back ('back') or (-1)\n    going forward ('forward') or (1)\n*/\ncy.go('back');",
              "err": {},
              "uuid": "791c3e23-7404-466d-8689-28b6eb0a90b2",
              "parentUUID": "8ca99331-a1bc-4a02-93eb-4db601ea8e7b",
              "isHook": false,
              "skipped": false
            }
          ],
          "suites": [],
          "passes": [
            "f31f5dd1-fc31-42ad-b3ab-a1889738105b",
            "dd2c4316-eaaa-4498-896d-4b333cbb2650",
            "0f3bfd0a-3ea1-47fc-b2bd-b49b99f6ef6b",
            "5a033e94-bf1e-4f2e-b3d8-f4f450a5d3a2",
            "f249fb82-c1b5-4321-8a37-93ccd00fc4f2",
            "f78f0c94-3908-475c-866a-375d0a69128a",
            "9d09b0d2-6785-4ab7-ae83-d978af6bc9a1",
            "3ad6ccf1-b908-4d06-a271-9e2610409f36",
            "3c551698-9f7c-4a27-8c12-d3e407f3d971",
            "2ebfe31f-1e76-4cc4-b7bf-9e0b78af7052",
            "8d777e4e-b597-4b56-a61e-0481ec25d002",
            "9dedbd66-4e6b-4dae-a702-ae67a5a5d51e",
            "96dcc33f-2b50-4424-b0c0-7ce2ba4e8049",
            "d8a49abf-8ac3-4f5c-81cc-75c02bb5004e",
            "58a8fadb-ec13-4b1d-87f9-90996a346d4b",
            "c30e8106-09ce-452b-a8d2-6e55ff7329df",
            "5cfe0aa8-7438-4c1b-807a-282426442e93",
            "46d70bbe-2ffe-43c6-8b44-1ecd72f8e9c6",
            "eefe36f7-65fd-46a7-90f8-f1eff3650f2a",
            "791c3e23-7404-466d-8689-28b6eb0a90b2"
          ],
          "failures": [],
          "pending": [
            "d309a329-45a1-4457-a8c2-8d03e3b005d3"
          ],
          "skipped": [],
          "duration": 33647,
          "root": false,
          "rootEmpty": false,
          "_timeout": 2000
        }
      ],
      "passes": [],
      "failures": [],
      "pending": [],
      "skipped": [],
      "duration": 0,
      "root": true,
      "rootEmpty": true,
      "_timeout": 2000
    }
  ],
  "meta": {
    "mocha": {
      "version": "7.2.0"
    },
    "mochawesome": {
      "options": {
        "quiet": false,
        "reportFilename": "mochawesome",
        "saveHtml": true,
        "saveJson": true,
        "consoleReporter": "spec",
        "useInlineDiffs": false,
        "code": true
      },
      "version": "7.1.4"
    },
    "marge": {
      "options": {
        "reportDir": "cypress/reports/mochawesome",
        "overwrite": false,
        "html": true,
        "json": true
      },
      "version": "6.3.2"
    }
  }
}