{
  "stats": {
    "suites": 1,
    "tests": 3,
    "passes": 2,
    "pending": 0,
    "failures": 1,
    "start": "2026-01-10T08:58:25.423Z",
    "end": "2026-01-10T08:58:35.702Z",
    "duration": 10279,
    "testsRegistered": 3,
    "passPercent": 66.66666666666666,
    "pendingPercent": 0,
    "other": 0,
    "hasOther": false,
    "skipped": 0,
    "hasSkipped": false
  },
  "results": [
    {
      "uuid": "79d14ece-d621-489a-bbda-a7d3651a3ab8",
      "title": "",
      "fullFile": "cypress\\e2e\\footer.cy.js",
      "file": "cypress\\e2e\\footer.cy.js",
      "beforeHooks": [],
      "afterHooks": [],
      "tests": [],
      "suites": [
        {
          "uuid": "6f9323da-b890-4c35-8d70-b118f0801165",
          "title": "Footer Tests",
          "fullFile": "",
          "file": "",
          "beforeHooks": [],
          "afterHooks": [],
          "tests": [
            {
              "title": "Verify Footer Container is Visible",
              "fullTitle": "Footer Tests Verify Footer Container is Visible",
              "timedOut": null,
              "duration": 2830,
              "state": "passed",
              "speed": "fast",
              "pass": true,
              "fail": false,
              "pending": false,
              "context": null,
              "code": "footerP.footerContainer().should('be.visible');",
              "err": {},
              "uuid": "872b699c-995c-4b94-b08c-3bbc98156ca2",
              "parentUUID": "6f9323da-b890-4c35-8d70-b118f0801165",
              "isHook": false,
              "skipped": false
            },
            {
              "title": "Verify Footer Link",
              "fullTitle": "Footer Tests Verify Footer Link",
              "timedOut": null,
              "duration": 1611,
              "state": "passed",
              "speed": "fast",
              "pass": true,
              "fail": false,
              "pending": false,
              "context": null,
              "code": "const footerLink = ['https://twitter.com/saucelabs', 'https://www.facebook.com/saucelabs', 'https://www.linkedin.com/company/sauce-labs/'];\ncy.get('.social li').each(($el, index) => {\n  cy.wrap($el).find('a').should('have.attr', 'href').and('contains', footerLink[index]);\n});",
              "err": {},
              "uuid": "98a9a27f-b012-4063-93ad-727d8c0d0621",
              "parentUUID": "6f9323da-b890-4c35-8d70-b118f0801165",
              "isHook": false,
              "skipped": false
            },
            {
              "title": "Verify Footer Text",
              "fullTitle": "Footer Tests Verify Footer Text",
              "timedOut": null,
              "duration": 5690,
              "state": "failed",
              "speed": null,
              "pass": false,
              "fail": true,
              "pending": false,
              "context": null,
              "code": "footerP.footerText().should('have.text', '© 2025 Sauce Labs. All Rights Reserved. Terms of Service | Privacy Policy');",
              "err": {
                "message": "AssertionError: Timed out retrying after 4000ms: expected '<div.footer_copy>' to have text '© 2025 Sauce Labs. All Rights Reserved. Terms of Service | Privacy Policy', but the text was '© 2026 Sauce Labs. All Rights Reserved. Terms of Service | Privacy Policy'",
                "estack": "AssertionError: Timed out retrying after 4000ms: expected '<div.footer_copy>' to have text '© 2025 Sauce Labs. All Rights Reserved. Terms of Service | Privacy Policy', but the text was '© 2026 Sauce Labs. All Rights Reserved. Terms of Service | Privacy Policy'\n    at Context.eval (webpack://cypress-saucedemo/./cypress/e2e/footer.cy.js:35:25)",
                "diff": "- '© 2026 Sauce Labs. All Rights Reserved. Terms of Service | Privacy Policy'\n+ '© 2025 Sauce Labs. All Rights Reserved. Terms of Service | Privacy Policy'\n"
              },
              "uuid": "d36aca78-fefe-4a05-a70b-9caa65db297e",
              "parentUUID": "6f9323da-b890-4c35-8d70-b118f0801165",
              "isHook": false,
              "skipped": false
            }
          ],
          "suites": [],
          "passes": [
            "872b699c-995c-4b94-b08c-3bbc98156ca2",
            "98a9a27f-b012-4063-93ad-727d8c0d0621"
          ],
          "failures": [
            "d36aca78-fefe-4a05-a70b-9caa65db297e"
          ],
          "pending": [],
          "skipped": [],
          "duration": 10131,
          "root": false,
          "rootEmpty": false,
          "_timeout": 2000
        }
      ],
      "passes": [],
      "failures": [],
      "pending": [],
      "skipped": [],
      "duration": 0,
      "root": true,
      "rootEmpty": true,
      "_timeout": 2000
    }
  ],
  "meta": {
    "mocha": {
      "version": "7.2.0"
    },
    "mochawesome": {
      "options": {
        "quiet": false,
        "reportFilename": "mochawesome",
        "saveHtml": true,
        "saveJson": true,
        "consoleReporter": "spec",
        "useInlineDiffs": false,
        "code": true
      },
      "version": "7.1.4"
    },
    "marge": {
      "options": {
        "reportDir": "cypress/reports/mochawesome",
        "overwrite": false,
        "html": true,
        "json": true
      },
      "version": "6.3.2"
    }
  }
}