{
  "stats": {
    "suites": 1,
    "tests": 3,
    "passes": 3,
    "pending": 0,
    "failures": 0,
    "start": "2025-12-28T15:43:35.449Z",
    "end": "2025-12-28T15:43:41.143Z",
    "duration": 5694,
    "testsRegistered": 3,
    "passPercent": 100,
    "pendingPercent": 0,
    "other": 0,
    "hasOther": false,
    "skipped": 0,
    "hasSkipped": false
  },
  "results": [
    {
      "uuid": "6cfcc0d0-4c0c-4ac3-8794-569e65c51f88",
      "title": "",
      "fullFile": "cypress\\e2e\\footer.cy.js",
      "file": "cypress\\e2e\\footer.cy.js",
      "beforeHooks": [],
      "afterHooks": [],
      "tests": [],
      "suites": [
        {
          "uuid": "9a53f66f-f08c-4b3b-8642-9801767963b9",
          "title": "Footer Tests",
          "fullFile": "",
          "file": "",
          "beforeHooks": [],
          "afterHooks": [],
          "tests": [
            {
              "title": "Verify Footer Container is Visible",
              "fullTitle": "Footer Tests Verify Footer Container is Visible",
              "timedOut": null,
              "duration": 2502,
              "state": "passed",
              "speed": "fast",
              "pass": true,
              "fail": false,
              "pending": false,
              "context": null,
              "code": "footerP.footerContainer().should('be.visible');",
              "err": {},
              "uuid": "1681f182-954b-42af-834e-167d035a883f",
              "parentUUID": "9a53f66f-f08c-4b3b-8642-9801767963b9",
              "isHook": false,
              "skipped": false
            },
            {
              "title": "Verify Footer Link",
              "fullTitle": "Footer Tests Verify Footer Link",
              "timedOut": null,
              "duration": 1519,
              "state": "passed",
              "speed": "fast",
              "pass": true,
              "fail": false,
              "pending": false,
              "context": null,
              "code": "const footerLink = ['https://twitter.com/saucelabs', 'https://www.facebook.com/saucelabs', 'https://www.linkedin.com/company/sauce-labs/'];\ncy.get('.social li').each(($el, index) => {\n  cy.wrap($el).find('a').should('have.attr', 'href').and('contains', footerLink[index]);\n});",
              "err": {},
              "uuid": "6c13f0ff-d302-4e12-8646-d5f39f5df8ba",
              "parentUUID": "9a53f66f-f08c-4b3b-8642-9801767963b9",
              "isHook": false,
              "skipped": false
            },
            {
              "title": "Verify Footer Text",
              "fullTitle": "Footer Tests Verify Footer Text",
              "timedOut": null,
              "duration": 1501,
              "state": "passed",
              "speed": "fast",
              "pass": true,
              "fail": false,
              "pending": false,
              "context": null,
              "code": "footerP.footerText().should('have.text', '© 2025 Sauce Labs. All Rights Reserved. Terms of Service | Privacy Policy');",
              "err": {},
              "uuid": "30658975-194e-4de0-92e4-0516e55ef64b",
              "parentUUID": "9a53f66f-f08c-4b3b-8642-9801767963b9",
              "isHook": false,
              "skipped": false
            }
          ],
          "suites": [],
          "passes": [
            "1681f182-954b-42af-834e-167d035a883f",
            "6c13f0ff-d302-4e12-8646-d5f39f5df8ba",
            "30658975-194e-4de0-92e4-0516e55ef64b"
          ],
          "failures": [],
          "pending": [],
          "skipped": [],
          "duration": 5522,
          "root": false,
          "rootEmpty": false,
          "_timeout": 2000
        }
      ],
      "passes": [],
      "failures": [],
      "pending": [],
      "skipped": [],
      "duration": 0,
      "root": true,
      "rootEmpty": true,
      "_timeout": 2000
    }
  ],
  "meta": {
    "mocha": {
      "version": "7.2.0"
    },
    "mochawesome": {
      "options": {
        "quiet": false,
        "reportFilename": "mochawesome",
        "saveHtml": true,
        "saveJson": true,
        "consoleReporter": "spec",
        "useInlineDiffs": false,
        "code": true
      },
      "version": "7.1.4"
    },
    "marge": {
      "options": {
        "reportDir": "cypress/reports/mochawesome",
        "overwrite": false,
        "html": true,
        "json": true
      },
      "version": "6.3.2"
    }
  }
}