{
  "stats": {
    "suites": 1,
    "tests": 19,
    "passes": 19,
    "pending": 0,
    "failures": 0,
    "start": "2025-12-28T13:56:42.967Z",
    "end": "2025-12-28T13:57:22.313Z",
    "duration": 39346,
    "testsRegistered": 19,
    "passPercent": 100,
    "pendingPercent": 0,
    "other": 0,
    "hasOther": false,
    "skipped": 0,
    "hasSkipped": false
  },
  "results": [
    {
      "uuid": "1e2e39ec-e19a-4ba7-82a1-fa1841187c42",
      "title": "",
      "fullFile": "cypress\\e2e\\cart.cy.js",
      "file": "cypress\\e2e\\cart.cy.js",
      "beforeHooks": [],
      "afterHooks": [],
      "tests": [],
      "suites": [
        {
          "uuid": "02a89dfb-f96d-4630-89d2-266d4a495b66",
          "title": "Cart Page Tests",
          "fullFile": "",
          "file": "",
          "beforeHooks": [],
          "afterHooks": [],
          "tests": [
            {
              "title": "Verify Page Title on Cart Page",
              "fullTitle": "Cart Page Tests Verify Page Title on Cart Page",
              "timedOut": null,
              "duration": 4707,
              "state": "passed",
              "speed": "fast",
              "pass": true,
              "fail": false,
              "pending": false,
              "context": null,
              "code": "cy.getByTest('shopping-cart-link').click();\ncy.url().should('include', 'cart.html');\ncartP.getCartPageTitle().should('have.text', 'Your Cart');",
              "err": {},
              "uuid": "caf5d114-f48a-4626-9a3d-6533fafa37d2",
              "parentUUID": "02a89dfb-f96d-4630-89d2-266d4a495b66",
              "isHook": false,
              "skipped": false
            },
            {
              "title": "Verify Cart is Empty when no items added",
              "fullTitle": "Cart Page Tests Verify Cart is Empty when no items added",
              "timedOut": null,
              "duration": 1541,
              "state": "passed",
              "speed": "fast",
              "pass": true,
              "fail": false,
              "pending": false,
              "context": null,
              "code": "cy.getByTest('shopping-cart-link').click();\ncy.get('.cart_item').should('have.length', 0);",
              "err": {},
              "uuid": "7daa3cc6-01df-4d30-bfe0-1aa807260aef",
              "parentUUID": "02a89dfb-f96d-4630-89d2-266d4a495b66",
              "isHook": false,
              "skipped": false
            },
            {
              "title": "Verify Items in Cart after adding from Inventory",
              "fullTitle": "Cart Page Tests Verify Items in Cart after adding from Inventory",
              "timedOut": null,
              "duration": 1800,
              "state": "passed",
              "speed": "fast",
              "pass": true,
              "fail": false,
              "pending": false,
              "context": null,
              "code": "inventoryP.getFirstItemBtn().click();\ninventoryP.cartLink().click();\ncy.get('.cart_item').each($el => {\n  cy.wrap($el).find('.cart_quantity').should('have.text', '1');\n});",
              "err": {},
              "uuid": "6dd815f9-580b-45b1-8647-a24805939812",
              "parentUUID": "02a89dfb-f96d-4630-89d2-266d4a495b66",
              "isHook": false,
              "skipped": false
            },
            {
              "title": "Verify Cart Badge Count after adding items",
              "fullTitle": "Cart Page Tests Verify Cart Badge Count after adding items",
              "timedOut": null,
              "duration": 1448,
              "state": "passed",
              "speed": "fast",
              "pass": true,
              "fail": false,
              "pending": false,
              "context": null,
              "code": "inventoryP.getFirstItemBtn().click();\ninventoryP.cartBadge().should('have.text', '1');",
              "err": {},
              "uuid": "564007ba-20d7-4f62-8525-da33631cd4ba",
              "parentUUID": "02a89dfb-f96d-4630-89d2-266d4a495b66",
              "isHook": false,
              "skipped": false
            },
            {
              "title": "Verify Removing Item from Cart",
              "fullTitle": "Cart Page Tests Verify Removing Item from Cart",
              "timedOut": null,
              "duration": 2456,
              "state": "passed",
              "speed": "fast",
              "pass": true,
              "fail": false,
              "pending": false,
              "context": null,
              "code": "inventoryP.getFirstItemBtn().click();\ninventoryP.cartLink().click();\ncy.url().should('include', 'cart.html');\ncartP.cartRemoveButton().click();\ninventoryP.cartBadge().should('not.exist');",
              "err": {},
              "uuid": "11215d4a-fb27-40f6-afa0-61597b6836fd",
              "parentUUID": "02a89dfb-f96d-4630-89d2-266d4a495b66",
              "isHook": false,
              "skipped": false
            },
            {
              "title": "Verify Continue Shopping Button on Cart Page",
              "fullTitle": "Cart Page Tests Verify Continue Shopping Button on Cart Page",
              "timedOut": null,
              "duration": 1745,
              "state": "passed",
              "speed": "fast",
              "pass": true,
              "fail": false,
              "pending": false,
              "context": null,
              "code": "inventoryP.getFirstItemBtn().click();\ninventoryP.cartLink().click();\ncy.getByTest('continue-shopping').click();\ncy.url().should('include', 'inventory.html');",
              "err": {},
              "uuid": "6d5970b8-55a6-4236-9547-5178060eff55",
              "parentUUID": "02a89dfb-f96d-4630-89d2-266d4a495b66",
              "isHook": false,
              "skipped": false
            },
            {
              "title": "Verify Checkout Button on Cart Page",
              "fullTitle": "Cart Page Tests Verify Checkout Button on Cart Page",
              "timedOut": null,
              "duration": 1604,
              "state": "passed",
              "speed": "fast",
              "pass": true,
              "fail": false,
              "pending": false,
              "context": null,
              "code": "inventoryP.getFirstItemBtn().click();\ninventoryP.cartLink().click();\ncy.getByTest('checkout').should('exist').and('have.text', 'Checkout');",
              "err": {},
              "uuid": "a348baf3-7ff7-4726-9b2c-46c9af2ed448",
              "parentUUID": "02a89dfb-f96d-4630-89d2-266d4a495b66",
              "isHook": false,
              "skipped": false
            },
            {
              "title": "Verify Adding Multiple Items to Cart and their Count",
              "fullTitle": "Cart Page Tests Verify Adding Multiple Items to Cart and their Count",
              "timedOut": null,
              "duration": 1559,
              "state": "passed",
              "speed": "fast",
              "pass": true,
              "fail": false,
              "pending": false,
              "context": null,
              "code": "cartP.getInventoryBtn().each(($el, index) => {\n  if (index < 3) {\n    cy.wrap($el).click();\n  }\n});\ninventoryP.cartBadge().should('have.text', '3');",
              "err": {},
              "uuid": "a27ad752-2d95-4996-83d0-8a2774bf7117",
              "parentUUID": "02a89dfb-f96d-4630-89d2-266d4a495b66",
              "isHook": false,
              "skipped": false
            },
            {
              "title": "Verify Removing Multiple Items from Cart and their Count",
              "fullTitle": "Cart Page Tests Verify Removing Multiple Items from Cart and their Count",
              "timedOut": null,
              "duration": 1920,
              "state": "passed",
              "speed": "fast",
              "pass": true,
              "fail": false,
              "pending": false,
              "context": null,
              "code": "cartP.getInventoryBtn().each(($el, index) => {\n  if (index < 3) {\n    cy.wrap($el).click();\n  }\n});\ninventoryP.cartBadge().should('have.text', '3');\ncartP.getInventoryBtn().each(($el, index) => {\n  if (index < 3) {\n    cy.wrap($el).click();\n  }\n});\ninventoryP.cartBadge().should('not.exist');",
              "err": {},
              "uuid": "ddd3cd2d-84c0-4fef-a8f4-9beedc04dfd0",
              "parentUUID": "02a89dfb-f96d-4630-89d2-266d4a495b66",
              "isHook": false,
              "skipped": false
            },
            {
              "title": "Verify Cart Page after Logout and Login again",
              "fullTitle": "Cart Page Tests Verify Cart Page after Logout and Login again",
              "timedOut": null,
              "duration": 3520,
              "state": "passed",
              "speed": "fast",
              "pass": true,
              "fail": false,
              "pending": false,
              "context": null,
              "code": "inventoryP.getFirstItemBtn().click();\ninventoryP.cartLink().click();\ncy.url().should('include', 'cart.html');\nloginP.logout();\nloginP.SouceLogin('standard_user', 'secret_sauce');\ninventoryP.cartLink().click();\ncy.get('.cart_item').should('have.length', 1);",
              "err": {},
              "uuid": "9c77bd7d-a604-49a2-9dec-972e10b34cd0",
              "parentUUID": "02a89dfb-f96d-4630-89d2-266d4a495b66",
              "isHook": false,
              "skipped": false
            },
            {
              "title": "Verify Cart Page UI Elements",
              "fullTitle": "Cart Page Tests Verify Cart Page UI Elements",
              "timedOut": null,
              "duration": 1669,
              "state": "passed",
              "speed": "fast",
              "pass": true,
              "fail": false,
              "pending": false,
              "context": null,
              "code": "inventoryP.getFirstItemBtn().click();\ninventoryP.cartLink().click();\ncy.get('.cart_item').should('exist');\ncartP.getCartPageTitle().should('exist');\ncy.getByTest('continue-shopping').should('exist');\ncy.getByTest('checkout').should('exist');",
              "err": {},
              "uuid": "4cb3608d-ba07-4c72-8280-23988e80983e",
              "parentUUID": "02a89dfb-f96d-4630-89d2-266d4a495b66",
              "isHook": false,
              "skipped": false
            },
            {
              "title": "Verify Adding and Removing Item updates Cart Badge correctly",
              "fullTitle": "Cart Page Tests Verify Adding and Removing Item updates Cart Badge correctly",
              "timedOut": null,
              "duration": 1467,
              "state": "passed",
              "speed": "fast",
              "pass": true,
              "fail": false,
              "pending": false,
              "context": null,
              "code": "inventoryP.getFirstItemBtn().click();\ninventoryP.cartBadge().should('have.text', '1');\ninventoryP.getFirstItemBtn().click();\ninventoryP.cartBadge().should('not.exist');",
              "err": {},
              "uuid": "623ec100-c426-4a06-ad33-10f4b45cc96a",
              "parentUUID": "02a89dfb-f96d-4630-89d2-266d4a495b66",
              "isHook": false,
              "skipped": false
            },
            {
              "title": "Verify Cart Page is Accessible from Inventory after Adding Item",
              "fullTitle": "Cart Page Tests Verify Cart Page is Accessible from Inventory after Adding Item",
              "timedOut": null,
              "duration": 1508,
              "state": "passed",
              "speed": "fast",
              "pass": true,
              "fail": false,
              "pending": false,
              "context": null,
              "code": "inventoryP.getFirstItemBtn().click();\ninventoryP.cartLink().click();\ncy.url().should('include', 'cart.html');\ncartP.getCartPageTitle().should('have.text', 'Your Cart');",
              "err": {},
              "uuid": "86b81fee-943b-4efd-afd4-03abbd093e29",
              "parentUUID": "02a89dfb-f96d-4630-89d2-266d4a495b66",
              "isHook": false,
              "skipped": false
            },
            {
              "title": "Verify Cart Page is Accessible from Inventory without Adding Item",
              "fullTitle": "Cart Page Tests Verify Cart Page is Accessible from Inventory without Adding Item",
              "timedOut": null,
              "duration": 1433,
              "state": "passed",
              "speed": "fast",
              "pass": true,
              "fail": false,
              "pending": false,
              "context": null,
              "code": "inventoryP.cartLink().click();\ncy.url().should('include', 'cart.html');\ncartP.getCartPageTitle().should('have.text', 'Your Cart');",
              "err": {},
              "uuid": "447f325a-8122-4eeb-8d0d-72928c5f047b",
              "parentUUID": "02a89dfb-f96d-4630-89d2-266d4a495b66",
              "isHook": false,
              "skipped": false
            },
            {
              "title": "Verify Removing Item from Cart updates Inventory Button Text",
              "fullTitle": "Cart Page Tests Verify Removing Item from Cart updates Inventory Button Text",
              "timedOut": null,
              "duration": 1761,
              "state": "passed",
              "speed": "fast",
              "pass": true,
              "fail": false,
              "pending": false,
              "context": null,
              "code": "inventoryP.getFirstItemBtn().click();\ninventoryP.cartLink().click();\ncy.url().should('include', 'cart.html');\ncartP.cartRemoveButton().click();\ncy.go('back');\ninventoryP.getFirstItemBtn().should('have.text', 'Add to cart');",
              "err": {},
              "uuid": "0e8d655b-e887-4d3d-8408-8885999a482e",
              "parentUUID": "02a89dfb-f96d-4630-89d2-266d4a495b66",
              "isHook": false,
              "skipped": false
            },
            {
              "title": "Verify Cart Page Retains Items after Page Refresh",
              "fullTitle": "Cart Page Tests Verify Cart Page Retains Items after Page Refresh",
              "timedOut": null,
              "duration": 1816,
              "state": "passed",
              "speed": "fast",
              "pass": true,
              "fail": false,
              "pending": false,
              "context": null,
              "code": "inventoryP.getFirstItemBtn().click();\ninventoryP.cartLink().click();\ncy.url().should('include', 'cart.html');\ncy.reload();\ncy.get('.cart_item').should('have.length', 1);",
              "err": {},
              "uuid": "df0e5836-7a4f-4b69-a27e-bb3804c01764",
              "parentUUID": "02a89dfb-f96d-4630-89d2-266d4a495b66",
              "isHook": false,
              "skipped": false
            },
            {
              "title": "Verify Checkout Process Initiation from Cart Page",
              "fullTitle": "Cart Page Tests Verify Checkout Process Initiation from Cart Page",
              "timedOut": null,
              "duration": 1821,
              "state": "passed",
              "speed": "fast",
              "pass": true,
              "fail": false,
              "pending": false,
              "context": null,
              "code": "inventoryP.getFirstItemBtn().click();\ninventoryP.cartLink().click();\ncy.url().should('include', 'cart.html');\ncy.getByTest('checkout').click();\ncy.url().should('include', 'checkout-step-one.html');",
              "err": {},
              "uuid": "e0c1beaa-cccd-495b-aaab-95118eb3e176",
              "parentUUID": "02a89dfb-f96d-4630-89d2-266d4a495b66",
              "isHook": false,
              "skipped": false
            },
            {
              "title": "Verify Cart Page Responsiveness on Different Viewports",
              "fullTitle": "Cart Page Tests Verify Cart Page Responsiveness on Different Viewports",
              "timedOut": null,
              "duration": 2644,
              "state": "passed",
              "speed": "fast",
              "pass": true,
              "fail": false,
              "pending": false,
              "context": null,
              "code": "const viewports = ['iphone-6', 'ipad-2', 'macbook-15'];\nviewports.forEach(viewport => {\n  cy.viewport(viewport);\n  inventoryP.getFirstItemBtn().click();\n  inventoryP.cartLink().click();\n  cy.url().should('include', 'cart.html');\n  cartP.getCartPageTitle().should('have.text', 'Your Cart');\n  cy.go('back');\n  inventoryP.getFirstItemBtn().click(); // Remove item for next iteration\n});",
              "err": {},
              "uuid": "d0a843e1-befa-481c-8a48-6509d7e801c4",
              "parentUUID": "02a89dfb-f96d-4630-89d2-266d4a495b66",
              "isHook": false,
              "skipped": false
            },
            {
              "title": "Verify Cart Page Does Not Allow Negative Item Count",
              "fullTitle": "Cart Page Tests Verify Cart Page Does Not Allow Negative Item Count",
              "timedOut": null,
              "duration": 1603,
              "state": "passed",
              "speed": "fast",
              "pass": true,
              "fail": false,
              "pending": false,
              "context": null,
              "code": "inventoryP.getFirstItemBtn().click();\ninventoryP.cartLink().click();\ncy.url().should('include', 'cart.html');\ncartP.cartRemoveButton().click();\ninventoryP.cartBadge().should('not.exist');",
              "err": {},
              "uuid": "da487020-fb11-47f7-9950-8b32514855ae",
              "parentUUID": "02a89dfb-f96d-4630-89d2-266d4a495b66",
              "isHook": false,
              "skipped": false
            }
          ],
          "suites": [],
          "passes": [
            "caf5d114-f48a-4626-9a3d-6533fafa37d2",
            "7daa3cc6-01df-4d30-bfe0-1aa807260aef",
            "6dd815f9-580b-45b1-8647-a24805939812",
            "564007ba-20d7-4f62-8525-da33631cd4ba",
            "11215d4a-fb27-40f6-afa0-61597b6836fd",
            "6d5970b8-55a6-4236-9547-5178060eff55",
            "a348baf3-7ff7-4726-9b2c-46c9af2ed448",
            "a27ad752-2d95-4996-83d0-8a2774bf7117",
            "ddd3cd2d-84c0-4fef-a8f4-9beedc04dfd0",
            "9c77bd7d-a604-49a2-9dec-972e10b34cd0",
            "4cb3608d-ba07-4c72-8280-23988e80983e",
            "623ec100-c426-4a06-ad33-10f4b45cc96a",
            "86b81fee-943b-4efd-afd4-03abbd093e29",
            "447f325a-8122-4eeb-8d0d-72928c5f047b",
            "0e8d655b-e887-4d3d-8408-8885999a482e",
            "df0e5836-7a4f-4b69-a27e-bb3804c01764",
            "e0c1beaa-cccd-495b-aaab-95118eb3e176",
            "d0a843e1-befa-481c-8a48-6509d7e801c4",
            "da487020-fb11-47f7-9950-8b32514855ae"
          ],
          "failures": [],
          "pending": [],
          "skipped": [],
          "duration": 38022,
          "root": false,
          "rootEmpty": false,
          "_timeout": 2000
        }
      ],
      "passes": [],
      "failures": [],
      "pending": [],
      "skipped": [],
      "duration": 0,
      "root": true,
      "rootEmpty": true,
      "_timeout": 2000
    }
  ],
  "meta": {
    "mocha": {
      "version": "7.2.0"
    },
    "mochawesome": {
      "options": {
        "quiet": false,
        "reportFilename": "mochawesome",
        "saveHtml": true,
        "saveJson": true,
        "consoleReporter": "spec",
        "useInlineDiffs": false,
        "code": true
      },
      "version": "7.1.4"
    },
    "marge": {
      "options": {
        "reportDir": "cypress/reports/mochawesome",
        "overwrite": false,
        "html": true,
        "json": true
      },
      "version": "6.3.2"
    }
  }
}