{
  "stats": {
    "suites": 1,
    "tests": 20,
    "passes": 20,
    "pending": 1,
    "failures": -1,
    "start": "2026-01-10T09:08:54.610Z",
    "end": "2026-01-10T09:09:29.320Z",
    "duration": 34710,
    "testsRegistered": 21,
    "passPercent": 100,
    "pendingPercent": 4.761904761904762,
    "other": 1,
    "hasOther": true,
    "skipped": 0,
    "hasSkipped": false
  },
  "results": [
    {
      "uuid": "d17fd865-3423-4fc5-9318-672c53a5433c",
      "title": "",
      "fullFile": "cypress\\e2e\\inventory.cy.js",
      "file": "cypress\\e2e\\inventory.cy.js",
      "beforeHooks": [],
      "afterHooks": [],
      "tests": [],
      "suites": [
        {
          "uuid": "8d6b8e4c-b17e-42e3-8cc0-af571c7add03",
          "title": "Invertory Page Tests",
          "fullFile": "",
          "file": "",
          "beforeHooks": [],
          "afterHooks": [],
          "tests": [
            {
              "title": "Verify Page Title on Inventory Page",
              "fullTitle": "Invertory Page Tests Verify Page Title on Inventory Page",
              "timedOut": null,
              "duration": 2217,
              "state": "passed",
              "speed": "fast",
              "pass": true,
              "fail": false,
              "pending": false,
              "context": null,
              "code": "cy.url().should('include', 'inventory.html');\ninventoryP.getPageTitle().should('have.text', 'Products');",
              "err": {},
              "uuid": "f366fca5-d601-4a3f-9b7b-835984c015ad",
              "parentUUID": "8d6b8e4c-b17e-42e3-8cc0-af571c7add03",
              "isHook": false,
              "skipped": false
            },
            {
              "title": "Verify Items Count on Inventory Page",
              "fullTitle": "Invertory Page Tests Verify Items Count on Inventory Page",
              "timedOut": null,
              "duration": 1555,
              "state": "passed",
              "speed": "fast",
              "pass": true,
              "fail": false,
              "pending": false,
              "context": null,
              "code": "cy.getByTest('inventory-item').should('have.length', 6);",
              "err": {},
              "uuid": "2d4bf663-7d0f-4559-bebc-9d7f5d97df3b",
              "parentUUID": "8d6b8e4c-b17e-42e3-8cc0-af571c7add03",
              "isHook": false,
              "skipped": false
            },
            {
              "title": "Verify First Item Name on Inventory Page",
              "fullTitle": "Invertory Page Tests Verify First Item Name on Inventory Page",
              "timedOut": null,
              "duration": 1933,
              "state": "passed",
              "speed": "fast",
              "pass": true,
              "fail": false,
              "pending": false,
              "context": null,
              "code": "inventoryP.getItemNames().first().should('have.text', 'Sauce Labs Backpack');",
              "err": {},
              "uuid": "d53d1498-1099-461c-a6e8-21b9d973571d",
              "parentUUID": "8d6b8e4c-b17e-42e3-8cc0-af571c7add03",
              "isHook": false,
              "skipped": false
            },
            {
              "title": "Verify Last Item Name on Inventory Page",
              "fullTitle": "Invertory Page Tests Verify Last Item Name on Inventory Page",
              "timedOut": null,
              "duration": 1251,
              "state": "passed",
              "speed": "fast",
              "pass": true,
              "fail": false,
              "pending": false,
              "context": null,
              "code": "inventoryP.getItemNames().last().should('have.text', 'Test.allTheThings() T-Shirt (Red)');",
              "err": {},
              "uuid": "a3d46da8-13e6-4c48-8312-629470a5f5fa",
              "parentUUID": "8d6b8e4c-b17e-42e3-8cc0-af571c7add03",
              "isHook": false,
              "skipped": false
            },
            {
              "title": "Verify Inventory Items have Add to Cart Button",
              "fullTitle": "Invertory Page Tests Verify Inventory Items have Add to Cart Button",
              "timedOut": null,
              "duration": 2962,
              "state": "passed",
              "speed": "fast",
              "pass": true,
              "fail": false,
              "pending": false,
              "context": null,
              "code": "cy.getByTest('inventory-item').each($el => {\n  cy.wrap($el).find('button.btn_inventory').should('have.text', 'Add to cart');\n});",
              "err": {},
              "uuid": "d1f67102-fc1c-41ad-8410-474085adb5c2",
              "parentUUID": "8d6b8e4c-b17e-42e3-8cc0-af571c7add03",
              "isHook": false,
              "skipped": false
            },
            {
              "title": "Verify Inventory Items have Price",
              "fullTitle": "Invertory Page Tests Verify Inventory Items have Price",
              "timedOut": null,
              "duration": 1222,
              "state": "passed",
              "speed": "fast",
              "pass": true,
              "fail": false,
              "pending": false,
              "context": null,
              "code": "cy.getByTest('inventory-item').each($el => {\n  cy.wrap($el).find('div.inventory_item_price').should('exist');\n});",
              "err": {},
              "uuid": "a08f9d76-a87f-44d8-a370-5f5f88a0cd54",
              "parentUUID": "8d6b8e4c-b17e-42e3-8cc0-af571c7add03",
              "isHook": false,
              "skipped": false
            },
            {
              "title": "Verify Inventory Items have Image",
              "fullTitle": "Invertory Page Tests Verify Inventory Items have Image",
              "timedOut": null,
              "duration": 1390,
              "state": "passed",
              "speed": "fast",
              "pass": true,
              "fail": false,
              "pending": false,
              "context": null,
              "code": "cy.getByTest('inventory-item').each($el => {\n  cy.wrap($el).find('img.inventory_item_img').should('exist');\n});",
              "err": {},
              "uuid": "ffa5b286-b5be-4172-aea4-de64673a0916",
              "parentUUID": "8d6b8e4c-b17e-42e3-8cc0-af571c7add03",
              "isHook": false,
              "skipped": false
            },
            {
              "title": "Verify Inventory Items have Description",
              "fullTitle": "Invertory Page Tests Verify Inventory Items have Description",
              "timedOut": null,
              "duration": 1338,
              "state": "passed",
              "speed": "fast",
              "pass": true,
              "fail": false,
              "pending": false,
              "context": null,
              "code": "cy.getByTest('inventory-item').each($el => {\n  cy.wrap($el).find('div.inventory_item_desc').should('exist');\n});",
              "err": {},
              "uuid": "8db77972-395f-43aa-8304-d863c4c392cf",
              "parentUUID": "8d6b8e4c-b17e-42e3-8cc0-af571c7add03",
              "isHook": false,
              "skipped": false
            },
            {
              "title": "Verify Inventory Items have Remove Button after Adding to Cart",
              "fullTitle": "Invertory Page Tests Verify Inventory Items have Remove Button after Adding to Cart",
              "timedOut": null,
              "duration": 1495,
              "state": "passed",
              "speed": "fast",
              "pass": true,
              "fail": false,
              "pending": false,
              "context": null,
              "code": "inventoryP.getFirstItemBtn().click();\ninventoryP.getFirstItemBtn().should('have.text', 'Remove');",
              "err": {},
              "uuid": "56e3fe96-0abb-4747-8374-8512e33cecd9",
              "parentUUID": "8d6b8e4c-b17e-42e3-8cc0-af571c7add03",
              "isHook": false,
              "skipped": false
            },
            {
              "title": "Add First Item to Cart",
              "fullTitle": "Invertory Page Tests Add First Item to Cart",
              "timedOut": null,
              "duration": 1404,
              "state": "passed",
              "speed": "fast",
              "pass": true,
              "fail": false,
              "pending": false,
              "context": null,
              "code": "inventoryP.getFirstItemBtn().click();\ncy.get('.shopping_cart_badge').should('have.text', '1');",
              "err": {},
              "uuid": "4d2d6c48-b1a7-4353-810e-1b6d3a414eb8",
              "parentUUID": "8d6b8e4c-b17e-42e3-8cc0-af571c7add03",
              "isHook": false,
              "skipped": false
            },
            {
              "title": "Add All Items to Cart",
              "fullTitle": "Invertory Page Tests Add All Items to Cart",
              "timedOut": null,
              "duration": 2008,
              "state": "passed",
              "speed": "fast",
              "pass": true,
              "fail": false,
              "pending": false,
              "context": null,
              "code": "cy.get('button.btn_inventory').each($el => {\n  cy.wrap($el).click();\n});\ncy.get('.shopping_cart_badge').should('have.text', '6');",
              "err": {},
              "uuid": "6e155ac9-9f05-4ada-ac66-08ea3de3f731",
              "parentUUID": "8d6b8e4c-b17e-42e3-8cc0-af571c7add03",
              "isHook": false,
              "skipped": false
            },
            {
              "title": "Remove First Item from Cart",
              "fullTitle": "Invertory Page Tests Remove First Item from Cart",
              "timedOut": null,
              "duration": 1685,
              "state": "passed",
              "speed": "fast",
              "pass": true,
              "fail": false,
              "pending": false,
              "context": null,
              "code": "inventoryP.getFirstItemBtn().click();\ncy.get('.shopping_cart_badge').should('have.text', '1');\ninventoryP.getFirstItemBtn().click();\ncy.get('.shopping_cart_badge').should('not.exist');",
              "err": {},
              "uuid": "2cd0d1c7-422f-4d14-bb7a-439e2cfba16b",
              "parentUUID": "8d6b8e4c-b17e-42e3-8cc0-af571c7add03",
              "isHook": false,
              "skipped": false
            },
            {
              "title": "Remove All Items from Cart",
              "fullTitle": "Invertory Page Tests Remove All Items from Cart",
              "timedOut": null,
              "duration": 2594,
              "state": "passed",
              "speed": "fast",
              "pass": true,
              "fail": false,
              "pending": false,
              "context": null,
              "code": "cy.get('button.btn_inventory').each($el => {\n  cy.wrap($el).click();\n});\ncy.get('.shopping_cart_badge').should('have.text', '6');\ncy.get('button.btn_inventory').each($el => {\n  cy.wrap($el).click();\n});\ncy.get('.shopping_cart_badge').should('not.exist');",
              "err": {},
              "uuid": "930d347a-72eb-4653-929b-9de93f5a7ea8",
              "parentUUID": "8d6b8e4c-b17e-42e3-8cc0-af571c7add03",
              "isHook": false,
              "skipped": false
            },
            {
              "title": "Navigate to Cart Page",
              "fullTitle": "Invertory Page Tests Navigate to Cart Page",
              "timedOut": null,
              "duration": 1739,
              "state": "passed",
              "speed": "fast",
              "pass": true,
              "fail": false,
              "pending": false,
              "context": null,
              "code": "inventoryP.getFirstItemBtn().click();\ninventoryP.cartLink().click();\ncy.url().should('include', 'cart.html');\ninventoryP.cartBadge().should('have.text', '1');",
              "err": {},
              "uuid": "6412c960-d5a5-432b-b345-925a087b92f6",
              "parentUUID": "8d6b8e4c-b17e-42e3-8cc0-af571c7add03",
              "isHook": false,
              "skipped": false
            },
            {
              "title": "Verify Sorting Items by Name A to Z",
              "fullTitle": "Invertory Page Tests Verify Sorting Items by Name A to Z",
              "timedOut": null,
              "duration": 1476,
              "state": "passed",
              "speed": "fast",
              "pass": true,
              "fail": false,
              "pending": false,
              "context": null,
              "code": "cy.getByTest('product-sort-container').select('Name (A to Z)');\ninventoryP.getItemNames().first().should('have.text', 'Sauce Labs Backpack');\ninventoryP.getItemNames().last().should('have.text', 'Test.allTheThings() T-Shirt (Red)');",
              "err": {},
              "uuid": "68030d07-d9bc-491c-8321-5396f5b8762f",
              "parentUUID": "8d6b8e4c-b17e-42e3-8cc0-af571c7add03",
              "isHook": false,
              "skipped": false
            },
            {
              "title": "Verify Sorting Items by Name Z to A",
              "fullTitle": "Invertory Page Tests Verify Sorting Items by Name Z to A",
              "timedOut": null,
              "duration": 1497,
              "state": "passed",
              "speed": "fast",
              "pass": true,
              "fail": false,
              "pending": false,
              "context": null,
              "code": "cy.getByTest('product-sort-container').select('Name (Z to A)');\ninventoryP.getItemNames().first().should('have.text', 'Test.allTheThings() T-Shirt (Red)');\ninventoryP.getItemNames().last().should('have.text', 'Sauce Labs Backpack');",
              "err": {},
              "uuid": "0f91b4e4-d2f0-4918-899c-5c311ebcbc27",
              "parentUUID": "8d6b8e4c-b17e-42e3-8cc0-af571c7add03",
              "isHook": false,
              "skipped": false
            },
            {
              "title": "Verify Sorting Items by Price Low to High",
              "fullTitle": "Invertory Page Tests Verify Sorting Items by Price Low to High",
              "timedOut": null,
              "duration": 1456,
              "state": "passed",
              "speed": "fast",
              "pass": true,
              "fail": false,
              "pending": false,
              "context": null,
              "code": "cy.getByTest('product-sort-container').select('Price (low to high)');\ncy.getByTest('inventory-item-price').first().should('have.text', '$7.99');\ncy.getByTest('inventory-item-price').last().should('have.text', '$49.99');",
              "err": {},
              "uuid": "eca33d10-b904-4244-a904-7c35927ed313",
              "parentUUID": "8d6b8e4c-b17e-42e3-8cc0-af571c7add03",
              "isHook": false,
              "skipped": false
            },
            {
              "title": "Verify Sorting Items by Price High to Low",
              "fullTitle": "Invertory Page Tests Verify Sorting Items by Price High to Low",
              "timedOut": null,
              "duration": 1388,
              "state": "passed",
              "speed": "fast",
              "pass": true,
              "fail": false,
              "pending": false,
              "context": null,
              "code": "cy.getByTest('product-sort-container').select('Price (high to low)');\ncy.getByTest('inventory-item-price').first().should('have.text', '$49.99');\ncy.getByTest('inventory-item-price').last().should('have.text', '$7.99');",
              "err": {},
              "uuid": "4d912f61-60ff-43b5-ad77-72f860913397",
              "parentUUID": "8d6b8e4c-b17e-42e3-8cc0-af571c7add03",
              "isHook": false,
              "skipped": false
            },
            {
              "title": "Verify click on a product name navigates to the product detail page",
              "fullTitle": "Invertory Page Tests Verify click on a product name navigates to the product detail page",
              "timedOut": null,
              "duration": 1405,
              "state": "passed",
              "speed": "fast",
              "pass": true,
              "fail": false,
              "pending": false,
              "context": null,
              "code": "inventoryP.getFirstItemName().invoke('text').then(name => {\n  // cy.log(name);\n  inventoryP.getFirstItemName().click();\n  cy.url().should('include', 'inventory-item.html?id=');\n  cy.getByTest('inventory-item-name').should('have.text', name.trim());\n});",
              "err": {},
              "uuid": "7fb056d5-0dea-43e9-a707-6c7789876241",
              "parentUUID": "8d6b8e4c-b17e-42e3-8cc0-af571c7add03",
              "isHook": false,
              "skipped": false
            },
            {
              "title": "Verify click on a product name navigate to the product detail page and back to inventory page",
              "fullTitle": "Invertory Page Tests Verify click on a product name navigate to the product detail page and back to inventory page",
              "timedOut": null,
              "duration": 0,
              "state": "pending",
              "speed": null,
              "pass": false,
              "fail": false,
              "pending": true,
              "context": null,
              "code": "inventoryP.getFirstItemName().invoke('text').then(name => {\n  cy.getByTest('inventory-item-desc').first().invoke('text').then(itemDesc => {\n    inventoryP.getFirstItemName().click();\n    cy.url().should('include', 'inventory-item.html?id=');\n    cy.getByTest('inventory-item-name').should('have.text', name.trim());\n    cy.getByTest('inventory-item-desc').should('have.text', itemDesc.trim());\n    cy.go('back');\n  });\n});",
              "err": {},
              "uuid": "104fcb9a-c3d7-44c7-a5d9-360b3b7e23c8",
              "parentUUID": "8d6b8e4c-b17e-42e3-8cc0-af571c7add03",
              "isHook": false,
              "skipped": false
            },
            {
              "title": "Verify click on a product name navigate to the product detail page and back to inventory page",
              "fullTitle": "Invertory Page Tests Verify click on a product name navigate to the product detail page and back to inventory page",
              "timedOut": null,
              "duration": 1448,
              "state": "passed",
              "speed": "fast",
              "pass": true,
              "fail": false,
              "pending": false,
              "context": null,
              "code": "inventoryP.getFirstItemName().invoke('text').as('firstItemName');\ncy.getByTest('inventory-item-desc').first().invoke('text').as('firstItemDesc');\ninventoryP.getFirstItemName().click();\ncy.url().should('include', 'inventory-item.html?id=');\ncy.get('@firstItemName').then(name => {\n  cy.getByTest('inventory-item-name').should('have.text', name.trim());\n});\ncy.get('@firstItemDesc').then(itemDesc => {\n  cy.getByTest('inventory-item-desc').should('have.text', itemDesc.trim());\n});\n/*\nthis .go function to go back to previous page of browser history\n this function use \n  going back ('back') or (-1)\n    going forward ('forward') or (1)\n*/\ncy.go('back');",
              "err": {},
              "uuid": "a58bd3cb-9e70-4d8f-b2e6-8914361a41f3",
              "parentUUID": "8d6b8e4c-b17e-42e3-8cc0-af571c7add03",
              "isHook": false,
              "skipped": false
            }
          ],
          "suites": [],
          "passes": [
            "f366fca5-d601-4a3f-9b7b-835984c015ad",
            "2d4bf663-7d0f-4559-bebc-9d7f5d97df3b",
            "d53d1498-1099-461c-a6e8-21b9d973571d",
            "a3d46da8-13e6-4c48-8312-629470a5f5fa",
            "d1f67102-fc1c-41ad-8410-474085adb5c2",
            "a08f9d76-a87f-44d8-a370-5f5f88a0cd54",
            "ffa5b286-b5be-4172-aea4-de64673a0916",
            "8db77972-395f-43aa-8304-d863c4c392cf",
            "56e3fe96-0abb-4747-8374-8512e33cecd9",
            "4d2d6c48-b1a7-4353-810e-1b6d3a414eb8",
            "6e155ac9-9f05-4ada-ac66-08ea3de3f731",
            "2cd0d1c7-422f-4d14-bb7a-439e2cfba16b",
            "930d347a-72eb-4653-929b-9de93f5a7ea8",
            "6412c960-d5a5-432b-b345-925a087b92f6",
            "68030d07-d9bc-491c-8321-5396f5b8762f",
            "0f91b4e4-d2f0-4918-899c-5c311ebcbc27",
            "eca33d10-b904-4244-a904-7c35927ed313",
            "4d912f61-60ff-43b5-ad77-72f860913397",
            "7fb056d5-0dea-43e9-a707-6c7789876241",
            "a58bd3cb-9e70-4d8f-b2e6-8914361a41f3"
          ],
          "failures": [],
          "pending": [
            "104fcb9a-c3d7-44c7-a5d9-360b3b7e23c8"
          ],
          "skipped": [],
          "duration": 33463,
          "root": false,
          "rootEmpty": false,
          "_timeout": 2000
        }
      ],
      "passes": [],
      "failures": [],
      "pending": [],
      "skipped": [],
      "duration": 0,
      "root": true,
      "rootEmpty": true,
      "_timeout": 2000
    }
  ],
  "meta": {
    "mocha": {
      "version": "7.2.0"
    },
    "mochawesome": {
      "options": {
        "quiet": false,
        "reportFilename": "mochawesome",
        "saveHtml": true,
        "saveJson": true,
        "consoleReporter": "spec",
        "useInlineDiffs": false,
        "code": true
      },
      "version": "7.1.4"
    },
    "marge": {
      "options": {
        "reportDir": "cypress/reports/mochawesome",
        "overwrite": false,
        "html": true,
        "json": true
      },
      "version": "6.3.2"
    }
  }
}