{
  "stats": {
    "suites": 1,
    "tests": 20,
    "passes": 20,
    "pending": 1,
    "failures": -1,
    "start": "2025-12-28T15:48:15.181Z",
    "end": "2025-12-28T15:49:07.569Z",
    "duration": 52388,
    "testsRegistered": 21,
    "passPercent": 100,
    "pendingPercent": 4.761904761904762,
    "other": 1,
    "hasOther": true,
    "skipped": 0,
    "hasSkipped": false
  },
  "results": [
    {
      "uuid": "9b96a863-01e1-412e-b73e-37fcb80102e7",
      "title": "",
      "fullFile": "cypress\\e2e\\inventory.cy.js",
      "file": "cypress\\e2e\\inventory.cy.js",
      "beforeHooks": [],
      "afterHooks": [],
      "tests": [],
      "suites": [
        {
          "uuid": "8c5dfca0-c131-4c1a-b681-de5b2abc4995",
          "title": "Invertory Page Tests",
          "fullFile": "",
          "file": "",
          "beforeHooks": [],
          "afterHooks": [],
          "tests": [
            {
              "title": "Verify Page Title on Inventory Page",
              "fullTitle": "Invertory Page Tests Verify Page Title on Inventory Page",
              "timedOut": null,
              "duration": 4439,
              "state": "passed",
              "speed": "fast",
              "pass": true,
              "fail": false,
              "pending": false,
              "context": null,
              "code": "cy.url().should('include', 'inventory.html');\ninventoryP.getPageTitle().should('have.text', 'Products');",
              "err": {},
              "uuid": "a167a9eb-8e57-4811-ae2e-4d58f8febf0d",
              "parentUUID": "8c5dfca0-c131-4c1a-b681-de5b2abc4995",
              "isHook": false,
              "skipped": false
            },
            {
              "title": "Verify Items Count on Inventory Page",
              "fullTitle": "Invertory Page Tests Verify Items Count on Inventory Page",
              "timedOut": null,
              "duration": 2341,
              "state": "passed",
              "speed": "fast",
              "pass": true,
              "fail": false,
              "pending": false,
              "context": null,
              "code": "cy.getByTest('inventory-item').should('have.length', 6);",
              "err": {},
              "uuid": "5aec16fc-e3e4-45ff-adf6-4d6d7944196d",
              "parentUUID": "8c5dfca0-c131-4c1a-b681-de5b2abc4995",
              "isHook": false,
              "skipped": false
            },
            {
              "title": "Verify First Item Name on Inventory Page",
              "fullTitle": "Invertory Page Tests Verify First Item Name on Inventory Page",
              "timedOut": null,
              "duration": 18253,
              "state": "passed",
              "speed": "slow",
              "pass": true,
              "fail": false,
              "pending": false,
              "context": null,
              "code": "inventoryP.getItemNames().first().should('have.text', 'Sauce Labs Backpack');",
              "err": {},
              "uuid": "bde52c99-11ff-4202-9c4a-996952b70929",
              "parentUUID": "8c5dfca0-c131-4c1a-b681-de5b2abc4995",
              "isHook": false,
              "skipped": false
            },
            {
              "title": "Verify Last Item Name on Inventory Page",
              "fullTitle": "Invertory Page Tests Verify Last Item Name on Inventory Page",
              "timedOut": null,
              "duration": 2230,
              "state": "passed",
              "speed": "fast",
              "pass": true,
              "fail": false,
              "pending": false,
              "context": null,
              "code": "inventoryP.getItemNames().last().should('have.text', 'Test.allTheThings() T-Shirt (Red)');",
              "err": {},
              "uuid": "41d7d917-4cca-488d-860b-8a8f738fb609",
              "parentUUID": "8c5dfca0-c131-4c1a-b681-de5b2abc4995",
              "isHook": false,
              "skipped": false
            },
            {
              "title": "Verify Inventory Items have Add to Cart Button",
              "fullTitle": "Invertory Page Tests Verify Inventory Items have Add to Cart Button",
              "timedOut": null,
              "duration": 1825,
              "state": "passed",
              "speed": "fast",
              "pass": true,
              "fail": false,
              "pending": false,
              "context": null,
              "code": "cy.getByTest('inventory-item').each($el => {\n  cy.wrap($el).find('button.btn_inventory').should('have.text', 'Add to cart');\n});",
              "err": {},
              "uuid": "6eda5546-c34e-452a-ac51-c7ac1cbd683a",
              "parentUUID": "8c5dfca0-c131-4c1a-b681-de5b2abc4995",
              "isHook": false,
              "skipped": false
            },
            {
              "title": "Verify Inventory Items have Price",
              "fullTitle": "Invertory Page Tests Verify Inventory Items have Price",
              "timedOut": null,
              "duration": 1483,
              "state": "passed",
              "speed": "fast",
              "pass": true,
              "fail": false,
              "pending": false,
              "context": null,
              "code": "cy.getByTest('inventory-item').each($el => {\n  cy.wrap($el).find('div.inventory_item_price').should('exist');\n});",
              "err": {},
              "uuid": "da7b5a24-84b3-482b-ab6d-1e5381b76657",
              "parentUUID": "8c5dfca0-c131-4c1a-b681-de5b2abc4995",
              "isHook": false,
              "skipped": false
            },
            {
              "title": "Verify Inventory Items have Image",
              "fullTitle": "Invertory Page Tests Verify Inventory Items have Image",
              "timedOut": null,
              "duration": 1627,
              "state": "passed",
              "speed": "fast",
              "pass": true,
              "fail": false,
              "pending": false,
              "context": null,
              "code": "cy.getByTest('inventory-item').each($el => {\n  cy.wrap($el).find('img.inventory_item_img').should('exist');\n});",
              "err": {},
              "uuid": "d6a100d8-c294-4f0d-bdc5-ca4976236b22",
              "parentUUID": "8c5dfca0-c131-4c1a-b681-de5b2abc4995",
              "isHook": false,
              "skipped": false
            },
            {
              "title": "Verify Inventory Items have Description",
              "fullTitle": "Invertory Page Tests Verify Inventory Items have Description",
              "timedOut": null,
              "duration": 1559,
              "state": "passed",
              "speed": "fast",
              "pass": true,
              "fail": false,
              "pending": false,
              "context": null,
              "code": "cy.getByTest('inventory-item').each($el => {\n  cy.wrap($el).find('div.inventory_item_desc').should('exist');\n});",
              "err": {},
              "uuid": "a0c38e27-0d87-4961-8711-479b400d2beb",
              "parentUUID": "8c5dfca0-c131-4c1a-b681-de5b2abc4995",
              "isHook": false,
              "skipped": false
            },
            {
              "title": "Verify Inventory Items have Remove Button after Adding to Cart",
              "fullTitle": "Invertory Page Tests Verify Inventory Items have Remove Button after Adding to Cart",
              "timedOut": null,
              "duration": 1374,
              "state": "passed",
              "speed": "fast",
              "pass": true,
              "fail": false,
              "pending": false,
              "context": null,
              "code": "inventoryP.getFirstItemBtn().click();\ninventoryP.getFirstItemBtn().should('have.text', 'Remove');",
              "err": {},
              "uuid": "3c3c02d2-5b76-4fb3-bba5-d91e1b9ef86b",
              "parentUUID": "8c5dfca0-c131-4c1a-b681-de5b2abc4995",
              "isHook": false,
              "skipped": false
            },
            {
              "title": "Add First Item to Cart",
              "fullTitle": "Invertory Page Tests Add First Item to Cart",
              "timedOut": null,
              "duration": 1245,
              "state": "passed",
              "speed": "fast",
              "pass": true,
              "fail": false,
              "pending": false,
              "context": null,
              "code": "inventoryP.getFirstItemBtn().click();\ncy.get('.shopping_cart_badge').should('have.text', '1');",
              "err": {},
              "uuid": "ef064a5e-cb34-4cf9-b444-3a54d75570de",
              "parentUUID": "8c5dfca0-c131-4c1a-b681-de5b2abc4995",
              "isHook": false,
              "skipped": false
            },
            {
              "title": "Add All Items to Cart",
              "fullTitle": "Invertory Page Tests Add All Items to Cart",
              "timedOut": null,
              "duration": 1658,
              "state": "passed",
              "speed": "fast",
              "pass": true,
              "fail": false,
              "pending": false,
              "context": null,
              "code": "cy.get('button.btn_inventory').each($el => {\n  cy.wrap($el).click();\n});\ncy.get('.shopping_cart_badge').should('have.text', '6');",
              "err": {},
              "uuid": "b0110171-cb6c-49fc-ac34-3822dc40c620",
              "parentUUID": "8c5dfca0-c131-4c1a-b681-de5b2abc4995",
              "isHook": false,
              "skipped": false
            },
            {
              "title": "Remove First Item from Cart",
              "fullTitle": "Invertory Page Tests Remove First Item from Cart",
              "timedOut": null,
              "duration": 1309,
              "state": "passed",
              "speed": "fast",
              "pass": true,
              "fail": false,
              "pending": false,
              "context": null,
              "code": "inventoryP.getFirstItemBtn().click();\ncy.get('.shopping_cart_badge').should('have.text', '1');\ninventoryP.getFirstItemBtn().click();\ncy.get('.shopping_cart_badge').should('not.exist');",
              "err": {},
              "uuid": "de5f0bec-7cc6-442f-9285-205493b837f9",
              "parentUUID": "8c5dfca0-c131-4c1a-b681-de5b2abc4995",
              "isHook": false,
              "skipped": false
            },
            {
              "title": "Remove All Items from Cart",
              "fullTitle": "Invertory Page Tests Remove All Items from Cart",
              "timedOut": null,
              "duration": 2202,
              "state": "passed",
              "speed": "fast",
              "pass": true,
              "fail": false,
              "pending": false,
              "context": null,
              "code": "cy.get('button.btn_inventory').each($el => {\n  cy.wrap($el).click();\n});\ncy.get('.shopping_cart_badge').should('have.text', '6');\ncy.get('button.btn_inventory').each($el => {\n  cy.wrap($el).click();\n});\ncy.get('.shopping_cart_badge').should('not.exist');",
              "err": {},
              "uuid": "94dbefd3-b9b3-4238-b21a-fdbaa32e9341",
              "parentUUID": "8c5dfca0-c131-4c1a-b681-de5b2abc4995",
              "isHook": false,
              "skipped": false
            },
            {
              "title": "Navigate to Cart Page",
              "fullTitle": "Invertory Page Tests Navigate to Cart Page",
              "timedOut": null,
              "duration": 1314,
              "state": "passed",
              "speed": "fast",
              "pass": true,
              "fail": false,
              "pending": false,
              "context": null,
              "code": "inventoryP.getFirstItemBtn().click();\ninventoryP.cartLink().click();\ncy.url().should('include', 'cart.html');\ninventoryP.cartBadge().should('have.text', '1');",
              "err": {},
              "uuid": "c5c490b6-b4c6-4361-bd20-60d76eb96570",
              "parentUUID": "8c5dfca0-c131-4c1a-b681-de5b2abc4995",
              "isHook": false,
              "skipped": false
            },
            {
              "title": "Verify Sorting Items by Name A to Z",
              "fullTitle": "Invertory Page Tests Verify Sorting Items by Name A to Z",
              "timedOut": null,
              "duration": 1402,
              "state": "passed",
              "speed": "fast",
              "pass": true,
              "fail": false,
              "pending": false,
              "context": null,
              "code": "cy.getByTest('product-sort-container').select('Name (A to Z)');\ninventoryP.getItemNames().first().should('have.text', 'Sauce Labs Backpack');\ninventoryP.getItemNames().last().should('have.text', 'Test.allTheThings() T-Shirt (Red)');",
              "err": {},
              "uuid": "0bf95731-0679-4d3c-86e7-48318c237ac1",
              "parentUUID": "8c5dfca0-c131-4c1a-b681-de5b2abc4995",
              "isHook": false,
              "skipped": false
            },
            {
              "title": "Verify Sorting Items by Name Z to A",
              "fullTitle": "Invertory Page Tests Verify Sorting Items by Name Z to A",
              "timedOut": null,
              "duration": 1326,
              "state": "passed",
              "speed": "fast",
              "pass": true,
              "fail": false,
              "pending": false,
              "context": null,
              "code": "cy.getByTest('product-sort-container').select('Name (Z to A)');\ninventoryP.getItemNames().first().should('have.text', 'Test.allTheThings() T-Shirt (Red)');\ninventoryP.getItemNames().last().should('have.text', 'Sauce Labs Backpack');",
              "err": {},
              "uuid": "d117f6ac-811b-4ed0-95cd-11b4f0aa7fec",
              "parentUUID": "8c5dfca0-c131-4c1a-b681-de5b2abc4995",
              "isHook": false,
              "skipped": false
            },
            {
              "title": "Verify Sorting Items by Price Low to High",
              "fullTitle": "Invertory Page Tests Verify Sorting Items by Price Low to High",
              "timedOut": null,
              "duration": 1254,
              "state": "passed",
              "speed": "fast",
              "pass": true,
              "fail": false,
              "pending": false,
              "context": null,
              "code": "cy.getByTest('product-sort-container').select('Price (low to high)');\ncy.getByTest('inventory-item-price').first().should('have.text', '$7.99');\ncy.getByTest('inventory-item-price').last().should('have.text', '$49.99');",
              "err": {},
              "uuid": "c36591ff-7d50-4d2e-8dfd-90e879edea2a",
              "parentUUID": "8c5dfca0-c131-4c1a-b681-de5b2abc4995",
              "isHook": false,
              "skipped": false
            },
            {
              "title": "Verify Sorting Items by Price High to Low",
              "fullTitle": "Invertory Page Tests Verify Sorting Items by Price High to Low",
              "timedOut": null,
              "duration": 1370,
              "state": "passed",
              "speed": "fast",
              "pass": true,
              "fail": false,
              "pending": false,
              "context": null,
              "code": "cy.getByTest('product-sort-container').select('Price (high to low)');\ncy.getByTest('inventory-item-price').first().should('have.text', '$49.99');\ncy.getByTest('inventory-item-price').last().should('have.text', '$7.99');",
              "err": {},
              "uuid": "09aa7997-4e95-4e6b-9200-c2fd8a475fca",
              "parentUUID": "8c5dfca0-c131-4c1a-b681-de5b2abc4995",
              "isHook": false,
              "skipped": false
            },
            {
              "title": "Verify click on a product name navigates to the product detail page",
              "fullTitle": "Invertory Page Tests Verify click on a product name navigates to the product detail page",
              "timedOut": null,
              "duration": 1258,
              "state": "passed",
              "speed": "fast",
              "pass": true,
              "fail": false,
              "pending": false,
              "context": null,
              "code": "inventoryP.getFirstItemName().invoke('text').then(name => {\n  // cy.log(name);\n  inventoryP.getFirstItemName().click();\n  cy.url().should('include', 'inventory-item.html?id=');\n  cy.getByTest('inventory-item-name').should('have.text', name.trim());\n});",
              "err": {},
              "uuid": "06132532-f2d3-489a-975e-8f9c1721a0b3",
              "parentUUID": "8c5dfca0-c131-4c1a-b681-de5b2abc4995",
              "isHook": false,
              "skipped": false
            },
            {
              "title": "Verify click on a product name navigate to the product detail page and back to inventory page",
              "fullTitle": "Invertory Page Tests Verify click on a product name navigate to the product detail page and back to inventory page",
              "timedOut": null,
              "duration": 0,
              "state": "pending",
              "speed": null,
              "pass": false,
              "fail": false,
              "pending": true,
              "context": null,
              "code": "inventoryP.getFirstItemName().invoke('text').then(name => {\n  cy.getByTest('inventory-item-desc').first().invoke('text').then(itemDesc => {\n    inventoryP.getFirstItemName().click();\n    cy.url().should('include', 'inventory-item.html?id=');\n    cy.getByTest('inventory-item-name').should('have.text', name.trim());\n    cy.getByTest('inventory-item-desc').should('have.text', itemDesc.trim());\n    cy.go('back');\n  });\n});",
              "err": {},
              "uuid": "5d23817f-e4f5-4bd2-b36e-01cd25f021f2",
              "parentUUID": "8c5dfca0-c131-4c1a-b681-de5b2abc4995",
              "isHook": false,
              "skipped": false
            },
            {
              "title": "Verify click on a product name navigate to the product detail page and back to inventory page",
              "fullTitle": "Invertory Page Tests Verify click on a product name navigate to the product detail page and back to inventory page",
              "timedOut": null,
              "duration": 1293,
              "state": "passed",
              "speed": "fast",
              "pass": true,
              "fail": false,
              "pending": false,
              "context": null,
              "code": "inventoryP.getFirstItemName().invoke('text').as('firstItemName');\ncy.getByTest('inventory-item-desc').first().invoke('text').as('firstItemDesc');\ninventoryP.getFirstItemName().click();\ncy.url().should('include', 'inventory-item.html?id=');\ncy.get('@firstItemName').then(name => {\n  cy.getByTest('inventory-item-name').should('have.text', name.trim());\n});\ncy.get('@firstItemDesc').then(itemDesc => {\n  cy.getByTest('inventory-item-desc').should('have.text', itemDesc.trim());\n});\n/*\nthis .go function to go back to previous page of browser history\n this function use \n  going back ('back') or (-1)\n    going forward ('forward') or (1)\n*/\ncy.go('back');",
              "err": {},
              "uuid": "781b1821-58cb-42e1-9e4a-eeedb6600ad5",
              "parentUUID": "8c5dfca0-c131-4c1a-b681-de5b2abc4995",
              "isHook": false,
              "skipped": false
            }
          ],
          "suites": [],
          "passes": [
            "a167a9eb-8e57-4811-ae2e-4d58f8febf0d",
            "5aec16fc-e3e4-45ff-adf6-4d6d7944196d",
            "bde52c99-11ff-4202-9c4a-996952b70929",
            "41d7d917-4cca-488d-860b-8a8f738fb609",
            "6eda5546-c34e-452a-ac51-c7ac1cbd683a",
            "da7b5a24-84b3-482b-ab6d-1e5381b76657",
            "d6a100d8-c294-4f0d-bdc5-ca4976236b22",
            "a0c38e27-0d87-4961-8711-479b400d2beb",
            "3c3c02d2-5b76-4fb3-bba5-d91e1b9ef86b",
            "ef064a5e-cb34-4cf9-b444-3a54d75570de",
            "b0110171-cb6c-49fc-ac34-3822dc40c620",
            "de5f0bec-7cc6-442f-9285-205493b837f9",
            "94dbefd3-b9b3-4238-b21a-fdbaa32e9341",
            "c5c490b6-b4c6-4361-bd20-60d76eb96570",
            "0bf95731-0679-4d3c-86e7-48318c237ac1",
            "d117f6ac-811b-4ed0-95cd-11b4f0aa7fec",
            "c36591ff-7d50-4d2e-8dfd-90e879edea2a",
            "09aa7997-4e95-4e6b-9200-c2fd8a475fca",
            "06132532-f2d3-489a-975e-8f9c1721a0b3",
            "781b1821-58cb-42e1-9e4a-eeedb6600ad5"
          ],
          "failures": [],
          "pending": [
            "5d23817f-e4f5-4bd2-b36e-01cd25f021f2"
          ],
          "skipped": [],
          "duration": 50762,
          "root": false,
          "rootEmpty": false,
          "_timeout": 2000
        }
      ],
      "passes": [],
      "failures": [],
      "pending": [],
      "skipped": [],
      "duration": 0,
      "root": true,
      "rootEmpty": true,
      "_timeout": 2000
    }
  ],
  "meta": {
    "mocha": {
      "version": "7.2.0"
    },
    "mochawesome": {
      "options": {
        "quiet": false,
        "reportFilename": "mochawesome",
        "saveHtml": true,
        "saveJson": true,
        "consoleReporter": "spec",
        "useInlineDiffs": false,
        "code": true
      },
      "version": "7.1.4"
    },
    "marge": {
      "options": {
        "reportDir": "cypress/reports/mochawesome",
        "overwrite": false,
        "html": true,
        "json": true
      },
      "version": "6.3.2"
    }
  }
}