{
  "stats": {
    "suites": 1,
    "tests": 7,
    "passes": 6,
    "pending": 1,
    "failures": 0,
    "start": "2026-01-10T09:10:41.410Z",
    "end": "2026-01-10T09:10:56.312Z",
    "duration": 14902,
    "testsRegistered": 7,
    "passPercent": 100,
    "pendingPercent": 14.285714285714285,
    "other": 0,
    "hasOther": false,
    "skipped": 0,
    "hasSkipped": false
  },
  "results": [
    {
      "uuid": "f9f684ed-706c-416f-916f-bacc5450037c",
      "title": "",
      "fullFile": "cypress\\e2e\\navMenu.cy.js",
      "file": "cypress\\e2e\\navMenu.cy.js",
      "beforeHooks": [],
      "afterHooks": [],
      "tests": [],
      "suites": [
        {
          "uuid": "329d3c73-89ed-46b2-a089-24ff16110f43",
          "title": "Invertory Page Menu",
          "fullFile": "",
          "file": "",
          "beforeHooks": [],
          "afterHooks": [],
          "tests": [
            {
              "title": "Verify Menu button Click",
              "fullTitle": "Invertory Page Menu Verify Menu button Click",
              "timedOut": null,
              "duration": 3133,
              "state": "passed",
              "speed": "fast",
              "pass": true,
              "fail": false,
              "pending": false,
              "context": null,
              "code": "navMenuP.menuButton().click();\nnavMenuP.menuContainer().should('be.visible');",
              "err": {},
              "uuid": "2ba35a76-3158-483f-b0e6-a83610f54013",
              "parentUUID": "329d3c73-89ed-46b2-a089-24ff16110f43",
              "isHook": false,
              "skipped": false
            },
            {
              "title": "Verify All Items Link",
              "fullTitle": "Invertory Page Menu Verify All Items Link",
              "timedOut": null,
              "duration": 1458,
              "state": "passed",
              "speed": "fast",
              "pass": true,
              "fail": false,
              "pending": false,
              "context": null,
              "code": "navMenuP.menuButton().click();\nnavMenuP.getAllItemsLink().should('have.attr', 'href').and('contains', '#');\nnavMenuP.getAllItemsLink().should('have.text', 'All Items');",
              "err": {},
              "uuid": "496ded52-7146-4e89-af63-a31dbd3e1803",
              "parentUUID": "329d3c73-89ed-46b2-a089-24ff16110f43",
              "isHook": false,
              "skipped": false
            },
            {
              "title": "Verify About Link",
              "fullTitle": "Invertory Page Menu Verify About Link",
              "timedOut": null,
              "duration": 4134,
              "state": "passed",
              "speed": "fast",
              "pass": true,
              "fail": false,
              "pending": false,
              "context": null,
              "code": "navMenuP.menuButton().click();\nnavMenuP.aboutLink().should('have.attr', 'href').and('contains', 'saucelabs.com');",
              "err": {},
              "uuid": "606a8dd7-432c-4e29-b129-ac19a4e6202b",
              "parentUUID": "329d3c73-89ed-46b2-a089-24ff16110f43",
              "isHook": false,
              "skipped": false
            },
            {
              "title": "Verify Logout Link",
              "fullTitle": "Invertory Page Menu Verify Logout Link",
              "timedOut": null,
              "duration": 1887,
              "state": "passed",
              "speed": "fast",
              "pass": true,
              "fail": false,
              "pending": false,
              "context": null,
              "code": "navMenuP.menuButton().click();\nnavMenuP.logoutLink().click();\ncy.url().should('include', 'saucedemo.com');",
              "err": {},
              "uuid": "8212e557-8cc4-41e5-a2d4-18f453a12645",
              "parentUUID": "329d3c73-89ed-46b2-a089-24ff16110f43",
              "isHook": false,
              "skipped": false
            },
            {
              "title": "Verify Reset App State Link",
              "fullTitle": "Invertory Page Menu Verify Reset App State Link",
              "timedOut": null,
              "duration": 1845,
              "state": "passed",
              "speed": "fast",
              "pass": true,
              "fail": false,
              "pending": false,
              "context": null,
              "code": "navMenuP.menuButton().click();\nnavMenuP.resetAppStateLink().click();\n// No direct validation available for reset app state\n// You can add validation based on your app's behavior after reset",
              "err": {},
              "uuid": "e6239aa4-6b75-4e61-b7f0-d0fcf0e99d1d",
              "parentUUID": "329d3c73-89ed-46b2-a089-24ff16110f43",
              "isHook": false,
              "skipped": false
            },
            {
              "title": "Verify Close Menu Button",
              "fullTitle": "Invertory Page Menu Verify Close Menu Button",
              "timedOut": null,
              "duration": 1865,
              "state": "passed",
              "speed": "fast",
              "pass": true,
              "fail": false,
              "pending": false,
              "context": null,
              "code": "navMenuP.menuButton().click();\nnavMenuP.closeMenuButton().click();\nnavMenuP.menuContainer().should('not.be.visible');",
              "err": {},
              "uuid": "88c9f475-dc58-4d0e-bd28-da1cf224cd40",
              "parentUUID": "329d3c73-89ed-46b2-a089-24ff16110f43",
              "isHook": false,
              "skipped": false
            },
            {
              "title": "Verify Close Menu by clicking outside",
              "fullTitle": "Invertory Page Menu Verify Close Menu by clicking outside",
              "timedOut": null,
              "duration": 0,
              "state": "pending",
              "speed": null,
              "pass": false,
              "fail": false,
              "pending": true,
              "context": null,
              "code": "navMenuP.menuButton().click();\ncy.get('div.inventory_container').click({\n  force: true\n});\nnavMenuP.menuContainer().should('not.be.visible');",
              "err": {},
              "uuid": "537e57c9-0106-4fcb-bdf4-c40143b2b405",
              "parentUUID": "329d3c73-89ed-46b2-a089-24ff16110f43",
              "isHook": false,
              "skipped": false
            }
          ],
          "suites": [],
          "passes": [
            "2ba35a76-3158-483f-b0e6-a83610f54013",
            "496ded52-7146-4e89-af63-a31dbd3e1803",
            "606a8dd7-432c-4e29-b129-ac19a4e6202b",
            "8212e557-8cc4-41e5-a2d4-18f453a12645",
            "e6239aa4-6b75-4e61-b7f0-d0fcf0e99d1d",
            "88c9f475-dc58-4d0e-bd28-da1cf224cd40"
          ],
          "failures": [],
          "pending": [
            "537e57c9-0106-4fcb-bdf4-c40143b2b405"
          ],
          "skipped": [],
          "duration": 14322,
          "root": false,
          "rootEmpty": false,
          "_timeout": 2000
        }
      ],
      "passes": [],
      "failures": [],
      "pending": [],
      "skipped": [],
      "duration": 0,
      "root": true,
      "rootEmpty": true,
      "_timeout": 2000
    }
  ],
  "meta": {
    "mocha": {
      "version": "7.2.0"
    },
    "mochawesome": {
      "options": {
        "quiet": false,
        "reportFilename": "mochawesome",
        "saveHtml": true,
        "saveJson": true,
        "consoleReporter": "spec",
        "useInlineDiffs": false,
        "code": true
      },
      "version": "7.1.4"
    },
    "marge": {
      "options": {
        "reportDir": "cypress/reports/mochawesome",
        "overwrite": false,
        "html": true,
        "json": true
      },
      "version": "6.3.2"
    }
  }
}