{
  "stats": {
    "suites": 2,
    "tests": 22,
    "passes": 21,
    "pending": 2,
    "failures": -1,
    "start": "2025-12-28T13:34:17.617Z",
    "end": "2025-12-28T13:35:25.928Z",
    "duration": 68311,
    "testsRegistered": 23,
    "passPercent": 100,
    "pendingPercent": 8.695652173913043,
    "other": 1,
    "hasOther": true,
    "skipped": 0,
    "hasSkipped": false
  },
  "results": [
    {
      "uuid": "5072ef6e-8f59-435e-9b6e-72ed9a465c58",
      "title": "",
      "fullFile": "cypress\\e2e\\login.cy.js",
      "file": "cypress\\e2e\\login.cy.js",
      "beforeHooks": [],
      "afterHooks": [],
      "tests": [],
      "suites": [
        {
          "uuid": "3a3ccd09-54e1-421a-8cd6-ba8870206645",
          "title": "Login Test Suite",
          "fullFile": "",
          "file": "",
          "beforeHooks": [],
          "afterHooks": [],
          "tests": [
            {
              "title": "Login With Valid Credentials",
              "fullTitle": "Login Test Suite Login With Valid Credentials",
              "timedOut": null,
              "duration": 2707,
              "state": "passed",
              "speed": "fast",
              "pass": true,
              "fail": false,
              "pending": false,
              "context": null,
              "code": "cy.url().should('include', 'inventory.html');\ninventoryP.getPageTitle().should('have.text', 'Products');",
              "err": {},
              "uuid": "f7712b06-024c-4461-b883-957874e5f8fd",
              "parentUUID": "3a3ccd09-54e1-421a-8cd6-ba8870206645",
              "isHook": false,
              "skipped": false
            }
          ],
          "suites": [],
          "passes": [
            "f7712b06-024c-4461-b883-957874e5f8fd"
          ],
          "failures": [],
          "pending": [],
          "skipped": [],
          "duration": 2707,
          "root": false,
          "rootEmpty": false,
          "_timeout": 2000
        },
        {
          "uuid": "c4b79860-25fd-485f-a5c5-7d8f559aa983",
          "title": "Invalid LOGIN Tests",
          "fullFile": "",
          "file": "",
          "beforeHooks": [],
          "afterHooks": [],
          "tests": [
            {
              "title": "Should not allow invalid user to login",
              "fullTitle": "Invalid LOGIN Tests Should not allow invalid user to login",
              "timedOut": null,
              "duration": 2061,
              "state": "passed",
              "speed": "fast",
              "pass": true,
              "fail": false,
              "pending": false,
              "context": null,
              "code": "loginP.SouceLogin(_user.default.lockedUser.username, _user.default.lockedUser.password);\nloginP.errorMessage().should('have.text', 'Epic sadface: Sorry, this user has been locked out.');",
              "err": {},
              "uuid": "2a7d42c6-fa15-4d1e-9ba4-eeb8be9dd5e3",
              "parentUUID": "c4b79860-25fd-485f-a5c5-7d8f559aa983",
              "isHook": false,
              "skipped": false
            },
            {
              "title": "Should not allow login with invalid password",
              "fullTitle": "Invalid LOGIN Tests Should not allow login with invalid password",
              "timedOut": null,
              "duration": 2236,
              "state": "passed",
              "speed": "fast",
              "pass": true,
              "fail": false,
              "pending": false,
              "context": null,
              "code": "loginP.SouceLogin(_user.default.validUser.username, 'wrong_password');\nloginP.errorMessage().should('have.text', 'Epic sadface: Username and password do not match any user in this service');",
              "err": {},
              "uuid": "59f8c3d3-1608-4202-91b9-eab78953cba4",
              "parentUUID": "c4b79860-25fd-485f-a5c5-7d8f559aa983",
              "isHook": false,
              "skipped": false
            },
            {
              "title": "Should not allow login with blank username",
              "fullTitle": "Invalid LOGIN Tests Should not allow login with blank username",
              "timedOut": null,
              "duration": 1215,
              "state": "passed",
              "speed": "fast",
              "pass": true,
              "fail": false,
              "pending": false,
              "context": null,
              "code": "loginP.SouceLogin('', _user.default.validUser.password);\nloginP.errorMessage().should('have.text', 'Epic sadface: Username is required');",
              "err": {},
              "uuid": "7f0788e5-efd0-4115-a72b-5136f0fbe9e7",
              "parentUUID": "c4b79860-25fd-485f-a5c5-7d8f559aa983",
              "isHook": false,
              "skipped": false
            },
            {
              "title": "Should not allow login with blank password",
              "fullTitle": "Invalid LOGIN Tests Should not allow login with blank password",
              "timedOut": null,
              "duration": 1444,
              "state": "passed",
              "speed": "fast",
              "pass": true,
              "fail": false,
              "pending": false,
              "context": null,
              "code": "loginP.SouceLogin(_user.default.validUser.username, '');\nloginP.errorMessage().should('have.text', 'Epic sadface: Password is required');",
              "err": {},
              "uuid": "cfdb6c1b-654a-4b55-86f5-2007ceaf8af5",
              "parentUUID": "c4b79860-25fd-485f-a5c5-7d8f559aa983",
              "isHook": false,
              "skipped": false
            },
            {
              "title": "Should not allow login with blank username and password",
              "fullTitle": "Invalid LOGIN Tests Should not allow login with blank username and password",
              "timedOut": null,
              "duration": 872,
              "state": "passed",
              "speed": "fast",
              "pass": true,
              "fail": false,
              "pending": false,
              "context": null,
              "code": "loginP.SouceLogin('', '');\nloginP.errorMessage().should('have.text', 'Epic sadface: Username is required');",
              "err": {},
              "uuid": "1f2690d6-3719-4b80-8ba9-284ce6989ecc",
              "parentUUID": "c4b79860-25fd-485f-a5c5-7d8f559aa983",
              "isHook": false,
              "skipped": false
            },
            {
              "title": "Should not allow login with special characters",
              "fullTitle": "Invalid LOGIN Tests Should not allow login with special characters",
              "timedOut": null,
              "duration": 1253,
              "state": "passed",
              "speed": "fast",
              "pass": true,
              "fail": false,
              "pending": false,
              "context": null,
              "code": "loginP.SouceLogin('!@#$%', '^&*()');\nloginP.errorMessage().should('have.text', 'Epic sadface: Username and password do not match any user in this service');",
              "err": {},
              "uuid": "431e0b98-e0c6-4c14-93a0-040fd1f6ba08",
              "parentUUID": "c4b79860-25fd-485f-a5c5-7d8f559aa983",
              "isHook": false,
              "skipped": false
            },
            {
              "title": "Should not allow login with SQL Injection",
              "fullTitle": "Invalid LOGIN Tests Should not allow login with SQL Injection",
              "timedOut": null,
              "duration": 1437,
              "state": "passed",
              "speed": "fast",
              "pass": true,
              "fail": false,
              "pending": false,
              "context": null,
              "code": "loginP.visit();\nloginP.SouceLogin('\\' OR \\'1\\'=\\'1', '\\' OR \\'1\\'=\\'1');\nloginP.errorMessage().should('have.text', 'Epic sadface: Username and password do not match any user in this service');",
              "err": {},
              "uuid": "b662602a-6732-439e-97a4-68688303ef82",
              "parentUUID": "c4b79860-25fd-485f-a5c5-7d8f559aa983",
              "isHook": false,
              "skipped": false
            },
            {
              "title": "Should not allow login with very long strings",
              "fullTitle": "Invalid LOGIN Tests Should not allow login with very long strings",
              "timedOut": null,
              "duration": 34621,
              "state": "passed",
              "speed": "slow",
              "pass": true,
              "fail": false,
              "pending": false,
              "context": null,
              "code": "const longString = 'a'.repeat(1000);\nloginP.SouceLogin(longString, longString);\nloginP.errorMessage().should('have.text', 'Epic sadface: Username and password do not match any user in this service');",
              "err": {},
              "uuid": "44ee8558-e108-4ab4-9980-3a53da0f7f1c",
              "parentUUID": "c4b79860-25fd-485f-a5c5-7d8f559aa983",
              "isHook": false,
              "skipped": false
            },
            {
              "title": "Should not allow login with whitespace only",
              "fullTitle": "Invalid LOGIN Tests Should not allow login with whitespace only",
              "timedOut": null,
              "duration": 1314,
              "state": "passed",
              "speed": "fast",
              "pass": true,
              "fail": false,
              "pending": false,
              "context": null,
              "code": "loginP.SouceLogin('     ', '     ');\nloginP.errorMessage().should('have.text', 'Epic sadface: Username and password do not match any user in this service');",
              "err": {},
              "uuid": "ad681da8-1473-4868-8903-6d567d183a75",
              "parentUUID": "c4b79860-25fd-485f-a5c5-7d8f559aa983",
              "isHook": false,
              "skipped": false
            },
            {
              "title": "Should not allow login with case sensitive username",
              "fullTitle": "Invalid LOGIN Tests Should not allow login with case sensitive username",
              "timedOut": null,
              "duration": 1747,
              "state": "passed",
              "speed": "fast",
              "pass": true,
              "fail": false,
              "pending": false,
              "context": null,
              "code": "loginP.SouceLogin('STANDARD_USER', 'secret_sauce');\nloginP.errorMessage().should('have.text', 'Epic sadface: Username and password do not match any user in this service');",
              "err": {},
              "uuid": "515f5011-7bb5-4709-98d6-efc0f8d84930",
              "parentUUID": "c4b79860-25fd-485f-a5c5-7d8f559aa983",
              "isHook": false,
              "skipped": false
            },
            {
              "title": "Should not allow login with case sensitive password",
              "fullTitle": "Invalid LOGIN Tests Should not allow login with case sensitive password",
              "timedOut": null,
              "duration": 1514,
              "state": "passed",
              "speed": "fast",
              "pass": true,
              "fail": false,
              "pending": false,
              "context": null,
              "code": "loginP.SouceLogin('standard_user', 'SECRET_SAUCE');\nloginP.errorMessage().should('have.text', 'Epic sadface: Username and password do not match any user in this service');",
              "err": {},
              "uuid": "34e1a229-9f9b-4713-b654-f461f1331e56",
              "parentUUID": "c4b79860-25fd-485f-a5c5-7d8f559aa983",
              "isHook": false,
              "skipped": false
            },
            {
              "title": "Should not allow login with leading/trailing spaces",
              "fullTitle": "Invalid LOGIN Tests Should not allow login with leading/trailing spaces",
              "timedOut": null,
              "duration": 1662,
              "state": "passed",
              "speed": "fast",
              "pass": true,
              "fail": false,
              "pending": false,
              "context": null,
              "code": "loginP.SouceLogin(' standard_user ', ' secret_sauce ');\nloginP.errorMessage().should('have.text', 'Epic sadface: Username and password do not match any user in this service');",
              "err": {},
              "uuid": "6f572cad-4d28-402b-ae84-3fc8a2867868",
              "parentUUID": "c4b79860-25fd-485f-a5c5-7d8f559aa983",
              "isHook": false,
              "skipped": false
            },
            {
              "title": "Should not allow login with HTML/JS code",
              "fullTitle": "Invalid LOGIN Tests Should not allow login with HTML/JS code",
              "timedOut": null,
              "duration": 1707,
              "state": "passed",
              "speed": "fast",
              "pass": true,
              "fail": false,
              "pending": false,
              "context": null,
              "code": "loginP.SouceLogin('<script>alert(1)</script>', '<b>bold</b>');\nloginP.errorMessage().should('have.text', 'Epic sadface: Username and password do not match any user in this service');",
              "err": {},
              "uuid": "709c595a-20fb-49f1-8f03-b47dc8fa5c91",
              "parentUUID": "c4b79860-25fd-485f-a5c5-7d8f559aa983",
              "isHook": false,
              "skipped": false
            },
            {
              "title": "Should not allow login with Unicode characters",
              "fullTitle": "Invalid LOGIN Tests Should not allow login with Unicode characters",
              "timedOut": null,
              "duration": 1262,
              "state": "passed",
              "speed": "fast",
              "pass": true,
              "fail": false,
              "pending": false,
              "context": null,
              "code": "loginP.SouceLogin('用户', '密码');\nloginP.errorMessage().should('have.text', 'Epic sadface: Username and password do not match any user in this service');",
              "err": {},
              "uuid": "1c1993b7-2003-42f9-b77c-fa9dde50f48e",
              "parentUUID": "c4b79860-25fd-485f-a5c5-7d8f559aa983",
              "isHook": false,
              "skipped": false
            },
            {
              "title": "Should not allow login with emojis",
              "fullTitle": "Invalid LOGIN Tests Should not allow login with emojis",
              "timedOut": null,
              "duration": 1293,
              "state": "passed",
              "speed": "fast",
              "pass": true,
              "fail": false,
              "pending": false,
              "context": null,
              "code": "loginP.SouceLogin('😀😃😄', '😁😆😅');\nloginP.errorMessage().should('have.text', 'Epic sadface: Username and password do not match any user in this service');",
              "err": {},
              "uuid": "b7893f5f-f710-4444-a648-9974fca08b2a",
              "parentUUID": "c4b79860-25fd-485f-a5c5-7d8f559aa983",
              "isHook": false,
              "skipped": false
            },
            {
              "title": "Should not allow login with SQL keywords",
              "fullTitle": "Invalid LOGIN Tests Should not allow login with SQL keywords",
              "timedOut": null,
              "duration": 1822,
              "state": "passed",
              "speed": "fast",
              "pass": true,
              "fail": false,
              "pending": false,
              "context": null,
              "code": "loginP.SouceLogin('SELECT * FROM users', 'DROP TABLE users');\nloginP.errorMessage().should('have.text', 'Epic sadface: Username and password do not match any user in this service');",
              "err": {},
              "uuid": "ddaa9e87-7f50-4833-a1da-22fb0631a1b8",
              "parentUUID": "c4b79860-25fd-485f-a5c5-7d8f559aa983",
              "isHook": false,
              "skipped": false
            },
            {
              "title": "Should not allow login with script tags",
              "fullTitle": "Invalid LOGIN Tests Should not allow login with script tags",
              "timedOut": null,
              "duration": 2256,
              "state": "passed",
              "speed": "fast",
              "pass": true,
              "fail": false,
              "pending": false,
              "context": null,
              "code": "loginP.SouceLogin('<script>maliciousCode()</script>', '<img src=x onerror=alert(1)>');\nloginP.errorMessage().should('have.text', 'Epic sadface: Username and password do not match any user in this service');",
              "err": {},
              "uuid": "58bbb1aa-00d4-482f-9052-cd33a9384cae",
              "parentUUID": "c4b79860-25fd-485f-a5c5-7d8f559aa983",
              "isHook": false,
              "skipped": false
            },
            {
              "title": "Should not allow login with SQL comments",
              "fullTitle": "Invalid LOGIN Tests Should not allow login with SQL comments",
              "timedOut": null,
              "duration": 1574,
              "state": "passed",
              "speed": "fast",
              "pass": true,
              "fail": false,
              "pending": false,
              "context": null,
              "code": "loginP.SouceLogin('standard_user--', 'secret_sauce--');\nloginP.errorMessage().should('have.text', 'Epic sadface: Username and password do not match any user in this service');",
              "err": {},
              "uuid": "a952a69c-a414-47bb-8d91-60661e63a56a",
              "parentUUID": "c4b79860-25fd-485f-a5c5-7d8f559aa983",
              "isHook": false,
              "skipped": false
            },
            {
              "title": "Should not allow login with mixed valid/invalid credentials",
              "fullTitle": "Invalid LOGIN Tests Should not allow login with mixed valid/invalid credentials",
              "timedOut": null,
              "duration": 1577,
              "state": "passed",
              "speed": "fast",
              "pass": true,
              "fail": false,
              "pending": false,
              "context": null,
              "code": "loginP.SouceLogin('standard_user', 'wrong_password');\nloginP.errorMessage().should('have.text', 'Epic sadface: Username and password do not match any user in this service');",
              "err": {},
              "uuid": "fd2cb415-e605-48e8-83f9-c59ebcdad3cd",
              "parentUUID": "c4b79860-25fd-485f-a5c5-7d8f559aa983",
              "isHook": false,
              "skipped": false
            },
            {
              "title": "Should not allow login with empty strings",
              "fullTitle": "Invalid LOGIN Tests Should not allow login with empty strings",
              "timedOut": null,
              "duration": 1109,
              "state": "passed",
              "speed": "fast",
              "pass": true,
              "fail": false,
              "pending": false,
              "context": null,
              "code": "loginP.SouceLogin(String.fromCharCode(0), String.fromCharCode(0));\nloginP.errorMessage().should('have.text', 'Epic sadface: Username and password do not match any user in this service');",
              "err": {},
              "uuid": "2ce70a86-7d7d-4d75-97a4-40e64383407a",
              "parentUUID": "c4b79860-25fd-485f-a5c5-7d8f559aa983",
              "isHook": false,
              "skipped": false
            },
            {
              "title": "Should not allow login with very long username and short password",
              "fullTitle": "Invalid LOGIN Tests Should not allow login with very long username and short password",
              "timedOut": null,
              "duration": 0,
              "state": "pending",
              "speed": null,
              "pass": false,
              "fail": false,
              "pending": true,
              "context": null,
              "code": "const longUsername = 'a'.repeat(1000);\nloginP.SouceLogin(longUsername, 'short');\nloginP.errorMessage().should('have.text', 'Epic sadface: Username and password do not match any user in this service');",
              "err": {},
              "uuid": "fd42f97a-4a83-4ee6-a789-c2cb589a325b",
              "parentUUID": "c4b79860-25fd-485f-a5c5-7d8f559aa983",
              "isHook": false,
              "skipped": false
            },
            {
              "title": "Should not allow login with short username and very long password",
              "fullTitle": "Invalid LOGIN Tests Should not allow login with short username and very long password",
              "timedOut": null,
              "duration": 0,
              "state": "pending",
              "speed": null,
              "pass": false,
              "fail": false,
              "pending": true,
              "context": null,
              "code": "const longPassword = 'b'.repeat(1000);\nloginP.SouceLogin('short', longPassword);\nloginP.errorMessage().should('have.text', 'Epic sadface: Username and password do not match any user in this service');",
              "err": {},
              "uuid": "6e59fdd7-e305-44f9-955b-bb2067093a8f",
              "parentUUID": "c4b79860-25fd-485f-a5c5-7d8f559aa983",
              "isHook": false,
              "skipped": false
            }
          ],
          "suites": [],
          "passes": [
            "2a7d42c6-fa15-4d1e-9ba4-eeb8be9dd5e3",
            "59f8c3d3-1608-4202-91b9-eab78953cba4",
            "7f0788e5-efd0-4115-a72b-5136f0fbe9e7",
            "cfdb6c1b-654a-4b55-86f5-2007ceaf8af5",
            "1f2690d6-3719-4b80-8ba9-284ce6989ecc",
            "431e0b98-e0c6-4c14-93a0-040fd1f6ba08",
            "b662602a-6732-439e-97a4-68688303ef82",
            "44ee8558-e108-4ab4-9980-3a53da0f7f1c",
            "ad681da8-1473-4868-8903-6d567d183a75",
            "515f5011-7bb5-4709-98d6-efc0f8d84930",
            "34e1a229-9f9b-4713-b654-f461f1331e56",
            "6f572cad-4d28-402b-ae84-3fc8a2867868",
            "709c595a-20fb-49f1-8f03-b47dc8fa5c91",
            "1c1993b7-2003-42f9-b77c-fa9dde50f48e",
            "b7893f5f-f710-4444-a648-9974fca08b2a",
            "ddaa9e87-7f50-4833-a1da-22fb0631a1b8",
            "58bbb1aa-00d4-482f-9052-cd33a9384cae",
            "a952a69c-a414-47bb-8d91-60661e63a56a",
            "fd2cb415-e605-48e8-83f9-c59ebcdad3cd",
            "2ce70a86-7d7d-4d75-97a4-40e64383407a"
          ],
          "failures": [],
          "pending": [
            "fd42f97a-4a83-4ee6-a789-c2cb589a325b",
            "6e59fdd7-e305-44f9-955b-bb2067093a8f"
          ],
          "skipped": [],
          "duration": 63976,
          "root": false,
          "rootEmpty": false,
          "_timeout": 2000
        }
      ],
      "passes": [],
      "failures": [],
      "pending": [],
      "skipped": [],
      "duration": 0,
      "root": true,
      "rootEmpty": true,
      "_timeout": 2000
    }
  ],
  "meta": {
    "mocha": {
      "version": "7.2.0"
    },
    "mochawesome": {
      "options": {
        "quiet": false,
        "reportFilename": "mochawesome",
        "saveHtml": false,
        "saveJson": true,
        "consoleReporter": "spec",
        "useInlineDiffs": false,
        "code": true
      },
      "version": "7.1.4"
    },
    "marge": {
      "options": {
        "reportDir": "cypress/reports/mochawesome",
        "overwrite": false,
        "html": false,
        "json": true
      },
      "version": "6.3.2"
    }
  }
}