{
  "stats": {
    "suites": 1,
    "tests": 7,
    "passes": 6,
    "pending": 1,
    "failures": 0,
    "start": "2026-01-13T18:34:07.053Z",
    "end": "2026-01-13T18:34:18.233Z",
    "duration": 11180,
    "testsRegistered": 7,
    "passPercent": 100,
    "pendingPercent": 14.285714285714285,
    "other": 0,
    "hasOther": false,
    "skipped": 0,
    "hasSkipped": false
  },
  "results": [
    {
      "uuid": "faf1cb63-e69b-44f1-8d3c-81192451fc0a",
      "title": "",
      "fullFile": "cypress\\e2e\\navMenu.cy.js",
      "file": "cypress\\e2e\\navMenu.cy.js",
      "beforeHooks": [],
      "afterHooks": [],
      "tests": [],
      "suites": [
        {
          "uuid": "0716548d-ce80-4fec-866e-5dd1d494425a",
          "title": "Invertory Page Menu",
          "fullFile": "",
          "file": "",
          "beforeHooks": [],
          "afterHooks": [],
          "tests": [
            {
              "title": "Verify Menu button Click",
              "fullTitle": "Invertory Page Menu Verify Menu button Click",
              "timedOut": null,
              "duration": 2888,
              "state": "passed",
              "speed": "fast",
              "pass": true,
              "fail": false,
              "pending": false,
              "context": null,
              "code": "navMenuP.menuButton().click();\nnavMenuP.menuContainer().should('be.visible');",
              "err": {},
              "uuid": "ee89a463-8937-4997-9d96-7151f03009c4",
              "parentUUID": "0716548d-ce80-4fec-866e-5dd1d494425a",
              "isHook": false,
              "skipped": false
            },
            {
              "title": "Verify All Items Link",
              "fullTitle": "Invertory Page Menu Verify All Items Link",
              "timedOut": null,
              "duration": 1441,
              "state": "passed",
              "speed": "fast",
              "pass": true,
              "fail": false,
              "pending": false,
              "context": null,
              "code": "navMenuP.menuButton().click();\nnavMenuP.getAllItemsLink().should('have.attr', 'href').and('contains', '#');\nnavMenuP.getAllItemsLink().should('have.text', 'All Items');",
              "err": {},
              "uuid": "116e76e4-3afc-44b3-8e2d-1c355df46087",
              "parentUUID": "0716548d-ce80-4fec-866e-5dd1d494425a",
              "isHook": false,
              "skipped": false
            },
            {
              "title": "Verify About Link",
              "fullTitle": "Invertory Page Menu Verify About Link",
              "timedOut": null,
              "duration": 1246,
              "state": "passed",
              "speed": "fast",
              "pass": true,
              "fail": false,
              "pending": false,
              "context": null,
              "code": "navMenuP.menuButton().click();\nnavMenuP.aboutLink().should('have.attr', 'href').and('contains', 'saucelabs.com');",
              "err": {},
              "uuid": "c002130b-f9ec-489e-adf4-c5bd3b18049b",
              "parentUUID": "0716548d-ce80-4fec-866e-5dd1d494425a",
              "isHook": false,
              "skipped": false
            },
            {
              "title": "Verify Logout Link",
              "fullTitle": "Invertory Page Menu Verify Logout Link",
              "timedOut": null,
              "duration": 1709,
              "state": "passed",
              "speed": "fast",
              "pass": true,
              "fail": false,
              "pending": false,
              "context": null,
              "code": "navMenuP.menuButton().click();\nnavMenuP.logoutLink().click();\ncy.url().should('include', 'saucedemo.com');",
              "err": {},
              "uuid": "d1b50b68-8197-44d6-8488-727001280282",
              "parentUUID": "0716548d-ce80-4fec-866e-5dd1d494425a",
              "isHook": false,
              "skipped": false
            },
            {
              "title": "Verify Reset App State Link",
              "fullTitle": "Invertory Page Menu Verify Reset App State Link",
              "timedOut": null,
              "duration": 2076,
              "state": "passed",
              "speed": "fast",
              "pass": true,
              "fail": false,
              "pending": false,
              "context": null,
              "code": "navMenuP.menuButton().click();\nnavMenuP.resetAppStateLink().click();\n// No direct validation available for reset app state\n// You can add validation based on your app's behavior after reset",
              "err": {},
              "uuid": "7263f7b1-54b6-4790-81f7-d62034c21bca",
              "parentUUID": "0716548d-ce80-4fec-866e-5dd1d494425a",
              "isHook": false,
              "skipped": false
            },
            {
              "title": "Verify Close Menu Button",
              "fullTitle": "Invertory Page Menu Verify Close Menu Button",
              "timedOut": null,
              "duration": 1590,
              "state": "passed",
              "speed": "fast",
              "pass": true,
              "fail": false,
              "pending": false,
              "context": null,
              "code": "navMenuP.menuButton().click();\nnavMenuP.closeMenuButton().click();\nnavMenuP.menuContainer().should('not.be.visible');",
              "err": {},
              "uuid": "430209f6-30e2-4b51-8dba-b20204004bb9",
              "parentUUID": "0716548d-ce80-4fec-866e-5dd1d494425a",
              "isHook": false,
              "skipped": false
            },
            {
              "title": "Verify Close Menu by clicking outside",
              "fullTitle": "Invertory Page Menu Verify Close Menu by clicking outside",
              "timedOut": null,
              "duration": 0,
              "state": "pending",
              "speed": null,
              "pass": false,
              "fail": false,
              "pending": true,
              "context": null,
              "code": "navMenuP.menuButton().click();\ncy.get('div.inventory_container').click({\n  force: true\n});\nnavMenuP.menuContainer().should('not.be.visible');",
              "err": {},
              "uuid": "0e910639-5b7f-4041-ab74-b5c357e45bad",
              "parentUUID": "0716548d-ce80-4fec-866e-5dd1d494425a",
              "isHook": false,
              "skipped": false
            }
          ],
          "suites": [],
          "passes": [
            "ee89a463-8937-4997-9d96-7151f03009c4",
            "116e76e4-3afc-44b3-8e2d-1c355df46087",
            "c002130b-f9ec-489e-adf4-c5bd3b18049b",
            "d1b50b68-8197-44d6-8488-727001280282",
            "7263f7b1-54b6-4790-81f7-d62034c21bca",
            "430209f6-30e2-4b51-8dba-b20204004bb9"
          ],
          "failures": [],
          "pending": [
            "0e910639-5b7f-4041-ab74-b5c357e45bad"
          ],
          "skipped": [],
          "duration": 10950,
          "root": false,
          "rootEmpty": false,
          "_timeout": 2000
        }
      ],
      "passes": [],
      "failures": [],
      "pending": [],
      "skipped": [],
      "duration": 0,
      "root": true,
      "rootEmpty": true,
      "_timeout": 2000
    }
  ],
  "meta": {
    "mocha": {
      "version": "7.2.0"
    },
    "mochawesome": {
      "options": {
        "quiet": false,
        "reportFilename": "mochawesome",
        "saveHtml": true,
        "saveJson": true,
        "consoleReporter": "spec",
        "useInlineDiffs": false,
        "code": true
      },
      "version": "7.1.4"
    },
    "marge": {
      "options": {
        "reportDir": "cypress/reports/mochawesome",
        "overwrite": false,
        "html": true,
        "json": true
      },
      "version": "6.3.2"
    }
  }
}