{
  "stats": {
    "suites": 2,
    "tests": 22,
    "passes": 21,
    "pending": 2,
    "failures": -1,
    "start": "2025-12-28T14:43:11.438Z",
    "end": "2025-12-28T14:44:22.382Z",
    "duration": 70944,
    "testsRegistered": 23,
    "passPercent": 100,
    "pendingPercent": 8.695652173913043,
    "other": 1,
    "hasOther": true,
    "skipped": 0,
    "hasSkipped": false
  },
  "results": [
    {
      "uuid": "fde615b1-8d79-410a-8b18-eccf3b244249",
      "title": "",
      "fullFile": "cypress\\e2e\\login.cy.js",
      "file": "cypress\\e2e\\login.cy.js",
      "beforeHooks": [],
      "afterHooks": [],
      "tests": [],
      "suites": [
        {
          "uuid": "1a683c44-0ebd-4a84-92df-b585d4a95467",
          "title": "Login Test Suite",
          "fullFile": "",
          "file": "",
          "beforeHooks": [],
          "afterHooks": [],
          "tests": [
            {
              "title": "Login With Valid Credentials",
              "fullTitle": "Login Test Suite Login With Valid Credentials",
              "timedOut": null,
              "duration": 7743,
              "state": "passed",
              "speed": "medium",
              "pass": true,
              "fail": false,
              "pending": false,
              "context": null,
              "code": "cy.url().should('include', 'inventory.html');\ninventoryP.getPageTitle().should('have.text', 'Products');",
              "err": {},
              "uuid": "6616871d-5a33-4dec-a8c4-78ad7e804c1f",
              "parentUUID": "1a683c44-0ebd-4a84-92df-b585d4a95467",
              "isHook": false,
              "skipped": false
            }
          ],
          "suites": [],
          "passes": [
            "6616871d-5a33-4dec-a8c4-78ad7e804c1f"
          ],
          "failures": [],
          "pending": [],
          "skipped": [],
          "duration": 7743,
          "root": false,
          "rootEmpty": false,
          "_timeout": 2000
        },
        {
          "uuid": "e159a7a3-0c99-4da3-a45e-905110ad67f0",
          "title": "Invalid LOGIN Tests",
          "fullFile": "",
          "file": "",
          "beforeHooks": [],
          "afterHooks": [],
          "tests": [
            {
              "title": "Should not allow invalid user to login",
              "fullTitle": "Invalid LOGIN Tests Should not allow invalid user to login",
              "timedOut": null,
              "duration": 1340,
              "state": "passed",
              "speed": "fast",
              "pass": true,
              "fail": false,
              "pending": false,
              "context": null,
              "code": "loginP.SouceLogin(_user.default.lockedUser.username, _user.default.lockedUser.password);\nloginP.errorMessage().should('have.text', 'Epic sadface: Sorry, this user has been locked out.');",
              "err": {},
              "uuid": "47b117db-9412-45d4-bcbd-d690616883d5",
              "parentUUID": "e159a7a3-0c99-4da3-a45e-905110ad67f0",
              "isHook": false,
              "skipped": false
            },
            {
              "title": "Should not allow login with invalid password",
              "fullTitle": "Invalid LOGIN Tests Should not allow login with invalid password",
              "timedOut": null,
              "duration": 1568,
              "state": "passed",
              "speed": "fast",
              "pass": true,
              "fail": false,
              "pending": false,
              "context": null,
              "code": "loginP.SouceLogin(_user.default.validUser.username, 'wrong_password');\nloginP.errorMessage().should('have.text', 'Epic sadface: Username and password do not match any user in this service');",
              "err": {},
              "uuid": "87b37705-83d7-4d3b-a026-4591ac2b2666",
              "parentUUID": "e159a7a3-0c99-4da3-a45e-905110ad67f0",
              "isHook": false,
              "skipped": false
            },
            {
              "title": "Should not allow login with blank username",
              "fullTitle": "Invalid LOGIN Tests Should not allow login with blank username",
              "timedOut": null,
              "duration": 974,
              "state": "passed",
              "speed": "fast",
              "pass": true,
              "fail": false,
              "pending": false,
              "context": null,
              "code": "loginP.SouceLogin('', _user.default.validUser.password);\nloginP.errorMessage().should('have.text', 'Epic sadface: Username is required');",
              "err": {},
              "uuid": "1021c647-1024-4eff-aeba-7852ae0f4e54",
              "parentUUID": "e159a7a3-0c99-4da3-a45e-905110ad67f0",
              "isHook": false,
              "skipped": false
            },
            {
              "title": "Should not allow login with blank password",
              "fullTitle": "Invalid LOGIN Tests Should not allow login with blank password",
              "timedOut": null,
              "duration": 1343,
              "state": "passed",
              "speed": "fast",
              "pass": true,
              "fail": false,
              "pending": false,
              "context": null,
              "code": "loginP.SouceLogin(_user.default.validUser.username, '');\nloginP.errorMessage().should('have.text', 'Epic sadface: Password is required');",
              "err": {},
              "uuid": "4cc9a545-4ad2-4d5e-8d13-5f899f362dfd",
              "parentUUID": "e159a7a3-0c99-4da3-a45e-905110ad67f0",
              "isHook": false,
              "skipped": false
            },
            {
              "title": "Should not allow login with blank username and password",
              "fullTitle": "Invalid LOGIN Tests Should not allow login with blank username and password",
              "timedOut": null,
              "duration": 755,
              "state": "passed",
              "speed": "fast",
              "pass": true,
              "fail": false,
              "pending": false,
              "context": null,
              "code": "loginP.SouceLogin('', '');\nloginP.errorMessage().should('have.text', 'Epic sadface: Username is required');",
              "err": {},
              "uuid": "8c2f6ebf-7378-4823-8219-54c7018d747f",
              "parentUUID": "e159a7a3-0c99-4da3-a45e-905110ad67f0",
              "isHook": false,
              "skipped": false
            },
            {
              "title": "Should not allow login with special characters",
              "fullTitle": "Invalid LOGIN Tests Should not allow login with special characters",
              "timedOut": null,
              "duration": 1840,
              "state": "passed",
              "speed": "fast",
              "pass": true,
              "fail": false,
              "pending": false,
              "context": null,
              "code": "loginP.SouceLogin('!@#$%', '^&*()');\nloginP.errorMessage().should('have.text', 'Epic sadface: Username and password do not match any user in this service');",
              "err": {},
              "uuid": "097673dd-443d-4a22-a53a-7ff3f7b5e475",
              "parentUUID": "e159a7a3-0c99-4da3-a45e-905110ad67f0",
              "isHook": false,
              "skipped": false
            },
            {
              "title": "Should not allow login with SQL Injection",
              "fullTitle": "Invalid LOGIN Tests Should not allow login with SQL Injection",
              "timedOut": null,
              "duration": 1303,
              "state": "passed",
              "speed": "fast",
              "pass": true,
              "fail": false,
              "pending": false,
              "context": null,
              "code": "loginP.visit();\nloginP.SouceLogin('\\' OR \\'1\\'=\\'1', '\\' OR \\'1\\'=\\'1');\nloginP.errorMessage().should('have.text', 'Epic sadface: Username and password do not match any user in this service');",
              "err": {},
              "uuid": "6eeebd1b-9b8c-46cf-be05-2dd65bf6c4a7",
              "parentUUID": "e159a7a3-0c99-4da3-a45e-905110ad67f0",
              "isHook": false,
              "skipped": false
            },
            {
              "title": "Should not allow login with very long strings",
              "fullTitle": "Invalid LOGIN Tests Should not allow login with very long strings",
              "timedOut": null,
              "duration": 33242,
              "state": "passed",
              "speed": "slow",
              "pass": true,
              "fail": false,
              "pending": false,
              "context": null,
              "code": "const longString = 'a'.repeat(1000);\nloginP.SouceLogin(longString, longString);\nloginP.errorMessage().should('have.text', 'Epic sadface: Username and password do not match any user in this service');",
              "err": {},
              "uuid": "408fabef-9702-4b83-a5c6-78c932eb59c7",
              "parentUUID": "e159a7a3-0c99-4da3-a45e-905110ad67f0",
              "isHook": false,
              "skipped": false
            },
            {
              "title": "Should not allow login with whitespace only",
              "fullTitle": "Invalid LOGIN Tests Should not allow login with whitespace only",
              "timedOut": null,
              "duration": 1586,
              "state": "passed",
              "speed": "fast",
              "pass": true,
              "fail": false,
              "pending": false,
              "context": null,
              "code": "loginP.SouceLogin('     ', '     ');\nloginP.errorMessage().should('have.text', 'Epic sadface: Username and password do not match any user in this service');",
              "err": {},
              "uuid": "3c9ab7bc-8297-4511-9b1d-d2a101c9fd56",
              "parentUUID": "e159a7a3-0c99-4da3-a45e-905110ad67f0",
              "isHook": false,
              "skipped": false
            },
            {
              "title": "Should not allow login with case sensitive username",
              "fullTitle": "Invalid LOGIN Tests Should not allow login with case sensitive username",
              "timedOut": null,
              "duration": 1888,
              "state": "passed",
              "speed": "fast",
              "pass": true,
              "fail": false,
              "pending": false,
              "context": null,
              "code": "loginP.SouceLogin('STANDARD_USER', 'secret_sauce');\nloginP.errorMessage().should('have.text', 'Epic sadface: Username and password do not match any user in this service');",
              "err": {},
              "uuid": "891e03a4-58b6-4cc2-818a-510289f80411",
              "parentUUID": "e159a7a3-0c99-4da3-a45e-905110ad67f0",
              "isHook": false,
              "skipped": false
            },
            {
              "title": "Should not allow login with case sensitive password",
              "fullTitle": "Invalid LOGIN Tests Should not allow login with case sensitive password",
              "timedOut": null,
              "duration": 1312,
              "state": "passed",
              "speed": "fast",
              "pass": true,
              "fail": false,
              "pending": false,
              "context": null,
              "code": "loginP.SouceLogin('standard_user', 'SECRET_SAUCE');\nloginP.errorMessage().should('have.text', 'Epic sadface: Username and password do not match any user in this service');",
              "err": {},
              "uuid": "89788d30-56d1-459c-903c-b49e3c29c138",
              "parentUUID": "e159a7a3-0c99-4da3-a45e-905110ad67f0",
              "isHook": false,
              "skipped": false
            },
            {
              "title": "Should not allow login with leading/trailing spaces",
              "fullTitle": "Invalid LOGIN Tests Should not allow login with leading/trailing spaces",
              "timedOut": null,
              "duration": 1562,
              "state": "passed",
              "speed": "fast",
              "pass": true,
              "fail": false,
              "pending": false,
              "context": null,
              "code": "loginP.SouceLogin(' standard_user ', ' secret_sauce ');\nloginP.errorMessage().should('have.text', 'Epic sadface: Username and password do not match any user in this service');",
              "err": {},
              "uuid": "2a51c2cc-5ae6-4f6a-ad8e-dee92d5a6df3",
              "parentUUID": "e159a7a3-0c99-4da3-a45e-905110ad67f0",
              "isHook": false,
              "skipped": false
            },
            {
              "title": "Should not allow login with HTML/JS code",
              "fullTitle": "Invalid LOGIN Tests Should not allow login with HTML/JS code",
              "timedOut": null,
              "duration": 1588,
              "state": "passed",
              "speed": "fast",
              "pass": true,
              "fail": false,
              "pending": false,
              "context": null,
              "code": "loginP.SouceLogin('<script>alert(1)</script>', '<b>bold</b>');\nloginP.errorMessage().should('have.text', 'Epic sadface: Username and password do not match any user in this service');",
              "err": {},
              "uuid": "046332f5-04d3-419c-b3fb-0c2bdd9992e8",
              "parentUUID": "e159a7a3-0c99-4da3-a45e-905110ad67f0",
              "isHook": false,
              "skipped": false
            },
            {
              "title": "Should not allow login with Unicode characters",
              "fullTitle": "Invalid LOGIN Tests Should not allow login with Unicode characters",
              "timedOut": null,
              "duration": 898,
              "state": "passed",
              "speed": "fast",
              "pass": true,
              "fail": false,
              "pending": false,
              "context": null,
              "code": "loginP.SouceLogin('用户', '密码');\nloginP.errorMessage().should('have.text', 'Epic sadface: Username and password do not match any user in this service');",
              "err": {},
              "uuid": "3da46e12-3bda-40d1-80b4-e00cea60e562",
              "parentUUID": "e159a7a3-0c99-4da3-a45e-905110ad67f0",
              "isHook": false,
              "skipped": false
            },
            {
              "title": "Should not allow login with emojis",
              "fullTitle": "Invalid LOGIN Tests Should not allow login with emojis",
              "timedOut": null,
              "duration": 984,
              "state": "passed",
              "speed": "fast",
              "pass": true,
              "fail": false,
              "pending": false,
              "context": null,
              "code": "loginP.SouceLogin('😀😃😄', '😁😆😅');\nloginP.errorMessage().should('have.text', 'Epic sadface: Username and password do not match any user in this service');",
              "err": {},
              "uuid": "f4b05804-41b0-4160-959b-a7c94e69d43a",
              "parentUUID": "e159a7a3-0c99-4da3-a45e-905110ad67f0",
              "isHook": false,
              "skipped": false
            },
            {
              "title": "Should not allow login with SQL keywords",
              "fullTitle": "Invalid LOGIN Tests Should not allow login with SQL keywords",
              "timedOut": null,
              "duration": 1476,
              "state": "passed",
              "speed": "fast",
              "pass": true,
              "fail": false,
              "pending": false,
              "context": null,
              "code": "loginP.SouceLogin('SELECT * FROM users', 'DROP TABLE users');\nloginP.errorMessage().should('have.text', 'Epic sadface: Username and password do not match any user in this service');",
              "err": {},
              "uuid": "e7eb1dd8-abb5-4355-bed2-9191b6273fb7",
              "parentUUID": "e159a7a3-0c99-4da3-a45e-905110ad67f0",
              "isHook": false,
              "skipped": false
            },
            {
              "title": "Should not allow login with script tags",
              "fullTitle": "Invalid LOGIN Tests Should not allow login with script tags",
              "timedOut": null,
              "duration": 2919,
              "state": "passed",
              "speed": "fast",
              "pass": true,
              "fail": false,
              "pending": false,
              "context": null,
              "code": "loginP.SouceLogin('<script>maliciousCode()</script>', '<img src=x onerror=alert(1)>');\nloginP.errorMessage().should('have.text', 'Epic sadface: Username and password do not match any user in this service');",
              "err": {},
              "uuid": "768365e8-9abd-4c5a-bcfa-38951ee25660",
              "parentUUID": "e159a7a3-0c99-4da3-a45e-905110ad67f0",
              "isHook": false,
              "skipped": false
            },
            {
              "title": "Should not allow login with SQL comments",
              "fullTitle": "Invalid LOGIN Tests Should not allow login with SQL comments",
              "timedOut": null,
              "duration": 2192,
              "state": "passed",
              "speed": "fast",
              "pass": true,
              "fail": false,
              "pending": false,
              "context": null,
              "code": "loginP.SouceLogin('standard_user--', 'secret_sauce--');\nloginP.errorMessage().should('have.text', 'Epic sadface: Username and password do not match any user in this service');",
              "err": {},
              "uuid": "2e25d3c1-dbb4-4577-a74d-b74c20c571ba",
              "parentUUID": "e159a7a3-0c99-4da3-a45e-905110ad67f0",
              "isHook": false,
              "skipped": false
            },
            {
              "title": "Should not allow login with mixed valid/invalid credentials",
              "fullTitle": "Invalid LOGIN Tests Should not allow login with mixed valid/invalid credentials",
              "timedOut": null,
              "duration": 1625,
              "state": "passed",
              "speed": "fast",
              "pass": true,
              "fail": false,
              "pending": false,
              "context": null,
              "code": "loginP.SouceLogin('standard_user', 'wrong_password');\nloginP.errorMessage().should('have.text', 'Epic sadface: Username and password do not match any user in this service');",
              "err": {},
              "uuid": "14ce113a-d2a4-4525-87ba-60ae5aa99f41",
              "parentUUID": "e159a7a3-0c99-4da3-a45e-905110ad67f0",
              "isHook": false,
              "skipped": false
            },
            {
              "title": "Should not allow login with empty strings",
              "fullTitle": "Invalid LOGIN Tests Should not allow login with empty strings",
              "timedOut": null,
              "duration": 1400,
              "state": "passed",
              "speed": "fast",
              "pass": true,
              "fail": false,
              "pending": false,
              "context": null,
              "code": "loginP.SouceLogin(String.fromCharCode(0), String.fromCharCode(0));\nloginP.errorMessage().should('have.text', 'Epic sadface: Username and password do not match any user in this service');",
              "err": {},
              "uuid": "2f846015-cc41-414b-975b-a09932af1971",
              "parentUUID": "e159a7a3-0c99-4da3-a45e-905110ad67f0",
              "isHook": false,
              "skipped": false
            },
            {
              "title": "Should not allow login with very long username and short password",
              "fullTitle": "Invalid LOGIN Tests Should not allow login with very long username and short password",
              "timedOut": null,
              "duration": 0,
              "state": "pending",
              "speed": null,
              "pass": false,
              "fail": false,
              "pending": true,
              "context": null,
              "code": "const longUsername = 'a'.repeat(1000);\nloginP.SouceLogin(longUsername, 'short');\nloginP.errorMessage().should('have.text', 'Epic sadface: Username and password do not match any user in this service');",
              "err": {},
              "uuid": "aa03947c-07f1-4bae-a931-2dffe07da998",
              "parentUUID": "e159a7a3-0c99-4da3-a45e-905110ad67f0",
              "isHook": false,
              "skipped": false
            },
            {
              "title": "Should not allow login with short username and very long password",
              "fullTitle": "Invalid LOGIN Tests Should not allow login with short username and very long password",
              "timedOut": null,
              "duration": 0,
              "state": "pending",
              "speed": null,
              "pass": false,
              "fail": false,
              "pending": true,
              "context": null,
              "code": "const longPassword = 'b'.repeat(1000);\nloginP.SouceLogin('short', longPassword);\nloginP.errorMessage().should('have.text', 'Epic sadface: Username and password do not match any user in this service');",
              "err": {},
              "uuid": "cbca74a2-37c3-416e-9401-96f318cd53fc",
              "parentUUID": "e159a7a3-0c99-4da3-a45e-905110ad67f0",
              "isHook": false,
              "skipped": false
            }
          ],
          "suites": [],
          "passes": [
            "47b117db-9412-45d4-bcbd-d690616883d5",
            "87b37705-83d7-4d3b-a026-4591ac2b2666",
            "1021c647-1024-4eff-aeba-7852ae0f4e54",
            "4cc9a545-4ad2-4d5e-8d13-5f899f362dfd",
            "8c2f6ebf-7378-4823-8219-54c7018d747f",
            "097673dd-443d-4a22-a53a-7ff3f7b5e475",
            "6eeebd1b-9b8c-46cf-be05-2dd65bf6c4a7",
            "408fabef-9702-4b83-a5c6-78c932eb59c7",
            "3c9ab7bc-8297-4511-9b1d-d2a101c9fd56",
            "891e03a4-58b6-4cc2-818a-510289f80411",
            "89788d30-56d1-459c-903c-b49e3c29c138",
            "2a51c2cc-5ae6-4f6a-ad8e-dee92d5a6df3",
            "046332f5-04d3-419c-b3fb-0c2bdd9992e8",
            "3da46e12-3bda-40d1-80b4-e00cea60e562",
            "f4b05804-41b0-4160-959b-a7c94e69d43a",
            "e7eb1dd8-abb5-4355-bed2-9191b6273fb7",
            "768365e8-9abd-4c5a-bcfa-38951ee25660",
            "2e25d3c1-dbb4-4577-a74d-b74c20c571ba",
            "14ce113a-d2a4-4525-87ba-60ae5aa99f41",
            "2f846015-cc41-414b-975b-a09932af1971"
          ],
          "failures": [],
          "pending": [
            "aa03947c-07f1-4bae-a931-2dffe07da998",
            "cbca74a2-37c3-416e-9401-96f318cd53fc"
          ],
          "skipped": [],
          "duration": 61795,
          "root": false,
          "rootEmpty": false,
          "_timeout": 2000
        }
      ],
      "passes": [],
      "failures": [],
      "pending": [],
      "skipped": [],
      "duration": 0,
      "root": true,
      "rootEmpty": true,
      "_timeout": 2000
    }
  ],
  "meta": {
    "mocha": {
      "version": "7.2.0"
    },
    "mochawesome": {
      "options": {
        "quiet": false,
        "reportFilename": "mochawesome",
        "saveHtml": true,
        "saveJson": true,
        "consoleReporter": "spec",
        "useInlineDiffs": false,
        "code": true
      },
      "version": "7.1.4"
    },
    "marge": {
      "options": {
        "reportDir": "cypress/reports/mochawesome",
        "overwrite": false,
        "html": true,
        "json": true
      },
      "version": "6.3.2"
    }
  }
}