{
  "stats": {
    "suites": 1,
    "tests": 8,
    "passes": 8,
    "pending": 0,
    "failures": 0,
    "start": "2026-01-10T09:08:27.167Z",
    "end": "2026-01-10T09:08:42.367Z",
    "duration": 15200,
    "testsRegistered": 8,
    "passPercent": 100,
    "pendingPercent": 0,
    "other": 0,
    "hasOther": false,
    "skipped": 0,
    "hasSkipped": false
  },
  "results": [
    {
      "uuid": "4b1c41a6-b5c0-4438-9d96-5495697aab11",
      "title": "",
      "fullFile": "cypress\\e2e\\checkout.cy.js",
      "file": "cypress\\e2e\\checkout.cy.js",
      "beforeHooks": [],
      "afterHooks": [],
      "tests": [],
      "suites": [
        {
          "uuid": "3941c21b-0f98-4541-8d1f-a639d7d2ba0d",
          "title": "Checkout Page Tests",
          "fullFile": "",
          "file": "",
          "beforeHooks": [],
          "afterHooks": [],
          "tests": [
            {
              "title": "Verify Checkout Button Visibility",
              "fullTitle": "Checkout Page Tests Verify Checkout Button Visibility",
              "timedOut": null,
              "duration": 2855,
              "state": "passed",
              "speed": "fast",
              "pass": true,
              "fail": false,
              "pending": false,
              "context": null,
              "code": "inventoryP.getFirstItemBtn().click();\ninventoryP.cartLink().click();\ncheckoutP.checkOutBtn().should('be.visible');",
              "err": {},
              "uuid": "a87261ea-1010-4fcd-bcb4-bf3e73878b0f",
              "parentUUID": "3941c21b-0f98-4541-8d1f-a639d7d2ba0d",
              "isHook": false,
              "skipped": false
            },
            {
              "title": "Verify Checkout Button Enabled",
              "fullTitle": "Checkout Page Tests Verify Checkout Button Enabled",
              "timedOut": null,
              "duration": 1664,
              "state": "passed",
              "speed": "fast",
              "pass": true,
              "fail": false,
              "pending": false,
              "context": null,
              "code": "inventoryP.getFirstItemBtn().click();\ninventoryP.cartLink().click();\ncheckoutP.checkOutBtn().should('be.enabled');",
              "err": {},
              "uuid": "f84b1ca3-ee61-490e-9870-6edd86138bbd",
              "parentUUID": "3941c21b-0f98-4541-8d1f-a639d7d2ba0d",
              "isHook": false,
              "skipped": false
            },
            {
              "title": "Verify Checkout Button Disabled Negative Test",
              "fullTitle": "Checkout Page Tests Verify Checkout Button Disabled Negative Test",
              "timedOut": null,
              "duration": 2103,
              "state": "passed",
              "speed": "fast",
              "pass": true,
              "fail": false,
              "pending": false,
              "context": null,
              "code": "inventoryP.getFirstItemBtn().click();\ninventoryP.cartLink().click();\ncheckoutP.checkOutBtn().should('not.be.disabled');",
              "err": {},
              "uuid": "412fbac2-9271-467a-a437-276e3d573d2d",
              "parentUUID": "3941c21b-0f98-4541-8d1f-a639d7d2ba0d",
              "isHook": false,
              "skipped": false
            },
            {
              "title": "Verify Checkout Button Text Negative Test",
              "fullTitle": "Checkout Page Tests Verify Checkout Button Text Negative Test",
              "timedOut": null,
              "duration": 1346,
              "state": "passed",
              "speed": "fast",
              "pass": true,
              "fail": false,
              "pending": false,
              "context": null,
              "code": "inventoryP.getFirstItemBtn().click();\ninventoryP.cartLink().click();\ncheckoutP.checkOutBtn().should('not.have.text', 'CHECKOUT123');",
              "err": {},
              "uuid": "ddf5e9a5-d2ef-46f4-92aa-acbad6e7443a",
              "parentUUID": "3941c21b-0f98-4541-8d1f-a639d7d2ba0d",
              "isHook": false,
              "skipped": false
            },
            {
              "title": "Verify Checkout Button Count",
              "fullTitle": "Checkout Page Tests Verify Checkout Button Count",
              "timedOut": null,
              "duration": 1518,
              "state": "passed",
              "speed": "fast",
              "pass": true,
              "fail": false,
              "pending": false,
              "context": null,
              "code": "inventoryP.getFirstItemBtn().click();\ninventoryP.cartLink().click();\ncheckoutP.checkOutBtn().its('length').should('eq', 1);",
              "err": {},
              "uuid": "ae8d70f6-b508-4075-b8df-2754ad737615",
              "parentUUID": "3941c21b-0f98-4541-8d1f-a639d7d2ba0d",
              "isHook": false,
              "skipped": false
            },
            {
              "title": "Verify Checkout Button Functionality",
              "fullTitle": "Checkout Page Tests Verify Checkout Button Functionality",
              "timedOut": null,
              "duration": 1605,
              "state": "passed",
              "speed": "fast",
              "pass": true,
              "fail": false,
              "pending": false,
              "context": null,
              "code": "inventoryP.getFirstItemBtn().click();\ninventoryP.cartLink().click();\ncheckoutP.checkOutBtn().click();\ncy.url().should('include', 'checkout-step-one.html');",
              "err": {},
              "uuid": "6d3c41c6-b078-46f9-879c-2c10fcd2264b",
              "parentUUID": "3941c21b-0f98-4541-8d1f-a639d7d2ba0d",
              "isHook": false,
              "skipped": false
            },
            {
              "title": "Verify Checkout Page Title",
              "fullTitle": "Checkout Page Tests Verify Checkout Page Title",
              "timedOut": null,
              "duration": 1685,
              "state": "passed",
              "speed": "fast",
              "pass": true,
              "fail": false,
              "pending": false,
              "context": null,
              "code": "inventoryP.getFirstItemBtn().click();\ninventoryP.cartLink().click();\ncheckoutP.checkOutBtn().click();\ncy.url().should('include', 'checkout-step-one.html');\ncheckoutP.checkOutTitle().should('have.text', 'Checkout: Your Information');",
              "err": {},
              "uuid": "6c5dca52-48e2-4097-958f-16d723490372",
              "parentUUID": "3941c21b-0f98-4541-8d1f-a639d7d2ba0d",
              "isHook": false,
              "skipped": false
            },
            {
              "title": "Verify Checkout Page Title Negative Test",
              "fullTitle": "Checkout Page Tests Verify Checkout Page Title Negative Test",
              "timedOut": null,
              "duration": 1795,
              "state": "passed",
              "speed": "fast",
              "pass": true,
              "fail": false,
              "pending": false,
              "context": null,
              "code": "inventoryP.getFirstItemBtn().click();\ninventoryP.cartLink().click();\ncheckoutP.checkOutBtn().click();\ncy.url().should('include', 'checkout-step-one.html');\ncheckoutP.checkOutTitle().should('not.have.text', 'Checkout: Your Information123');",
              "err": {},
              "uuid": "2f08e3d7-5861-4ac4-b368-0f9c98cc61be",
              "parentUUID": "3941c21b-0f98-4541-8d1f-a639d7d2ba0d",
              "isHook": false,
              "skipped": false
            }
          ],
          "suites": [],
          "passes": [
            "a87261ea-1010-4fcd-bcb4-bf3e73878b0f",
            "f84b1ca3-ee61-490e-9870-6edd86138bbd",
            "412fbac2-9271-467a-a437-276e3d573d2d",
            "ddf5e9a5-d2ef-46f4-92aa-acbad6e7443a",
            "ae8d70f6-b508-4075-b8df-2754ad737615",
            "6d3c41c6-b078-46f9-879c-2c10fcd2264b",
            "6c5dca52-48e2-4097-958f-16d723490372",
            "2f08e3d7-5861-4ac4-b368-0f9c98cc61be"
          ],
          "failures": [],
          "pending": [],
          "skipped": [],
          "duration": 14571,
          "root": false,
          "rootEmpty": false,
          "_timeout": 2000
        }
      ],
      "passes": [],
      "failures": [],
      "pending": [],
      "skipped": [],
      "duration": 0,
      "root": true,
      "rootEmpty": true,
      "_timeout": 2000
    }
  ],
  "meta": {
    "mocha": {
      "version": "7.2.0"
    },
    "mochawesome": {
      "options": {
        "quiet": false,
        "reportFilename": "mochawesome",
        "saveHtml": true,
        "saveJson": true,
        "consoleReporter": "spec",
        "useInlineDiffs": false,
        "code": true
      },
      "version": "7.1.4"
    },
    "marge": {
      "options": {
        "reportDir": "cypress/reports/mochawesome",
        "overwrite": false,
        "html": true,
        "json": true
      },
      "version": "6.3.2"
    }
  }
}