{
  "stats": {
    "suites": 1,
    "tests": 20,
    "passes": 20,
    "pending": 1,
    "failures": -1,
    "start": "2025-12-28T15:43:43.990Z",
    "end": "2025-12-28T15:44:18.215Z",
    "duration": 34225,
    "testsRegistered": 21,
    "passPercent": 100,
    "pendingPercent": 4.761904761904762,
    "other": 1,
    "hasOther": true,
    "skipped": 0,
    "hasSkipped": false
  },
  "results": [
    {
      "uuid": "200ad165-0658-49f5-9346-e30650b674b6",
      "title": "",
      "fullFile": "cypress\\e2e\\inventory.cy.js",
      "file": "cypress\\e2e\\inventory.cy.js",
      "beforeHooks": [],
      "afterHooks": [],
      "tests": [],
      "suites": [
        {
          "uuid": "ffc3f785-89d9-4ee9-b030-96620d93a03b",
          "title": "Invertory Page Tests",
          "fullFile": "",
          "file": "",
          "beforeHooks": [],
          "afterHooks": [],
          "tests": [
            {
              "title": "Verify Page Title on Inventory Page",
              "fullTitle": "Invertory Page Tests Verify Page Title on Inventory Page",
              "timedOut": null,
              "duration": 2414,
              "state": "passed",
              "speed": "fast",
              "pass": true,
              "fail": false,
              "pending": false,
              "context": null,
              "code": "cy.url().should('include', 'inventory.html');\ninventoryP.getPageTitle().should('have.text', 'Products');",
              "err": {},
              "uuid": "d7b71539-9e04-4a7c-bb23-cfa4adcfdb69",
              "parentUUID": "ffc3f785-89d9-4ee9-b030-96620d93a03b",
              "isHook": false,
              "skipped": false
            },
            {
              "title": "Verify Items Count on Inventory Page",
              "fullTitle": "Invertory Page Tests Verify Items Count on Inventory Page",
              "timedOut": null,
              "duration": 1335,
              "state": "passed",
              "speed": "fast",
              "pass": true,
              "fail": false,
              "pending": false,
              "context": null,
              "code": "cy.getByTest('inventory-item').should('have.length', 6);",
              "err": {},
              "uuid": "503e4edd-c918-4032-ae6c-aa6c97636d24",
              "parentUUID": "ffc3f785-89d9-4ee9-b030-96620d93a03b",
              "isHook": false,
              "skipped": false
            },
            {
              "title": "Verify First Item Name on Inventory Page",
              "fullTitle": "Invertory Page Tests Verify First Item Name on Inventory Page",
              "timedOut": null,
              "duration": 1313,
              "state": "passed",
              "speed": "fast",
              "pass": true,
              "fail": false,
              "pending": false,
              "context": null,
              "code": "inventoryP.getItemNames().first().should('have.text', 'Sauce Labs Backpack');",
              "err": {},
              "uuid": "8b24dfb3-b3fa-4aeb-9d0a-01b86867fcab",
              "parentUUID": "ffc3f785-89d9-4ee9-b030-96620d93a03b",
              "isHook": false,
              "skipped": false
            },
            {
              "title": "Verify Last Item Name on Inventory Page",
              "fullTitle": "Invertory Page Tests Verify Last Item Name on Inventory Page",
              "timedOut": null,
              "duration": 1234,
              "state": "passed",
              "speed": "fast",
              "pass": true,
              "fail": false,
              "pending": false,
              "context": null,
              "code": "inventoryP.getItemNames().last().should('have.text', 'Test.allTheThings() T-Shirt (Red)');",
              "err": {},
              "uuid": "860506ad-6195-4d12-b97f-5345ced47020",
              "parentUUID": "ffc3f785-89d9-4ee9-b030-96620d93a03b",
              "isHook": false,
              "skipped": false
            },
            {
              "title": "Verify Inventory Items have Add to Cart Button",
              "fullTitle": "Invertory Page Tests Verify Inventory Items have Add to Cart Button",
              "timedOut": null,
              "duration": 1810,
              "state": "passed",
              "speed": "fast",
              "pass": true,
              "fail": false,
              "pending": false,
              "context": null,
              "code": "cy.getByTest('inventory-item').each($el => {\n  cy.wrap($el).find('button.btn_inventory').should('have.text', 'Add to cart');\n});",
              "err": {},
              "uuid": "1e1fdc3a-bbd4-4c0b-9ca9-39e95c51dcb3",
              "parentUUID": "ffc3f785-89d9-4ee9-b030-96620d93a03b",
              "isHook": false,
              "skipped": false
            },
            {
              "title": "Verify Inventory Items have Price",
              "fullTitle": "Invertory Page Tests Verify Inventory Items have Price",
              "timedOut": null,
              "duration": 1131,
              "state": "passed",
              "speed": "fast",
              "pass": true,
              "fail": false,
              "pending": false,
              "context": null,
              "code": "cy.getByTest('inventory-item').each($el => {\n  cy.wrap($el).find('div.inventory_item_price').should('exist');\n});",
              "err": {},
              "uuid": "114c1584-6f9f-4e60-805c-608f8bec9048",
              "parentUUID": "ffc3f785-89d9-4ee9-b030-96620d93a03b",
              "isHook": false,
              "skipped": false
            },
            {
              "title": "Verify Inventory Items have Image",
              "fullTitle": "Invertory Page Tests Verify Inventory Items have Image",
              "timedOut": null,
              "duration": 1158,
              "state": "passed",
              "speed": "fast",
              "pass": true,
              "fail": false,
              "pending": false,
              "context": null,
              "code": "cy.getByTest('inventory-item').each($el => {\n  cy.wrap($el).find('img.inventory_item_img').should('exist');\n});",
              "err": {},
              "uuid": "90486667-2854-4714-a2a4-1de1a486264e",
              "parentUUID": "ffc3f785-89d9-4ee9-b030-96620d93a03b",
              "isHook": false,
              "skipped": false
            },
            {
              "title": "Verify Inventory Items have Description",
              "fullTitle": "Invertory Page Tests Verify Inventory Items have Description",
              "timedOut": null,
              "duration": 1120,
              "state": "passed",
              "speed": "fast",
              "pass": true,
              "fail": false,
              "pending": false,
              "context": null,
              "code": "cy.getByTest('inventory-item').each($el => {\n  cy.wrap($el).find('div.inventory_item_desc').should('exist');\n});",
              "err": {},
              "uuid": "546d1ee0-46a2-479d-88f6-2857c044c75f",
              "parentUUID": "ffc3f785-89d9-4ee9-b030-96620d93a03b",
              "isHook": false,
              "skipped": false
            },
            {
              "title": "Verify Inventory Items have Remove Button after Adding to Cart",
              "fullTitle": "Invertory Page Tests Verify Inventory Items have Remove Button after Adding to Cart",
              "timedOut": null,
              "duration": 1212,
              "state": "passed",
              "speed": "fast",
              "pass": true,
              "fail": false,
              "pending": false,
              "context": null,
              "code": "inventoryP.getFirstItemBtn().click();\ninventoryP.getFirstItemBtn().should('have.text', 'Remove');",
              "err": {},
              "uuid": "9e394a57-c7a2-44a8-9688-a6cf1663573c",
              "parentUUID": "ffc3f785-89d9-4ee9-b030-96620d93a03b",
              "isHook": false,
              "skipped": false
            },
            {
              "title": "Add First Item to Cart",
              "fullTitle": "Invertory Page Tests Add First Item to Cart",
              "timedOut": null,
              "duration": 1223,
              "state": "passed",
              "speed": "fast",
              "pass": true,
              "fail": false,
              "pending": false,
              "context": null,
              "code": "inventoryP.getFirstItemBtn().click();\ncy.get('.shopping_cart_badge').should('have.text', '1');",
              "err": {},
              "uuid": "80f8eb25-d8b7-46fd-82d9-f397d8e41996",
              "parentUUID": "ffc3f785-89d9-4ee9-b030-96620d93a03b",
              "isHook": false,
              "skipped": false
            },
            {
              "title": "Add All Items to Cart",
              "fullTitle": "Invertory Page Tests Add All Items to Cart",
              "timedOut": null,
              "duration": 1742,
              "state": "passed",
              "speed": "fast",
              "pass": true,
              "fail": false,
              "pending": false,
              "context": null,
              "code": "cy.get('button.btn_inventory').each($el => {\n  cy.wrap($el).click();\n});\ncy.get('.shopping_cart_badge').should('have.text', '6');",
              "err": {},
              "uuid": "33d03746-3ccd-4b8a-9b92-806dfc19a4bb",
              "parentUUID": "ffc3f785-89d9-4ee9-b030-96620d93a03b",
              "isHook": false,
              "skipped": false
            },
            {
              "title": "Remove First Item from Cart",
              "fullTitle": "Invertory Page Tests Remove First Item from Cart",
              "timedOut": null,
              "duration": 6643,
              "state": "passed",
              "speed": "medium",
              "pass": true,
              "fail": false,
              "pending": false,
              "context": null,
              "code": "inventoryP.getFirstItemBtn().click();\ncy.get('.shopping_cart_badge').should('have.text', '1');\ninventoryP.getFirstItemBtn().click();\ncy.get('.shopping_cart_badge').should('not.exist');",
              "err": {},
              "uuid": "ac85f5d5-7ab1-49e9-8256-6b7ace9475ab",
              "parentUUID": "ffc3f785-89d9-4ee9-b030-96620d93a03b",
              "isHook": false,
              "skipped": false
            },
            {
              "title": "Remove All Items from Cart",
              "fullTitle": "Invertory Page Tests Remove All Items from Cart",
              "timedOut": null,
              "duration": 2483,
              "state": "passed",
              "speed": "fast",
              "pass": true,
              "fail": false,
              "pending": false,
              "context": null,
              "code": "cy.get('button.btn_inventory').each($el => {\n  cy.wrap($el).click();\n});\ncy.get('.shopping_cart_badge').should('have.text', '6');\ncy.get('button.btn_inventory').each($el => {\n  cy.wrap($el).click();\n});\ncy.get('.shopping_cart_badge').should('not.exist');",
              "err": {},
              "uuid": "42906733-71b8-4e5e-83a7-af859394ef9a",
              "parentUUID": "ffc3f785-89d9-4ee9-b030-96620d93a03b",
              "isHook": false,
              "skipped": false
            },
            {
              "title": "Navigate to Cart Page",
              "fullTitle": "Invertory Page Tests Navigate to Cart Page",
              "timedOut": null,
              "duration": 1243,
              "state": "passed",
              "speed": "fast",
              "pass": true,
              "fail": false,
              "pending": false,
              "context": null,
              "code": "inventoryP.getFirstItemBtn().click();\ninventoryP.cartLink().click();\ncy.url().should('include', 'cart.html');\ninventoryP.cartBadge().should('have.text', '1');",
              "err": {},
              "uuid": "accc3083-3d67-4738-8421-9dbbca4dd650",
              "parentUUID": "ffc3f785-89d9-4ee9-b030-96620d93a03b",
              "isHook": false,
              "skipped": false
            },
            {
              "title": "Verify Sorting Items by Name A to Z",
              "fullTitle": "Invertory Page Tests Verify Sorting Items by Name A to Z",
              "timedOut": null,
              "duration": 1191,
              "state": "passed",
              "speed": "fast",
              "pass": true,
              "fail": false,
              "pending": false,
              "context": null,
              "code": "cy.getByTest('product-sort-container').select('Name (A to Z)');\ninventoryP.getItemNames().first().should('have.text', 'Sauce Labs Backpack');\ninventoryP.getItemNames().last().should('have.text', 'Test.allTheThings() T-Shirt (Red)');",
              "err": {},
              "uuid": "926e69ac-ccc0-4ad3-a946-bb4006830907",
              "parentUUID": "ffc3f785-89d9-4ee9-b030-96620d93a03b",
              "isHook": false,
              "skipped": false
            },
            {
              "title": "Verify Sorting Items by Name Z to A",
              "fullTitle": "Invertory Page Tests Verify Sorting Items by Name Z to A",
              "timedOut": null,
              "duration": 1213,
              "state": "passed",
              "speed": "fast",
              "pass": true,
              "fail": false,
              "pending": false,
              "context": null,
              "code": "cy.getByTest('product-sort-container').select('Name (Z to A)');\ninventoryP.getItemNames().first().should('have.text', 'Test.allTheThings() T-Shirt (Red)');\ninventoryP.getItemNames().last().should('have.text', 'Sauce Labs Backpack');",
              "err": {},
              "uuid": "76786eb6-607a-41ce-a0f9-a6e9fedd4ea7",
              "parentUUID": "ffc3f785-89d9-4ee9-b030-96620d93a03b",
              "isHook": false,
              "skipped": false
            },
            {
              "title": "Verify Sorting Items by Price Low to High",
              "fullTitle": "Invertory Page Tests Verify Sorting Items by Price Low to High",
              "timedOut": null,
              "duration": 1203,
              "state": "passed",
              "speed": "fast",
              "pass": true,
              "fail": false,
              "pending": false,
              "context": null,
              "code": "cy.getByTest('product-sort-container').select('Price (low to high)');\ncy.getByTest('inventory-item-price').first().should('have.text', '$7.99');\ncy.getByTest('inventory-item-price').last().should('have.text', '$49.99');",
              "err": {},
              "uuid": "d889b1f8-e9c2-4b12-8e77-b7d489e73586",
              "parentUUID": "ffc3f785-89d9-4ee9-b030-96620d93a03b",
              "isHook": false,
              "skipped": false
            },
            {
              "title": "Verify Sorting Items by Price High to Low",
              "fullTitle": "Invertory Page Tests Verify Sorting Items by Price High to Low",
              "timedOut": null,
              "duration": 1186,
              "state": "passed",
              "speed": "fast",
              "pass": true,
              "fail": false,
              "pending": false,
              "context": null,
              "code": "cy.getByTest('product-sort-container').select('Price (high to low)');\ncy.getByTest('inventory-item-price').first().should('have.text', '$49.99');\ncy.getByTest('inventory-item-price').last().should('have.text', '$7.99');",
              "err": {},
              "uuid": "467e0c72-5613-48b0-ae64-3a4f0b8e3d62",
              "parentUUID": "ffc3f785-89d9-4ee9-b030-96620d93a03b",
              "isHook": false,
              "skipped": false
            },
            {
              "title": "Verify click on a product name navigates to the product detail page",
              "fullTitle": "Invertory Page Tests Verify click on a product name navigates to the product detail page",
              "timedOut": null,
              "duration": 1196,
              "state": "passed",
              "speed": "fast",
              "pass": true,
              "fail": false,
              "pending": false,
              "context": null,
              "code": "inventoryP.getFirstItemName().invoke('text').then(name => {\n  // cy.log(name);\n  inventoryP.getFirstItemName().click();\n  cy.url().should('include', 'inventory-item.html?id=');\n  cy.getByTest('inventory-item-name').should('have.text', name.trim());\n});",
              "err": {},
              "uuid": "9bc01967-d320-42c9-ad13-d6c1262a969a",
              "parentUUID": "ffc3f785-89d9-4ee9-b030-96620d93a03b",
              "isHook": false,
              "skipped": false
            },
            {
              "title": "Verify click on a product name navigate to the product detail page and back to inventory page",
              "fullTitle": "Invertory Page Tests Verify click on a product name navigate to the product detail page and back to inventory page",
              "timedOut": null,
              "duration": 0,
              "state": "pending",
              "speed": null,
              "pass": false,
              "fail": false,
              "pending": true,
              "context": null,
              "code": "inventoryP.getFirstItemName().invoke('text').then(name => {\n  cy.getByTest('inventory-item-desc').first().invoke('text').then(itemDesc => {\n    inventoryP.getFirstItemName().click();\n    cy.url().should('include', 'inventory-item.html?id=');\n    cy.getByTest('inventory-item-name').should('have.text', name.trim());\n    cy.getByTest('inventory-item-desc').should('have.text', itemDesc.trim());\n    cy.go('back');\n  });\n});",
              "err": {},
              "uuid": "d5db08e9-8770-44b2-adc4-2d5f18332981",
              "parentUUID": "ffc3f785-89d9-4ee9-b030-96620d93a03b",
              "isHook": false,
              "skipped": false
            },
            {
              "title": "Verify click on a product name navigate to the product detail page and back to inventory page",
              "fullTitle": "Invertory Page Tests Verify click on a product name navigate to the product detail page and back to inventory page",
              "timedOut": null,
              "duration": 1210,
              "state": "passed",
              "speed": "fast",
              "pass": true,
              "fail": false,
              "pending": false,
              "context": null,
              "code": "inventoryP.getFirstItemName().invoke('text').as('firstItemName');\ncy.getByTest('inventory-item-desc').first().invoke('text').as('firstItemDesc');\ninventoryP.getFirstItemName().click();\ncy.url().should('include', 'inventory-item.html?id=');\ncy.get('@firstItemName').then(name => {\n  cy.getByTest('inventory-item-name').should('have.text', name.trim());\n});\ncy.get('@firstItemDesc').then(itemDesc => {\n  cy.getByTest('inventory-item-desc').should('have.text', itemDesc.trim());\n});\n/*\nthis .go function to go back to previous page of browser history\n this function use \n  going back ('back') or (-1)\n    going forward ('forward') or (1)\n*/\ncy.go('back');",
              "err": {},
              "uuid": "5e93c846-9b10-49a2-8097-07837d278314",
              "parentUUID": "ffc3f785-89d9-4ee9-b030-96620d93a03b",
              "isHook": false,
              "skipped": false
            }
          ],
          "suites": [],
          "passes": [
            "d7b71539-9e04-4a7c-bb23-cfa4adcfdb69",
            "503e4edd-c918-4032-ae6c-aa6c97636d24",
            "8b24dfb3-b3fa-4aeb-9d0a-01b86867fcab",
            "860506ad-6195-4d12-b97f-5345ced47020",
            "1e1fdc3a-bbd4-4c0b-9ca9-39e95c51dcb3",
            "114c1584-6f9f-4e60-805c-608f8bec9048",
            "90486667-2854-4714-a2a4-1de1a486264e",
            "546d1ee0-46a2-479d-88f6-2857c044c75f",
            "9e394a57-c7a2-44a8-9688-a6cf1663573c",
            "80f8eb25-d8b7-46fd-82d9-f397d8e41996",
            "33d03746-3ccd-4b8a-9b92-806dfc19a4bb",
            "ac85f5d5-7ab1-49e9-8256-6b7ace9475ab",
            "42906733-71b8-4e5e-83a7-af859394ef9a",
            "accc3083-3d67-4738-8421-9dbbca4dd650",
            "926e69ac-ccc0-4ad3-a946-bb4006830907",
            "76786eb6-607a-41ce-a0f9-a6e9fedd4ea7",
            "d889b1f8-e9c2-4b12-8e77-b7d489e73586",
            "467e0c72-5613-48b0-ae64-3a4f0b8e3d62",
            "9bc01967-d320-42c9-ad13-d6c1262a969a",
            "5e93c846-9b10-49a2-8097-07837d278314"
          ],
          "failures": [],
          "pending": [
            "d5db08e9-8770-44b2-adc4-2d5f18332981"
          ],
          "skipped": [],
          "duration": 33260,
          "root": false,
          "rootEmpty": false,
          "_timeout": 2000
        }
      ],
      "passes": [],
      "failures": [],
      "pending": [],
      "skipped": [],
      "duration": 0,
      "root": true,
      "rootEmpty": true,
      "_timeout": 2000
    }
  ],
  "meta": {
    "mocha": {
      "version": "7.2.0"
    },
    "mochawesome": {
      "options": {
        "quiet": false,
        "reportFilename": "mochawesome",
        "saveHtml": true,
        "saveJson": true,
        "consoleReporter": "spec",
        "useInlineDiffs": false,
        "code": true
      },
      "version": "7.1.4"
    },
    "marge": {
      "options": {
        "reportDir": "cypress/reports/mochawesome",
        "overwrite": false,
        "html": true,
        "json": true
      },
      "version": "6.3.2"
    }
  }
}